<?xml version="1.0" encoding="UTF-8"?>
<!-- Generated by org.testng.reporters.JUnitXMLReporter -->
<testsuite ignored="0" hostname="Chaya" failures="0" tests="4" name="Test2" time="21.639" errors="0" timestamp="2024-10-16T11:49:57 EDT">
  <testcase classname="StepDefination.SigninPositiveNegativeLogin" name="LoginTest" time="2.547"/>
  <testcase classname="StepDefination.SigninPositiveNegativeLogin" name="LoginTest" time="2.852"/>
  <testcase classname="StepDefination.SigninPositiveNegativeLogin" name="LoginTest" time="1.73"/>
  <testcase classname="StepDefination.SigninPositiveNegativeLogin" name="LoginTest" time="1.343"/>
</testsuite> <!-- Test2 -->
