<?xml version="1.0" encoding="UTF-8"?>
<!-- Generated by org.testng.reporters.JUnitXMLReporter -->
<testsuite ignored="0" hostname="LAPTOP-P2QE43U4" failures="0" tests="4" name="Test3" time="23.906" errors="0" timestamp="2024-10-19T06:23:14 CDT">
  <testcase classname="StepDefination.GraphsFile" name="Graph_Representation" time="1.936"/>
  <testcase classname="StepDefination.GraphsFile" name="Graph_Representation" time="1.955"/>
  <testcase classname="StepDefination.GraphsFile" name="graphs_Topic" time="1.998"/>
  <testcase classname="StepDefination.GraphsFile" name="graphs_Topic" time="1.756"/>
</testsuite> <!-- Test3 -->
