<?xml version="1.0" encoding="UTF-8"?>
<!-- Generated by org.testng.reporters.JUnitXMLReporter -->
<testsuite ignored="0" hostname="LAPTOP-P2QE43U4" failures="0" tests="6" name="Test7" time="106.256" errors="0" timestamp="2024-10-18T12:30:08 CDT">
  <testcase classname="StepDefination.StackClassFile" name="Valid_Stackpane" time="4.28"/>
  <testcase classname="StepDefination.StackClassFile" name="Valid_Stackpane" time="13.022"/>
  <testcase classname="StepDefination.StackClassFile" name="Valid_Stackpane" time="3.872"/>
  <testcase classname="StepDefination.StackClassFile" name="invalid_Stackpan" time="14.755"/>
  <testcase classname="StepDefination.StackClassFile" name="invalid_Stackpan" time="13.242"/>
  <testcase classname="StepDefination.StackClassFile" name="invalid_Stackpan" time="11.821"/>
</testsuite> <!-- Test7 -->
