<?xml version="1.0" encoding="UTF-8"?>
<!-- Generated by org.testng.reporters.JUnitXMLReporter -->
<testsuite ignored="0" hostname="LAPTOP-P2QE43U4" failures="0" tests="8" name="Test6" time="159.818" errors="0" timestamp="2024-10-22T08:52:42 CDT">
  <testcase classname="TestClasses.QueuesFile" name="queues_paneIn" time="6.863"/>
  <testcase classname="TestClasses.QueuesFile" name="queues_paneIn" time="8.49"/>
  <testcase classname="TestClasses.QueuesFile" name="queues_paneIn" time="12.665"/>
  <testcase classname="TestClasses.QueuesFile" name="queues_paneIn" time="15.393"/>
  <testcase classname="TestClasses.QueuesFile" name="queues_pane_validcode" time="14.285"/>
  <testcase classname="TestClasses.QueuesFile" name="queues_pane_validcode" time="4.954"/>
  <testcase classname="TestClasses.QueuesFile" name="queues_pane_validcode" time="13.14"/>
  <testcase classname="TestClasses.QueuesFile" name="queues_pane_validcode" time="10.339"/>
</testsuite> <!-- Test6 -->
