<?xml version="1.0" encoding="UTF-8"?>
<!-- Generated by org.testng.reporters.JUnitXMLReporter -->
<testsuite ignored="0" hostname="LAPTOP-P2QE43U4" failures="0" tests="4" name="Test6" time="20.456" errors="0" timestamp="2024-10-13T05:51:27 CDT">
  <testcase classname="StepDefination.SigninPositiveNegativeLogin" name="LoginTest" time="1.569"/>
  <testcase classname="StepDefination.SigninPositiveNegativeLogin" name="LoginTest" time="2.063"/>
  <testcase classname="StepDefination.SigninPositiveNegativeLogin" name="LoginTest" time="0.712"/>
  <testcase classname="StepDefination.SigninPositiveNegativeLogin" name="LoginTest" time="0.683"/>
</testsuite> <!-- Test6 -->
