<?xml version="1.0" encoding="UTF-8"?>
<!-- Generated by org.testng.reporters.JUnitXMLReporter -->
<testsuite ignored="0" hostname="LAPTOP-P2QE43U4" failures="0" tests="9" name="Test1" time="90.613" errors="0" timestamp="2024-10-15T04:44:05 CDT">
  <testcase classname="StepDefination.Parent" name="username_password" time="6.082"/>
  <testcase classname="StepDefination.QueuesStepDefinition" name="queues_paneIn" time="5.489"/>
  <testcase classname="StepDefination.QueuesStepDefinition" name="queues_paneIn" time="3.428"/>
  <testcase classname="StepDefination.QueuesStepDefinition" name="queues_paneIn" time="2.4"/>
  <testcase classname="StepDefination.QueuesStepDefinition" name="queues_paneIn" time="3.206"/>
  <testcase classname="StepDefination.QueuesStepDefinition" name="queues_pane_validcode" time="2.29"/>
  <testcase classname="StepDefination.QueuesStepDefinition" name="queues_pane_validcode" time="2.454"/>
  <testcase classname="StepDefination.QueuesStepDefinition" name="queues_pane_validcode" time="2.404"/>
  <testcase classname="StepDefination.QueuesStepDefinition" name="queues_pane_validcode" time="2.795"/>
</testsuite> <!-- Test1 -->
