<?xml version="1.0" encoding="UTF-8"?>
<!-- Generated by org.testng.reporters.JUnitXMLReporter -->
<testsuite ignored="0" hostname="LAPTOP-P2QE43U4" failures="0" tests="4" name="Test3" time="135.505" errors="0" timestamp="2024-10-22T08:50:50 CDT">
  <testcase classname="TestClasses.GraphsFile" name="Graph_Representation" time="7.994"/>
  <testcase classname="TestClasses.GraphsFile" name="Graph_Representation" time="33.684"/>
  <testcase classname="TestClasses.GraphsFile" name="graphs_Topic" time="14.578"/>
  <testcase classname="TestClasses.GraphsFile" name="graphs_Topic" time="23.521"/>
</testsuite> <!-- Test3 -->
