<?xml version="1.0" encoding="UTF-8"?>
<!-- Generated by org.testng.reporters.JUnitXMLReporter -->
<testsuite ignored="0" hostname="LAPTOP-P2QE43U4" failures="3" tests="5" name="Test10" time="47.678" errors="0" timestamp="2024-10-22T14:00:26 CDT">
  <testcase classname="TestClasses.RegistrationClassFile" name="enter_username_password_click_btn" time="1.218"/>
  <testcase classname="TestClasses.RegistrationClassFile" name="click_registration_link_and_user_is_in_registration_page" time="0.021">
    <failure type="java.lang.NullPointerException" message="Cannot invoke &amp;quot;Pageobjects.RegistrationPage.click_Register()&amp;quot; because &amp;quot;this.registerpage&amp;quot; is null">
      <![CDATA[java.lang.NullPointerException: Cannot invoke "Pageobjects.RegistrationPage.click_Register()" because "this.registerpage" is null
at TestClasses.RegistrationClassFile.click_registration_link_and_user_is_in_registration_page(RegistrationClassFile.java:20)
at java.base/java.util.ArrayList.forEach(ArrayList.java:1596)
at java.base/java.util.concurrent.FutureTask.run(FutureTask.java:317)
at java.base/java.util.concurrent.ThreadPoolExecutor.runWorker(ThreadPoolExecutor.java:1144)
at java.base/java.util.concurrent.ThreadPoolExecutor$Worker.run(ThreadPoolExecutor.java:642)
at java.base/java.lang.Thread.run(Thread.java:1583)
... Removed 15 stack frames]]>
    </failure>
  </testcase> <!-- click_registration_link_and_user_is_in_registration_page -->
  <testcase classname="TestClasses.RegistrationClassFile" name="user_enter_credentials" time="0.01">
    <failure type="java.lang.NullPointerException" message="Cannot invoke &amp;quot;Pageobjects.RegistrationPage.enter_username(String)&amp;quot; because &amp;quot;this.registerpage&amp;quot; is null">
      <![CDATA[java.lang.NullPointerException: Cannot invoke "Pageobjects.RegistrationPage.enter_username(String)" because "this.registerpage" is null
at TestClasses.RegistrationClassFile.user_enter_credentials(RegistrationClassFile.java:27)
at java.base/java.util.ArrayList.forEach(ArrayList.java:1596)
at java.base/java.util.concurrent.FutureTask.run(FutureTask.java:317)
at java.base/java.util.concurrent.ThreadPoolExecutor.runWorker(ThreadPoolExecutor.java:1144)
at java.base/java.util.concurrent.ThreadPoolExecutor$Worker.run(ThreadPoolExecutor.java:642)
at java.base/java.lang.Thread.run(Thread.java:1583)
... Removed 15 stack frames]]>
    </failure>
  </testcase> <!-- user_enter_credentials -->
  <testcase classname="TestClasses.RegistrationClassFile" name="clickRegisterbtn" time="0.008">
    <failure type="java.lang.NullPointerException" message="Cannot invoke &amp;quot;Pageobjects.RegistrationPage.click_register_button()&amp;quot; because &amp;quot;this.registerpage&amp;quot; is null">
      <![CDATA[java.lang.NullPointerException: Cannot invoke "Pageobjects.RegistrationPage.click_register_button()" because "this.registerpage" is null
at TestClasses.RegistrationClassFile.clickRegisterbtn(RegistrationClassFile.java:33)
at java.base/java.util.ArrayList.forEach(ArrayList.java:1596)
at java.base/java.util.concurrent.FutureTask.run(FutureTask.java:317)
at java.base/java.util.concurrent.ThreadPoolExecutor.runWorker(ThreadPoolExecutor.java:1144)
at java.base/java.util.concurrent.ThreadPoolExecutor$Worker.run(ThreadPoolExecutor.java:642)
at java.base/java.lang.Thread.run(Thread.java:1583)
... Removed 15 stack frames]]>
    </failure>
  </testcase> <!-- clickRegisterbtn -->
  <testcase classname="TestClasses.RegistrationClassFile" name="quitmethod" time="17.345"/>
</testsuite> <!-- Test10 -->
