<?xml version="1.0" encoding="UTF-8"?>
<!-- Generated by org.testng.reporters.JUnitXMLReporter -->
<testsuite ignored="0" hostname="LAPTOP-P2QE43U4" failures="0" tests="6" name="Test7" time="34.768" errors="0" timestamp="2024-10-19T06:26:08 CDT">
  <testcase classname="StepDefination.StackClassFile" name="Valid_Stackpane" time="1.878"/>
  <testcase classname="StepDefination.StackClassFile" name="Valid_Stackpane" time="1.847"/>
  <testcase classname="StepDefination.StackClassFile" name="Valid_Stackpane" time="1.781"/>
  <testcase classname="StepDefination.StackClassFile" name="invalid_Stackpan" time="2.04"/>
  <testcase classname="StepDefination.StackClassFile" name="invalid_Stackpan" time="1.907"/>
  <testcase classname="StepDefination.StackClassFile" name="invalid_Stackpan" time="1.835"/>
</testsuite> <!-- Test7 -->
