<?xml version="1.0" encoding="UTF-8"?>
<!-- Generated by org.testng.reporters.JUnitXMLReporter -->
<testsuite ignored="0" hostname="LAPTOP-P2QE43U4" failures="0" tests="4" name="Test2" time="56.211" errors="0" timestamp="2024-10-16T07:30:15 CDT">
  <testcase classname="StepDefination.SigninPositiveNegativeLogin" name="LoginTest" time="3.47"/>
  <testcase classname="StepDefination.SigninPositiveNegativeLogin" name="LoginTest" time="14.174"/>
  <testcase classname="StepDefination.SigninPositiveNegativeLogin" name="LoginTest" time="6.176"/>
  <testcase classname="StepDefination.SigninPositiveNegativeLogin" name="LoginTest" time="12.859"/>
</testsuite> <!-- Test2 -->
