<?xml version="1.0" encoding="UTF-8"?>
<!-- Generated by org.testng.reporters.JUnitXMLReporter -->
<testsuite ignored="0" hostname="LAPTOP-P2QE43U4" failures="0" tests="10" name="Test" time="53.124" errors="0" timestamp="2024-10-08T20:45:28 IST">
  <testcase classname="StepDefination.SigninPositiveNegativeLogin" name="LoginTest" time="1.916"/>
  <testcase classname="StepDefination.SigninPositiveNegativeLogin" name="LoginTest" time="1.937"/>
  <testcase classname="StepDefination.SigninPositiveNegativeLogin" name="LoginTest" time="2.35"/>
  <testcase classname="StepDefination.SigninPositiveNegativeLogin" name="LoginTest" time="1.476"/>
  <testcase classname="StepDefination.RegistratnStepDefination" name="callingobjects" time="4.45"/>
  <testcase classname="StepDefination.RegistratnStepDefination" name="enter_username_password_click_btn" time="2.4"/>
  <testcase classname="StepDefination.RegistratnStepDefination" name="click_registration_link_and_user_is_in_registration_page" time="0.57"/>
  <testcase classname="StepDefination.RegistratnStepDefination" name="user_enter_credentials" time="0.701"/>
  <testcase classname="StepDefination.RegistratnStepDefination" name="clickRegisterbtn" time="0.556"/>
  <testcase classname="StepDefination.RegistratnStepDefination" name="quitmethod" time="0.412"/>
</testsuite> <!-- Test -->
