<?xml version="1.0" encoding="UTF-8"?>
<!-- Generated by org.testng.reporters.JUnitXMLReporter -->
<testsuite ignored="0" hostname="LAPTOP-P2QE43U4" failures="0" tests="9" name="Test" time="117.08" errors="0" timestamp="2024-10-07T19:26:04 IST">
  <testcase classname="StepDefination.ArraysDocPageStepDefination" name="Arraypage" time="15.517"/>
  <testcase classname="StepDefination.ArraysDocPageStepDefination" name="Arraypage" time="4.554"/>
  <testcase classname="StepDefination.ArraysDocPageStepDefination" name="Arraypage" time="4.59"/>
  <testcase classname="StepDefination.ArraysDocPageStepDefination" name="Arraypage" time="4.633"/>
  <testcase classname="StepDefination.ArraysDocPageStepDefination" name="usingDp" time="4.745"/>
  <testcase classname="StepDefination.ArraysDocPageStepDefination" name="usingDp" time="4.653"/>
  <testcase classname="StepDefination.ArraysDocPageStepDefination" name="usingDp" time="4.469"/>
  <testcase classname="StepDefination.ArraysDocPageStepDefination" name="usingDp" time="4.385"/>
  <testcase classname="StepDefination.Parent" name="username_password" time="6.038"/>
</testsuite> <!-- Test -->
