<?xml version="1.0" encoding="UTF-8"?>
<!-- Generated by org.testng.reporters.JUnitXMLReporter -->
<testsuite ignored="0" hostname="LAPTOP-P2QE43U4" failures="0" tests="4" name="Test9" time="70.05" errors="0" timestamp="2024-10-22T08:53:56 CDT">
  <testcase classname="TestClasses.SigninPositiveNegativeLogin" name="LoginTest" time="4.799"/>
  <testcase classname="TestClasses.SigninPositiveNegativeLogin" name="LoginTest" time="12.897"/>
  <testcase classname="TestClasses.SigninPositiveNegativeLogin" name="LoginTest" time="17.363"/>
  <testcase classname="TestClasses.SigninPositiveNegativeLogin" name="LoginTest" time="16.899"/>
</testsuite> <!-- Test9 -->
