<?xml version="1.0" encoding="UTF-8"?>
<!-- Generated by org.testng.reporters.JUnitXMLReporter -->
<testsuite ignored="0" hostname="LAPTOP-P2QE43U4" failures="0" tests="8" name="Test1" time="251.115" errors="0" timestamp="2024-10-22T08:52:45 CDT">
  <testcase classname="TestClasses.ArraysDocClassFile" name="Array_invalid" time="23.598"/>
  <testcase classname="TestClasses.ArraysDocClassFile" name="Array_invalid" time="12.384"/>
  <testcase classname="TestClasses.ArraysDocClassFile" name="Array_invalid" time="13.979"/>
  <testcase classname="TestClasses.ArraysDocClassFile" name="Array_invalid" time="16.921"/>
  <testcase classname="TestClasses.ArraysDocClassFile" name="Array_valid" time="17.199"/>
  <testcase classname="TestClasses.ArraysDocClassFile" name="Array_valid" time="21.81"/>
  <testcase classname="TestClasses.ArraysDocClassFile" name="Array_valid" time="31.628"/>
  <testcase classname="TestClasses.ArraysDocClassFile" name="Array_valid" time="26.255"/>
</testsuite> <!-- Test1 -->
