<?xml version="1.0" encoding="UTF-8"?>
<!-- Generated by org.testng.reporters.JUnitXMLReporter -->
<testsuite ignored="0" hostname="LAPTOP-P2QE43U4" failures="0" tests="14" name="Test5" time="85.889" errors="0" timestamp="2024-10-19T06:24:47 CDT">
  <testcase classname="StepDefination.LinkedListFile" name="invalid_linked_list" time="2.445"/>
  <testcase classname="StepDefination.LinkedListFile" name="invalid_linked_list" time="2.84"/>
  <testcase classname="StepDefination.LinkedListFile" name="invalid_linked_list" time="2.03"/>
  <testcase classname="StepDefination.LinkedListFile" name="invalid_linked_list" time="2.165"/>
  <testcase classname="StepDefination.LinkedListFile" name="invalid_linked_list" time="1.946"/>
  <testcase classname="StepDefination.LinkedListFile" name="invalid_linked_list" time="2.118"/>
  <testcase classname="StepDefination.LinkedListFile" name="invalid_linked_list" time="1.988"/>
  <testcase classname="StepDefination.LinkedListFile" name="userClicks_linked_list" time="2.022"/>
  <testcase classname="StepDefination.LinkedListFile" name="userClicks_linked_list" time="2.057"/>
  <testcase classname="StepDefination.LinkedListFile" name="userClicks_linked_list" time="2.041"/>
  <testcase classname="StepDefination.LinkedListFile" name="userClicks_linked_list" time="2.036"/>
  <testcase classname="StepDefination.LinkedListFile" name="userClicks_linked_list" time="2.054"/>
  <testcase classname="StepDefination.LinkedListFile" name="userClicks_linked_list" time="2.064"/>
  <testcase classname="StepDefination.LinkedListFile" name="userClicks_linked_list" time="2.038"/>
</testsuite> <!-- Test5 -->
