<?xml version="1.0" encoding="UTF-8"?>
<!-- Generated by org.testng.reporters.JUnitXMLReporter -->
<testsuite ignored="0" hostname="LAPTOP-P2QE43U4" failures="0" tests="4" name="Test9" time="45.381" errors="0" timestamp="2024-10-18T12:30:09 CDT">
  <testcase classname="StepDefination.SigninPositiveNegativeLogin" name="LoginTest" time="8.118"/>
  <testcase classname="StepDefination.SigninPositiveNegativeLogin" name="LoginTest" time="5.39"/>
  <testcase classname="StepDefination.SigninPositiveNegativeLogin" name="LoginTest" time="9.106"/>
  <testcase classname="StepDefination.SigninPositiveNegativeLogin" name="LoginTest" time="3.14"/>
</testsuite> <!-- Test9 -->
