<?xml version="1.0" encoding="UTF-8"?>
<!-- Generated by org.testng.reporters.JUnitXMLReporter -->
<testsuite ignored="0" hostname="LAPTOP-P2QE43U4" failures="0" tests="14" name="Test5" time="210.85" errors="0" timestamp="2024-10-18T12:30:53 CDT">
  <testcase classname="StepDefination.LinkedListFile" name="invalid_linked_list" time="20.656"/>
  <testcase classname="StepDefination.LinkedListFile" name="invalid_linked_list" time="11.674"/>
  <testcase classname="StepDefination.LinkedListFile" name="invalid_linked_list" time="16.073"/>
  <testcase classname="StepDefination.LinkedListFile" name="invalid_linked_list" time="7.943"/>
  <testcase classname="StepDefination.LinkedListFile" name="invalid_linked_list" time="6.412"/>
  <testcase classname="StepDefination.LinkedListFile" name="invalid_linked_list" time="9.999"/>
  <testcase classname="StepDefination.LinkedListFile" name="invalid_linked_list" time="5.128"/>
  <testcase classname="StepDefination.LinkedListFile" name="userClicks_linked_list" time="7.03"/>
  <testcase classname="StepDefination.LinkedListFile" name="userClicks_linked_list" time="8.355"/>
  <testcase classname="StepDefination.LinkedListFile" name="userClicks_linked_list" time="3.154"/>
  <testcase classname="StepDefination.LinkedListFile" name="userClicks_linked_list" time="3.829"/>
  <testcase classname="StepDefination.LinkedListFile" name="userClicks_linked_list" time="3.534"/>
  <testcase classname="StepDefination.LinkedListFile" name="userClicks_linked_list" time="4.09"/>
  <testcase classname="StepDefination.LinkedListFile" name="userClicks_linked_list" time="3.022"/>
</testsuite> <!-- Test5 -->
