<?xml version="1.0" encoding="UTF-8"?>
<!-- Generated by org.testng.reporters.JUnitXMLReporter -->
<testsuite ignored="0" hostname="LAPTOP-P2QE43U4" failures="0" tests="22" name="Test8" time="217.642" errors="0" timestamp="2024-10-18T12:32:12 CDT">
  <testcase classname="StepDefination.TreesClassFile" name="invalid_trees_pane" time="9.936"/>
  <testcase classname="StepDefination.TreesClassFile" name="invalid_trees_pane" time="17.862"/>
  <testcase classname="StepDefination.TreesClassFile" name="invalid_trees_pane" time="11.286"/>
  <testcase classname="StepDefination.TreesClassFile" name="invalid_trees_pane" time="14.873"/>
  <testcase classname="StepDefination.TreesClassFile" name="invalid_trees_pane" time="3.839"/>
  <testcase classname="StepDefination.TreesClassFile" name="invalid_trees_pane" time="3.476"/>
  <testcase classname="StepDefination.TreesClassFile" name="invalid_trees_pane" time="3.871"/>
  <testcase classname="StepDefination.TreesClassFile" name="invalid_trees_pane" time="3.355"/>
  <testcase classname="StepDefination.TreesClassFile" name="invalid_trees_pane" time="3.12"/>
  <testcase classname="StepDefination.TreesClassFile" name="invalid_trees_pane" time="2.634"/>
  <testcase classname="StepDefination.TreesClassFile" name="invalid_trees_pane" time="2.044"/>
  <testcase classname="StepDefination.TreesClassFile" name="valid_trees_pane" time="2.156"/>
  <testcase classname="StepDefination.TreesClassFile" name="valid_trees_pane" time="2.18"/>
  <testcase classname="StepDefination.TreesClassFile" name="valid_trees_pane" time="2.016"/>
  <testcase classname="StepDefination.TreesClassFile" name="valid_trees_pane" time="2.252"/>
  <testcase classname="StepDefination.TreesClassFile" name="valid_trees_pane" time="2.228"/>
  <testcase classname="StepDefination.TreesClassFile" name="valid_trees_pane" time="1.983"/>
  <testcase classname="StepDefination.TreesClassFile" name="valid_trees_pane" time="2.312"/>
  <testcase classname="StepDefination.TreesClassFile" name="valid_trees_pane" time="2.128"/>
  <testcase classname="StepDefination.TreesClassFile" name="valid_trees_pane" time="2.109"/>
  <testcase classname="StepDefination.TreesClassFile" name="valid_trees_pane" time="2.172"/>
  <testcase classname="StepDefination.TreesClassFile" name="valid_trees_pane" time="2.108"/>
</testsuite> <!-- Test8 -->
