<?xml version="1.0" encoding="UTF-8"?>
<!-- Generated by org.testng.reporters.JUnitXMLReporter -->
<testsuite ignored="0" hostname="LAPTOP-P2QE43U4" failures="0" tests="22" name="Test8" time="129.694" errors="0" timestamp="2024-10-19T06:28:18 CDT">
  <testcase classname="StepDefination.TreesClassFile" name="invalid_trees_pane" time="1.954"/>
  <testcase classname="StepDefination.TreesClassFile" name="invalid_trees_pane" time="1.846"/>
  <testcase classname="StepDefination.TreesClassFile" name="invalid_trees_pane" time="1.787"/>
  <testcase classname="StepDefination.TreesClassFile" name="invalid_trees_pane" time="2.007"/>
  <testcase classname="StepDefination.TreesClassFile" name="invalid_trees_pane" time="1.898"/>
  <testcase classname="StepDefination.TreesClassFile" name="invalid_trees_pane" time="1.956"/>
  <testcase classname="StepDefination.TreesClassFile" name="invalid_trees_pane" time="2.136"/>
  <testcase classname="StepDefination.TreesClassFile" name="invalid_trees_pane" time="1.874"/>
  <testcase classname="StepDefination.TreesClassFile" name="invalid_trees_pane" time="1.971"/>
  <testcase classname="StepDefination.TreesClassFile" name="invalid_trees_pane" time="2.319"/>
  <testcase classname="StepDefination.TreesClassFile" name="invalid_trees_pane" time="1.851"/>
  <testcase classname="StepDefination.TreesClassFile" name="valid_trees_pane" time="1.873"/>
  <testcase classname="StepDefination.TreesClassFile" name="valid_trees_pane" time="1.889"/>
  <testcase classname="StepDefination.TreesClassFile" name="valid_trees_pane" time="1.868"/>
  <testcase classname="StepDefination.TreesClassFile" name="valid_trees_pane" time="1.845"/>
  <testcase classname="StepDefination.TreesClassFile" name="valid_trees_pane" time="1.885"/>
  <testcase classname="StepDefination.TreesClassFile" name="valid_trees_pane" time="1.773"/>
  <testcase classname="StepDefination.TreesClassFile" name="valid_trees_pane" time="2.006"/>
  <testcase classname="StepDefination.TreesClassFile" name="valid_trees_pane" time="1.895"/>
  <testcase classname="StepDefination.TreesClassFile" name="valid_trees_pane" time="1.809"/>
  <testcase classname="StepDefination.TreesClassFile" name="valid_trees_pane" time="2.373"/>
  <testcase classname="StepDefination.TreesClassFile" name="valid_trees_pane" time="1.989"/>
</testsuite> <!-- Test8 -->
