<?xml version="1.0" encoding="UTF-8"?>
<testng-results ignored="0" total="10" passed="10" failed="0" skipped="0">
  <reporter-output>
  </reporter-output>
  <suite started-at="2024-10-08T20:44:35 IST" name="Suite" finished-at="2024-10-08T20:45:28 IST" duration-ms="53124">
    <groups>
    </groups>
    <test started-at="2024-10-08T20:44:35 IST" name="Test" finished-at="2024-10-08T20:45:28 IST" duration-ms="53124">
      <class name="StepDefination.RegistratnStepDefination">
        <test-method signature="callingobjects()[pri:1, instance:StepDefination.RegistratnStepDefination@62656be4]" started-at="2024-10-08T20:45:18 IST" name="callingobjects" finished-at="2024-10-08T20:45:23 IST" duration-ms="4450" status="PASS">
          <reporter-output>
          </reporter-output>
        </test-method> <!-- callingobjects -->
        <test-method signature="enter_username_password_click_btn()[pri:2, instance:StepDefination.RegistratnStepDefination@62656be4]" started-at="2024-10-08T20:45:23 IST" name="enter_username_password_click_btn" finished-at="2024-10-08T20:45:25 IST" duration-ms="2400" status="PASS">
          <reporter-output>
          </reporter-output>
        </test-method> <!-- enter_username_password_click_btn -->
        <test-method signature="click_registration_link_and_user_is_in_registration_page()[pri:3, instance:StepDefination.RegistratnStepDefination@62656be4]" started-at="2024-10-08T20:45:25 IST" name="click_registration_link_and_user_is_in_registration_page" finished-at="2024-10-08T20:45:26 IST" duration-ms="570" status="PASS">
          <reporter-output>
          </reporter-output>
        </test-method> <!-- click_registration_link_and_user_is_in_registration_page -->
        <test-method signature="user_enter_credentials(java.lang.String,java.lang.String,java.lang.String,java.lang.String)[pri:4, instance:StepDefination.RegistratnStepDefination@62656be4]" started-at="2024-10-08T20:45:26 IST" name="user_enter_credentials" data-provider="Registationdatapro" finished-at="2024-10-08T20:45:27 IST" duration-ms="701" status="PASS">
          <params>
            <param index="0">
              <value>
                <![CDATA[Nirvana]]>
              </value>
            </param>
            <param index="1">
              <value>
                <![CDATA[archanachaya]]>
              </value>
            </param>
            <param index="2">
              <value>
                <![CDATA[print("helloSelenium")]]>
              </value>
            </param>
            <param index="3">
              <value>
                <![CDATA[Valid]]>
              </value>
            </param>
          </params>
          <reporter-output>
          </reporter-output>
        </test-method> <!-- user_enter_credentials -->
        <test-method signature="clickRegisterbtn()[pri:5, instance:StepDefination.RegistratnStepDefination@62656be4]" started-at="2024-10-08T20:45:27 IST" name="clickRegisterbtn" finished-at="2024-10-08T20:45:27 IST" duration-ms="556" status="PASS">
          <reporter-output>
          </reporter-output>
        </test-method> <!-- clickRegisterbtn -->
        <test-method signature="quitmethod()[pri:6, instance:StepDefination.RegistratnStepDefination@62656be4]" started-at="2024-10-08T20:45:27 IST" name="quitmethod" finished-at="2024-10-08T20:45:28 IST" duration-ms="412" status="PASS">
          <reporter-output>
          </reporter-output>
        </test-method> <!-- quitmethod -->
      </class> <!-- StepDefination.RegistratnStepDefination -->
      <class name="StepDefination.SigninPositiveNegativeLogin">
        <test-method is-config="true" signature="Beforemethod()[pri:0, instance:StepDefination.SigninPositiveNegativeLogin@15d49048]" started-at="2024-10-08T20:44:37 IST" name="Beforemethod" finished-at="2024-10-08T20:44:48 IST" duration-ms="11245" status="PASS">
          <reporter-output>
          </reporter-output>
        </test-method> <!-- Beforemethod -->
        <test-method signature="LoginTest(java.lang.String,java.lang.String,java.lang.String)[pri:0, instance:StepDefination.SigninPositiveNegativeLogin@15d49048]" started-at="2024-10-08T20:44:48 IST" name="LoginTest" data-provider="Logindata" finished-at="2024-10-08T20:44:50 IST" duration-ms="1916" status="PASS">
          <params>
            <param index="0">
              <value>
                <![CDATA[Nirvana]]>
              </value>
            </param>
            <param index="1">
              <value>
                <![CDATA[archanachaya]]>
              </value>
            </param>
            <param index="2">
              <value>
                <![CDATA[Valid]]>
              </value>
            </param>
          </params>
          <reporter-output>
          </reporter-output>
        </test-method> <!-- LoginTest -->
        <test-method is-config="true" signature="Beforemethod()[pri:0, instance:StepDefination.SigninPositiveNegativeLogin@15d49048]" started-at="2024-10-08T20:44:50 IST" name="Beforemethod" finished-at="2024-10-08T20:44:58 IST" duration-ms="7412" status="PASS">
          <reporter-output>
          </reporter-output>
        </test-method> <!-- Beforemethod -->
        <test-method signature="LoginTest(java.lang.String,java.lang.String,java.lang.String)[pri:0, instance:StepDefination.SigninPositiveNegativeLogin@15d49048]" started-at="2024-10-08T20:44:58 IST" name="LoginTest" data-provider="Logindata" finished-at="2024-10-08T20:44:59 IST" duration-ms="1937" status="PASS">
          <params>
            <param index="0">
              <value>
                <![CDATA[Narvana]]>
              </value>
            </param>
            <param index="1">
              <value>
                <![CDATA[archanachaya]]>
              </value>
            </param>
            <param index="2">
              <value>
                <![CDATA[InValid]]>
              </value>
            </param>
          </params>
          <reporter-output>
          </reporter-output>
        </test-method> <!-- LoginTest -->
        <test-method is-config="true" signature="Beforemethod()[pri:0, instance:StepDefination.SigninPositiveNegativeLogin@15d49048]" started-at="2024-10-08T20:44:59 IST" name="Beforemethod" finished-at="2024-10-08T20:45:06 IST" duration-ms="6946" status="PASS">
          <reporter-output>
          </reporter-output>
        </test-method> <!-- Beforemethod -->
        <test-method signature="LoginTest(java.lang.String,java.lang.String,java.lang.String)[pri:0, instance:StepDefination.SigninPositiveNegativeLogin@15d49048]" started-at="2024-10-08T20:45:06 IST" name="LoginTest" data-provider="Logindata" finished-at="2024-10-08T20:45:09 IST" duration-ms="2350" status="PASS">
          <params>
            <param index="0">
              <value>
                <![CDATA[Nirvana]]>
              </value>
            </param>
            <param index="1">
              <value>
                <![CDATA[65786687898]]>
              </value>
            </param>
            <param index="2">
              <value>
                <![CDATA[InValid]]>
              </value>
            </param>
          </params>
          <reporter-output>
          </reporter-output>
        </test-method> <!-- LoginTest -->
        <test-method is-config="true" signature="Beforemethod()[pri:0, instance:StepDefination.SigninPositiveNegativeLogin@15d49048]" started-at="2024-10-08T20:45:09 IST" name="Beforemethod" finished-at="2024-10-08T20:45:17 IST" duration-ms="8157" status="PASS">
          <reporter-output>
          </reporter-output>
        </test-method> <!-- Beforemethod -->
        <test-method signature="LoginTest(java.lang.String,java.lang.String,java.lang.String)[pri:0, instance:StepDefination.SigninPositiveNegativeLogin@15d49048]" started-at="2024-10-08T20:45:17 IST" name="LoginTest" data-provider="Logindata" finished-at="2024-10-08T20:45:18 IST" duration-ms="1476" status="PASS">
          <params>
            <param index="0">
              <value>
                <![CDATA[hsjkcbjkcb]]>
              </value>
            </param>
            <param index="1">
              <value>
                <![CDATA[hggdyw78]]>
              </value>
            </param>
            <param index="2">
              <value>
                <![CDATA[InValid]]>
              </value>
            </param>
          </params>
          <reporter-output>
          </reporter-output>
        </test-method> <!-- LoginTest -->
      </class> <!-- StepDefination.SigninPositiveNegativeLogin -->
    </test> <!-- Test -->
  </suite> <!-- Suite -->
</testng-results>
