<?xml version="1.0" encoding="UTF-8"?>
<testng-results ignored="0" total="70" passed="70" failed="0" skipped="0">
  <reporter-output>
  </reporter-output>
  <suite started-at="2024-10-19T06:21:45 CDT" name="Suite" finished-at="2024-10-19T06:28:34 CDT" duration-ms="408866">
    <groups>
    </groups>
    <test started-at="2024-10-19T06:21:45 CDT" name="Test1" finished-at="2024-10-19T06:22:38 CDT" duration-ms="53246">
      <class name="StepDefination.ArraysDocClassFile">
        <test-method is-config="true" signature="callingobjects(org.testng.ITestContext)[pri:0, instance:StepDefination.ArraysDocClassFile@34129c78]" started-at="2024-10-19T06:21:45 CDT" name="callingobjects" finished-at="2024-10-19T06:21:53 CDT" duration-ms="7472" status="PASS">
          <params>
            <param index="0">
              <value>
                <![CDATA[org.testng.TestRunner@22db1358]]>
              </value>
            </param>
          </params>
          <reporter-output>
          </reporter-output>
        </test-method> <!-- callingobjects -->
        <test-method signature="Array_invalid(java.lang.String)[pri:0, instance:StepDefination.ArraysDocClassFile@34129c78]" started-at="2024-10-19T06:21:53 CDT" name="Array_invalid" data-provider="Arraysdatapro" finished-at="2024-10-19T06:21:55 CDT" duration-ms="2680" status="PASS">
          <params>
            <param index="0">
              <value>
                <![CDATA[Arrays in Python]]>
              </value>
            </param>
          </params>
          <reporter-output>
          </reporter-output>
        </test-method> <!-- Array_invalid -->
        <test-method is-config="true" signature="captureString(java.lang.reflect.Method,org.testng.ITestResult)[pri:0, instance:StepDefination.ArraysDocClassFile@34129c78]" started-at="2024-10-19T06:21:55 CDT" name="captureString" finished-at="2024-10-19T06:21:55 CDT" duration-ms="5" status="PASS">
          <params>
            <param index="0">
              <value>
                <![CDATA[public void StepDefination.ArraysDocClassFile.Array_invalid(java.lang.String) throws java.lang.Exception]]>
              </value>
            </param>
            <param index="1">
              <value>
                <![CDATA[[TestResult name=Array_invalid status=SUCCESS method=ArraysDocClassFile.Array_invalid(java.lang.String)[pri:0, instance:StepDefination.ArraysDocClassFile@34129c78] output={null}]]]>
              </value>
            </param>
          </params>
          <reporter-output>
          </reporter-output>
        </test-method> <!-- captureString -->
        <test-method is-config="true" signature="callingobjects(org.testng.ITestContext)[pri:0, instance:StepDefination.ArraysDocClassFile@34129c78]" started-at="2024-10-19T06:21:55 CDT" name="callingobjects" finished-at="2024-10-19T06:22:00 CDT" duration-ms="4210" status="PASS">
          <params>
            <param index="0">
              <value>
                <![CDATA[org.testng.TestRunner@22db1358]]>
              </value>
            </param>
          </params>
          <reporter-output>
          </reporter-output>
        </test-method> <!-- callingobjects -->
        <test-method signature="Array_invalid(java.lang.String)[pri:0, instance:StepDefination.ArraysDocClassFile@34129c78]" started-at="2024-10-19T06:22:00 CDT" name="Array_invalid" data-provider="Arraysdatapro" finished-at="2024-10-19T06:22:02 CDT" duration-ms="1960" status="PASS">
          <params>
            <param index="0">
              <value>
                <![CDATA[Arrays Using List]]>
              </value>
            </param>
          </params>
          <reporter-output>
          </reporter-output>
        </test-method> <!-- Array_invalid -->
        <test-method is-config="true" signature="captureString(java.lang.reflect.Method,org.testng.ITestResult)[pri:0, instance:StepDefination.ArraysDocClassFile@34129c78]" started-at="2024-10-19T06:22:02 CDT" name="captureString" finished-at="2024-10-19T06:22:02 CDT" duration-ms="2" status="PASS">
          <params>
            <param index="0">
              <value>
                <![CDATA[public void StepDefination.ArraysDocClassFile.Array_invalid(java.lang.String) throws java.lang.Exception]]>
              </value>
            </param>
            <param index="1">
              <value>
                <![CDATA[[TestResult name=Array_invalid status=SUCCESS method=ArraysDocClassFile.Array_invalid(java.lang.String)[pri:0, instance:StepDefination.ArraysDocClassFile@34129c78] output={null}]]]>
              </value>
            </param>
          </params>
          <reporter-output>
          </reporter-output>
        </test-method> <!-- captureString -->
        <test-method is-config="true" signature="callingobjects(org.testng.ITestContext)[pri:0, instance:StepDefination.ArraysDocClassFile@34129c78]" started-at="2024-10-19T06:22:02 CDT" name="callingobjects" finished-at="2024-10-19T06:22:06 CDT" duration-ms="4137" status="PASS">
          <params>
            <param index="0">
              <value>
                <![CDATA[org.testng.TestRunner@22db1358]]>
              </value>
            </param>
          </params>
          <reporter-output>
          </reporter-output>
        </test-method> <!-- callingobjects -->
        <test-method signature="Array_invalid(java.lang.String)[pri:0, instance:StepDefination.ArraysDocClassFile@34129c78]" started-at="2024-10-19T06:22:06 CDT" name="Array_invalid" data-provider="Arraysdatapro" finished-at="2024-10-19T06:22:08 CDT" duration-ms="2080" status="PASS">
          <params>
            <param index="0">
              <value>
                <![CDATA[Basic Operations in Lists]]>
              </value>
            </param>
          </params>
          <reporter-output>
          </reporter-output>
        </test-method> <!-- Array_invalid -->
        <test-method is-config="true" signature="captureString(java.lang.reflect.Method,org.testng.ITestResult)[pri:0, instance:StepDefination.ArraysDocClassFile@34129c78]" started-at="2024-10-19T06:22:08 CDT" name="captureString" finished-at="2024-10-19T06:22:08 CDT" duration-ms="1" status="PASS">
          <params>
            <param index="0">
              <value>
                <![CDATA[public void StepDefination.ArraysDocClassFile.Array_invalid(java.lang.String) throws java.lang.Exception]]>
              </value>
            </param>
            <param index="1">
              <value>
                <![CDATA[[TestResult name=Array_invalid status=SUCCESS method=ArraysDocClassFile.Array_invalid(java.lang.String)[pri:0, instance:StepDefination.ArraysDocClassFile@34129c78] output={null}]]]>
              </value>
            </param>
          </params>
          <reporter-output>
          </reporter-output>
        </test-method> <!-- captureString -->
        <test-method is-config="true" signature="callingobjects(org.testng.ITestContext)[pri:0, instance:StepDefination.ArraysDocClassFile@34129c78]" started-at="2024-10-19T06:22:08 CDT" name="callingobjects" finished-at="2024-10-19T06:22:12 CDT" duration-ms="3955" status="PASS">
          <params>
            <param index="0">
              <value>
                <![CDATA[org.testng.TestRunner@22db1358]]>
              </value>
            </param>
          </params>
          <reporter-output>
          </reporter-output>
        </test-method> <!-- callingobjects -->
        <test-method signature="Array_invalid(java.lang.String)[pri:0, instance:StepDefination.ArraysDocClassFile@34129c78]" started-at="2024-10-19T06:22:12 CDT" name="Array_invalid" data-provider="Arraysdatapro" finished-at="2024-10-19T06:22:14 CDT" duration-ms="2072" status="PASS">
          <params>
            <param index="0">
              <value>
                <![CDATA[Applications of Array]]>
              </value>
            </param>
          </params>
          <reporter-output>
          </reporter-output>
        </test-method> <!-- Array_invalid -->
        <test-method is-config="true" signature="captureString(java.lang.reflect.Method,org.testng.ITestResult)[pri:0, instance:StepDefination.ArraysDocClassFile@34129c78]" started-at="2024-10-19T06:22:14 CDT" name="captureString" finished-at="2024-10-19T06:22:14 CDT" duration-ms="2" status="PASS">
          <params>
            <param index="0">
              <value>
                <![CDATA[public void StepDefination.ArraysDocClassFile.Array_invalid(java.lang.String) throws java.lang.Exception]]>
              </value>
            </param>
            <param index="1">
              <value>
                <![CDATA[[TestResult name=Array_invalid status=SUCCESS method=ArraysDocClassFile.Array_invalid(java.lang.String)[pri:0, instance:StepDefination.ArraysDocClassFile@34129c78] output={null}]]]>
              </value>
            </param>
          </params>
          <reporter-output>
          </reporter-output>
        </test-method> <!-- captureString -->
        <test-method is-config="true" signature="callingobjects(org.testng.ITestContext)[pri:0, instance:StepDefination.ArraysDocClassFile@34129c78]" started-at="2024-10-19T06:22:14 CDT" name="callingobjects" finished-at="2024-10-19T06:22:18 CDT" duration-ms="4174" status="PASS">
          <params>
            <param index="0">
              <value>
                <![CDATA[org.testng.TestRunner@22db1358]]>
              </value>
            </param>
          </params>
          <reporter-output>
          </reporter-output>
        </test-method> <!-- callingobjects -->
        <test-method signature="Array_valid(java.lang.String)[pri:0, instance:StepDefination.ArraysDocClassFile@34129c78]" started-at="2024-10-19T06:22:18 CDT" name="Array_valid" data-provider="Arraysdatapro" finished-at="2024-10-19T06:22:20 CDT" duration-ms="2038" status="PASS">
          <params>
            <param index="0">
              <value>
                <![CDATA[Arrays in Python]]>
              </value>
            </param>
          </params>
          <reporter-output>
          </reporter-output>
        </test-method> <!-- Array_valid -->
        <test-method is-config="true" signature="captureString(java.lang.reflect.Method,org.testng.ITestResult)[pri:0, instance:StepDefination.ArraysDocClassFile@34129c78]" started-at="2024-10-19T06:22:20 CDT" name="captureString" finished-at="2024-10-19T06:22:20 CDT" duration-ms="1" status="PASS">
          <params>
            <param index="0">
              <value>
                <![CDATA[public void StepDefination.ArraysDocClassFile.Array_valid(java.lang.String) throws java.lang.Exception]]>
              </value>
            </param>
            <param index="1">
              <value>
                <![CDATA[[TestResult name=Array_valid status=SUCCESS method=ArraysDocClassFile.Array_valid(java.lang.String)[pri:0, instance:StepDefination.ArraysDocClassFile@34129c78] output={null}]]]>
              </value>
            </param>
          </params>
          <reporter-output>
          </reporter-output>
        </test-method> <!-- captureString -->
        <test-method is-config="true" signature="callingobjects(org.testng.ITestContext)[pri:0, instance:StepDefination.ArraysDocClassFile@34129c78]" started-at="2024-10-19T06:22:20 CDT" name="callingobjects" finished-at="2024-10-19T06:22:24 CDT" duration-ms="3934" status="PASS">
          <params>
            <param index="0">
              <value>
                <![CDATA[org.testng.TestRunner@22db1358]]>
              </value>
            </param>
          </params>
          <reporter-output>
          </reporter-output>
        </test-method> <!-- callingobjects -->
        <test-method signature="Array_valid(java.lang.String)[pri:0, instance:StepDefination.ArraysDocClassFile@34129c78]" started-at="2024-10-19T06:22:24 CDT" name="Array_valid" data-provider="Arraysdatapro" finished-at="2024-10-19T06:22:26 CDT" duration-ms="2146" status="PASS">
          <params>
            <param index="0">
              <value>
                <![CDATA[Arrays Using List]]>
              </value>
            </param>
          </params>
          <reporter-output>
          </reporter-output>
        </test-method> <!-- Array_valid -->
        <test-method is-config="true" signature="captureString(java.lang.reflect.Method,org.testng.ITestResult)[pri:0, instance:StepDefination.ArraysDocClassFile@34129c78]" started-at="2024-10-19T06:22:26 CDT" name="captureString" finished-at="2024-10-19T06:22:26 CDT" duration-ms="1" status="PASS">
          <params>
            <param index="0">
              <value>
                <![CDATA[public void StepDefination.ArraysDocClassFile.Array_valid(java.lang.String) throws java.lang.Exception]]>
              </value>
            </param>
            <param index="1">
              <value>
                <![CDATA[[TestResult name=Array_valid status=SUCCESS method=ArraysDocClassFile.Array_valid(java.lang.String)[pri:0, instance:StepDefination.ArraysDocClassFile@34129c78] output={null}]]]>
              </value>
            </param>
          </params>
          <reporter-output>
          </reporter-output>
        </test-method> <!-- captureString -->
        <test-method is-config="true" signature="callingobjects(org.testng.ITestContext)[pri:0, instance:StepDefination.ArraysDocClassFile@34129c78]" started-at="2024-10-19T06:22:26 CDT" name="callingobjects" finished-at="2024-10-19T06:22:30 CDT" duration-ms="3924" status="PASS">
          <params>
            <param index="0">
              <value>
                <![CDATA[org.testng.TestRunner@22db1358]]>
              </value>
            </param>
          </params>
          <reporter-output>
          </reporter-output>
        </test-method> <!-- callingobjects -->
        <test-method signature="Array_valid(java.lang.String)[pri:0, instance:StepDefination.ArraysDocClassFile@34129c78]" started-at="2024-10-19T06:22:30 CDT" name="Array_valid" data-provider="Arraysdatapro" finished-at="2024-10-19T06:22:32 CDT" duration-ms="2067" status="PASS">
          <params>
            <param index="0">
              <value>
                <![CDATA[Basic Operations in Lists]]>
              </value>
            </param>
          </params>
          <reporter-output>
          </reporter-output>
        </test-method> <!-- Array_valid -->
        <test-method is-config="true" signature="captureString(java.lang.reflect.Method,org.testng.ITestResult)[pri:0, instance:StepDefination.ArraysDocClassFile@34129c78]" started-at="2024-10-19T06:22:32 CDT" name="captureString" finished-at="2024-10-19T06:22:32 CDT" duration-ms="1" status="PASS">
          <params>
            <param index="0">
              <value>
                <![CDATA[public void StepDefination.ArraysDocClassFile.Array_valid(java.lang.String) throws java.lang.Exception]]>
              </value>
            </param>
            <param index="1">
              <value>
                <![CDATA[[TestResult name=Array_valid status=SUCCESS method=ArraysDocClassFile.Array_valid(java.lang.String)[pri:0, instance:StepDefination.ArraysDocClassFile@34129c78] output={null}]]]>
              </value>
            </param>
          </params>
          <reporter-output>
          </reporter-output>
        </test-method> <!-- captureString -->
        <test-method is-config="true" signature="callingobjects(org.testng.ITestContext)[pri:0, instance:StepDefination.ArraysDocClassFile@34129c78]" started-at="2024-10-19T06:22:32 CDT" name="callingobjects" finished-at="2024-10-19T06:22:36 CDT" duration-ms="4067" status="PASS">
          <params>
            <param index="0">
              <value>
                <![CDATA[org.testng.TestRunner@22db1358]]>
              </value>
            </param>
          </params>
          <reporter-output>
          </reporter-output>
        </test-method> <!-- callingobjects -->
        <test-method signature="Array_valid(java.lang.String)[pri:0, instance:StepDefination.ArraysDocClassFile@34129c78]" started-at="2024-10-19T06:22:36 CDT" name="Array_valid" data-provider="Arraysdatapro" finished-at="2024-10-19T06:22:38 CDT" duration-ms="2014" status="PASS">
          <params>
            <param index="0">
              <value>
                <![CDATA[Applications of Array]]>
              </value>
            </param>
          </params>
          <reporter-output>
          </reporter-output>
        </test-method> <!-- Array_valid -->
        <test-method is-config="true" signature="captureString(java.lang.reflect.Method,org.testng.ITestResult)[pri:0, instance:StepDefination.ArraysDocClassFile@34129c78]" started-at="2024-10-19T06:22:38 CDT" name="captureString" finished-at="2024-10-19T06:22:38 CDT" duration-ms="0" status="PASS">
          <params>
            <param index="0">
              <value>
                <![CDATA[public void StepDefination.ArraysDocClassFile.Array_valid(java.lang.String) throws java.lang.Exception]]>
              </value>
            </param>
            <param index="1">
              <value>
                <![CDATA[[TestResult name=Array_valid status=SUCCESS method=ArraysDocClassFile.Array_valid(java.lang.String)[pri:0, instance:StepDefination.ArraysDocClassFile@34129c78] output={null}]]]>
              </value>
            </param>
          </params>
          <reporter-output>
          </reporter-output>
        </test-method> <!-- captureString -->
      </class> <!-- StepDefination.ArraysDocClassFile -->
    </test> <!-- Test1 -->
    <test started-at="2024-10-19T06:22:38 CDT" name="Test2" finished-at="2024-10-19T06:22:50 CDT" duration-ms="11554">
      <class name="StepDefination.DataStructure">
        <test-method is-config="true" signature="callingobjects(org.testng.ITestContext)[pri:0, instance:StepDefination.DataStructure@24c22fe]" started-at="2024-10-19T06:22:38 CDT" name="callingobjects" finished-at="2024-10-19T06:22:42 CDT" duration-ms="3895" status="PASS">
          <params>
            <param index="0">
              <value>
                <![CDATA[org.testng.TestRunner@26cba24d]]>
              </value>
            </param>
          </params>
          <reporter-output>
          </reporter-output>
        </test-method> <!-- callingobjects -->
        <test-method signature="Dspage(java.lang.String,java.lang.String,java.lang.String,java.lang.String)[pri:0, instance:StepDefination.DataStructure@24c22fe]" started-at="2024-10-19T06:22:42 CDT" name="Dspage" data-provider="Graphsdatapro" finished-at="2024-10-19T06:22:44 CDT" duration-ms="1965" status="PASS">
          <params>
            <param index="0">
              <value>
                <![CDATA[Nirvana]]>
              </value>
            </param>
            <param index="1">
              <value>
                <![CDATA[archanachaya]]>
              </value>
            </param>
            <param index="2">
              <value>
                <![CDATA[print("helloSelenium")]]>
              </value>
            </param>
            <param index="3">
              <value>
                <![CDATA[Valid]]>
              </value>
            </param>
          </params>
          <reporter-output>
          </reporter-output>
        </test-method> <!-- Dspage -->
        <test-method is-config="true" signature="captureString(java.lang.reflect.Method,org.testng.ITestResult)[pri:0, instance:StepDefination.DataStructure@24c22fe]" started-at="2024-10-19T06:22:44 CDT" name="captureString" finished-at="2024-10-19T06:22:44 CDT" duration-ms="1" status="PASS">
          <params>
            <param index="0">
              <value>
                <![CDATA[public void StepDefination.DataStructure.Dspage(java.lang.String,java.lang.String,java.lang.String,java.lang.String) throws java.io.IOException]]>
              </value>
            </param>
            <param index="1">
              <value>
                <![CDATA[[TestResult name=Dspage status=SUCCESS method=DataStructure.Dspage(java.lang.String,java.lang.String,java.lang.String,java.lang.String)[pri:0, instance:StepDefination.DataStructure@24c22fe] output={null}]]]>
              </value>
            </param>
          </params>
          <reporter-output>
          </reporter-output>
        </test-method> <!-- captureString -->
        <test-method is-config="true" signature="callingobjects(org.testng.ITestContext)[pri:0, instance:StepDefination.DataStructure@24c22fe]" started-at="2024-10-19T06:22:44 CDT" name="callingobjects" finished-at="2024-10-19T06:22:48 CDT" duration-ms="3699" status="PASS">
          <params>
            <param index="0">
              <value>
                <![CDATA[org.testng.TestRunner@26cba24d]]>
              </value>
            </param>
          </params>
          <reporter-output>
          </reporter-output>
        </test-method> <!-- callingobjects -->
        <test-method signature="Dspage(java.lang.String,java.lang.String,java.lang.String,java.lang.String)[pri:0, instance:StepDefination.DataStructure@24c22fe]" started-at="2024-10-19T06:22:48 CDT" name="Dspage" data-provider="Graphsdatapro" finished-at="2024-10-19T06:22:50 CDT" duration-ms="1946" status="PASS">
          <params>
            <param index="0">
              <value>
                <![CDATA[]]>
              </value>
            </param>
            <param index="1">
              <value>
                <![CDATA[]]>
              </value>
            </param>
            <param index="2">
              <value>
                <![CDATA[prin('hello]]>
              </value>
            </param>
            <param index="3">
              <value>
                <![CDATA[Invalid]]>
              </value>
            </param>
          </params>
          <reporter-output>
          </reporter-output>
        </test-method> <!-- Dspage -->
        <test-method is-config="true" signature="captureString(java.lang.reflect.Method,org.testng.ITestResult)[pri:0, instance:StepDefination.DataStructure@24c22fe]" started-at="2024-10-19T06:22:50 CDT" name="captureString" finished-at="2024-10-19T06:22:50 CDT" duration-ms="0" status="PASS">
          <params>
            <param index="0">
              <value>
                <![CDATA[public void StepDefination.DataStructure.Dspage(java.lang.String,java.lang.String,java.lang.String,java.lang.String) throws java.io.IOException]]>
              </value>
            </param>
            <param index="1">
              <value>
                <![CDATA[[TestResult name=Dspage status=SUCCESS method=DataStructure.Dspage(java.lang.String,java.lang.String,java.lang.String,java.lang.String)[pri:0, instance:StepDefination.DataStructure@24c22fe] output={null}]]]>
              </value>
            </param>
          </params>
          <reporter-output>
          </reporter-output>
        </test-method> <!-- captureString -->
      </class> <!-- StepDefination.DataStructure -->
    </test> <!-- Test2 -->
    <test started-at="2024-10-19T06:22:50 CDT" name="Test3" finished-at="2024-10-19T06:23:14 CDT" duration-ms="23906">
      <class name="StepDefination.GraphsFile">
        <test-method is-config="true" signature="callingobjects(org.testng.ITestContext)[pri:0, instance:StepDefination.GraphsFile@15a04efb]" started-at="2024-10-19T06:22:50 CDT" name="callingobjects" finished-at="2024-10-19T06:22:54 CDT" duration-ms="3972" status="PASS">
          <params>
            <param index="0">
              <value>
                <![CDATA[org.testng.TestRunner@649c7fef]]>
              </value>
            </param>
          </params>
          <reporter-output>
          </reporter-output>
        </test-method> <!-- callingobjects -->
        <test-method signature="Graph_Representation(java.lang.String,java.lang.String,java.lang.String,java.lang.String)[pri:0, instance:StepDefination.GraphsFile@15a04efb]" started-at="2024-10-19T06:22:54 CDT" name="Graph_Representation" data-provider="Graphsdatapro" finished-at="2024-10-19T06:22:56 CDT" duration-ms="1936" status="PASS">
          <params>
            <param index="0">
              <value>
                <![CDATA[Nirvana]]>
              </value>
            </param>
            <param index="1">
              <value>
                <![CDATA[archanachaya]]>
              </value>
            </param>
            <param index="2">
              <value>
                <![CDATA[print("helloSelenium")]]>
              </value>
            </param>
            <param index="3">
              <value>
                <![CDATA[Valid]]>
              </value>
            </param>
          </params>
          <reporter-output>
          </reporter-output>
        </test-method> <!-- Graph_Representation -->
        <test-method is-config="true" signature="captureString(java.lang.reflect.Method,org.testng.ITestResult)[pri:0, instance:StepDefination.GraphsFile@15a04efb]" started-at="2024-10-19T06:22:56 CDT" name="captureString" finished-at="2024-10-19T06:22:56 CDT" duration-ms="4" status="PASS">
          <params>
            <param index="0">
              <value>
                <![CDATA[public void StepDefination.GraphsFile.Graph_Representation(java.lang.String,java.lang.String,java.lang.String,java.lang.String) throws java.lang.Exception]]>
              </value>
            </param>
            <param index="1">
              <value>
                <![CDATA[[TestResult name=Graph_Representation status=SUCCESS method=GraphsFile.Graph_Representation(java.lang.String,java.lang.String,java.lang.String,java.lang.String)[pri:0, instance:StepDefination.GraphsFile@15a04efb] output={null}]]]>
              </value>
            </param>
          </params>
          <reporter-output>
          </reporter-output>
        </test-method> <!-- captureString -->
        <test-method is-config="true" signature="callingobjects(org.testng.ITestContext)[pri:0, instance:StepDefination.GraphsFile@15a04efb]" started-at="2024-10-19T06:22:56 CDT" name="callingobjects" finished-at="2024-10-19T06:23:00 CDT" duration-ms="4144" status="PASS">
          <params>
            <param index="0">
              <value>
                <![CDATA[org.testng.TestRunner@649c7fef]]>
              </value>
            </param>
          </params>
          <reporter-output>
          </reporter-output>
        </test-method> <!-- callingobjects -->
        <test-method signature="Graph_Representation(java.lang.String,java.lang.String,java.lang.String,java.lang.String)[pri:0, instance:StepDefination.GraphsFile@15a04efb]" started-at="2024-10-19T06:23:00 CDT" name="Graph_Representation" data-provider="Graphsdatapro" finished-at="2024-10-19T06:23:02 CDT" duration-ms="1955" status="PASS">
          <params>
            <param index="0">
              <value>
                <![CDATA[]]>
              </value>
            </param>
            <param index="1">
              <value>
                <![CDATA[]]>
              </value>
            </param>
            <param index="2">
              <value>
                <![CDATA[prin('hello]]>
              </value>
            </param>
            <param index="3">
              <value>
                <![CDATA[Invalid]]>
              </value>
            </param>
          </params>
          <reporter-output>
          </reporter-output>
        </test-method> <!-- Graph_Representation -->
        <test-method is-config="true" signature="captureString(java.lang.reflect.Method,org.testng.ITestResult)[pri:0, instance:StepDefination.GraphsFile@15a04efb]" started-at="2024-10-19T06:23:02 CDT" name="captureString" finished-at="2024-10-19T06:23:02 CDT" duration-ms="1" status="PASS">
          <params>
            <param index="0">
              <value>
                <![CDATA[public void StepDefination.GraphsFile.Graph_Representation(java.lang.String,java.lang.String,java.lang.String,java.lang.String) throws java.lang.Exception]]>
              </value>
            </param>
            <param index="1">
              <value>
                <![CDATA[[TestResult name=Graph_Representation status=SUCCESS method=GraphsFile.Graph_Representation(java.lang.String,java.lang.String,java.lang.String,java.lang.String)[pri:0, instance:StepDefination.GraphsFile@15a04efb] output={null}]]]>
              </value>
            </param>
          </params>
          <reporter-output>
          </reporter-output>
        </test-method> <!-- captureString -->
        <test-method is-config="true" signature="callingobjects(org.testng.ITestContext)[pri:0, instance:StepDefination.GraphsFile@15a04efb]" started-at="2024-10-19T06:23:02 CDT" name="callingobjects" finished-at="2024-10-19T06:23:06 CDT" duration-ms="4099" status="PASS">
          <params>
            <param index="0">
              <value>
                <![CDATA[org.testng.TestRunner@649c7fef]]>
              </value>
            </param>
          </params>
          <reporter-output>
          </reporter-output>
        </test-method> <!-- callingobjects -->
        <test-method signature="graphs_Topic(java.lang.String,java.lang.String,java.lang.String,java.lang.String)[pri:0, instance:StepDefination.GraphsFile@15a04efb]" started-at="2024-10-19T06:23:06 CDT" name="graphs_Topic" data-provider="Graphsdatapro" finished-at="2024-10-19T06:23:08 CDT" duration-ms="1998" status="PASS">
          <params>
            <param index="0">
              <value>
                <![CDATA[Nirvana]]>
              </value>
            </param>
            <param index="1">
              <value>
                <![CDATA[archanachaya]]>
              </value>
            </param>
            <param index="2">
              <value>
                <![CDATA[print("helloSelenium")]]>
              </value>
            </param>
            <param index="3">
              <value>
                <![CDATA[Valid]]>
              </value>
            </param>
          </params>
          <reporter-output>
          </reporter-output>
        </test-method> <!-- graphs_Topic -->
        <test-method is-config="true" signature="captureString(java.lang.reflect.Method,org.testng.ITestResult)[pri:0, instance:StepDefination.GraphsFile@15a04efb]" started-at="2024-10-19T06:23:08 CDT" name="captureString" finished-at="2024-10-19T06:23:08 CDT" duration-ms="1" status="PASS">
          <params>
            <param index="0">
              <value>
                <![CDATA[public void StepDefination.GraphsFile.graphs_Topic(java.lang.String,java.lang.String,java.lang.String,java.lang.String) throws java.lang.Exception]]>
              </value>
            </param>
            <param index="1">
              <value>
                <![CDATA[[TestResult name=graphs_Topic status=SUCCESS method=GraphsFile.graphs_Topic(java.lang.String,java.lang.String,java.lang.String,java.lang.String)[pri:0, instance:StepDefination.GraphsFile@15a04efb] output={null}]]]>
              </value>
            </param>
          </params>
          <reporter-output>
          </reporter-output>
        </test-method> <!-- captureString -->
        <test-method is-config="true" signature="callingobjects(org.testng.ITestContext)[pri:0, instance:StepDefination.GraphsFile@15a04efb]" started-at="2024-10-19T06:23:08 CDT" name="callingobjects" finished-at="2024-10-19T06:23:12 CDT" duration-ms="3945" status="PASS">
          <params>
            <param index="0">
              <value>
                <![CDATA[org.testng.TestRunner@649c7fef]]>
              </value>
            </param>
          </params>
          <reporter-output>
          </reporter-output>
        </test-method> <!-- callingobjects -->
        <test-method signature="graphs_Topic(java.lang.String,java.lang.String,java.lang.String,java.lang.String)[pri:0, instance:StepDefination.GraphsFile@15a04efb]" started-at="2024-10-19T06:23:12 CDT" name="graphs_Topic" data-provider="Graphsdatapro" finished-at="2024-10-19T06:23:14 CDT" duration-ms="1756" status="PASS">
          <params>
            <param index="0">
              <value>
                <![CDATA[]]>
              </value>
            </param>
            <param index="1">
              <value>
                <![CDATA[]]>
              </value>
            </param>
            <param index="2">
              <value>
                <![CDATA[prin('hello]]>
              </value>
            </param>
            <param index="3">
              <value>
                <![CDATA[Invalid]]>
              </value>
            </param>
          </params>
          <reporter-output>
          </reporter-output>
        </test-method> <!-- graphs_Topic -->
        <test-method is-config="true" signature="captureString(java.lang.reflect.Method,org.testng.ITestResult)[pri:0, instance:StepDefination.GraphsFile@15a04efb]" started-at="2024-10-19T06:23:14 CDT" name="captureString" finished-at="2024-10-19T06:23:14 CDT" duration-ms="1" status="PASS">
          <params>
            <param index="0">
              <value>
                <![CDATA[public void StepDefination.GraphsFile.graphs_Topic(java.lang.String,java.lang.String,java.lang.String,java.lang.String) throws java.lang.Exception]]>
              </value>
            </param>
            <param index="1">
              <value>
                <![CDATA[[TestResult name=graphs_Topic status=SUCCESS method=GraphsFile.graphs_Topic(java.lang.String,java.lang.String,java.lang.String,java.lang.String)[pri:0, instance:StepDefination.GraphsFile@15a04efb] output={null}]]]>
              </value>
            </param>
          </params>
          <reporter-output>
          </reporter-output>
        </test-method> <!-- captureString -->
      </class> <!-- StepDefination.GraphsFile -->
    </test> <!-- Test3 -->
    <test started-at="2024-10-19T06:23:14 CDT" name="Test4" finished-at="2024-10-19T06:23:21 CDT" duration-ms="6997">
      <class name="StepDefination.HomepageFile">
        <test-method is-config="true" signature="callingobjects(org.testng.ITestContext)[pri:0, instance:StepDefination.HomepageFile@6950ed69]" started-at="2024-10-19T06:23:14 CDT" name="callingobjects" finished-at="2024-10-19T06:23:17 CDT" duration-ms="2683" status="PASS">
          <params>
            <param index="0">
              <value>
                <![CDATA[org.testng.TestRunner@2dda18fd]]>
              </value>
            </param>
          </params>
          <reporter-output>
          </reporter-output>
        </test-method> <!-- callingobjects -->
        <test-method signature="Homepage(java.lang.String,java.lang.String,java.lang.String,java.lang.String)[pri:2, instance:StepDefination.HomepageFile@6950ed69]" started-at="2024-10-19T06:23:17 CDT" name="Homepage" data-provider="Registationdatapro" finished-at="2024-10-19T06:23:18 CDT" duration-ms="1465" status="PASS">
          <params>
            <param index="0">
              <value>
                <![CDATA[Nirvana]]>
              </value>
            </param>
            <param index="1">
              <value>
                <![CDATA[archanachaya]]>
              </value>
            </param>
            <param index="2">
              <value>
                <![CDATA[print("helloSelenium")]]>
              </value>
            </param>
            <param index="3">
              <value>
                <![CDATA[Valid]]>
              </value>
            </param>
          </params>
          <reporter-output>
          </reporter-output>
        </test-method> <!-- Homepage -->
        <test-method is-config="true" signature="captureString(java.lang.reflect.Method,org.testng.ITestResult)[pri:0, instance:StepDefination.HomepageFile@6950ed69]" started-at="2024-10-19T06:23:18 CDT" name="captureString" finished-at="2024-10-19T06:23:18 CDT" duration-ms="1" status="PASS">
          <params>
            <param index="0">
              <value>
                <![CDATA[public void StepDefination.HomepageFile.Homepage(java.lang.String,java.lang.String,java.lang.String,java.lang.String) throws java.io.IOException]]>
              </value>
            </param>
            <param index="1">
              <value>
                <![CDATA[[TestResult name=Homepage status=SUCCESS method=HomepageFile.Homepage(java.lang.String,java.lang.String,java.lang.String,java.lang.String)[pri:2, instance:StepDefination.HomepageFile@6950ed69] output={null}]]]>
              </value>
            </param>
          </params>
          <reporter-output>
          </reporter-output>
        </test-method> <!-- captureString -->
        <test-method is-config="true" signature="callingobjects(org.testng.ITestContext)[pri:0, instance:StepDefination.HomepageFile@6950ed69]" started-at="2024-10-19T06:23:18 CDT" name="callingobjects" finished-at="2024-10-19T06:23:21 CDT" duration-ms="2537" status="PASS">
          <params>
            <param index="0">
              <value>
                <![CDATA[org.testng.TestRunner@2dda18fd]]>
              </value>
            </param>
          </params>
          <reporter-output>
          </reporter-output>
        </test-method> <!-- callingobjects -->
        <test-method signature="quitmethod()[pri:3, instance:StepDefination.HomepageFile@6950ed69]" started-at="2024-10-19T06:23:21 CDT" name="quitmethod" finished-at="2024-10-19T06:23:21 CDT" duration-ms="266" status="PASS">
          <reporter-output>
          </reporter-output>
        </test-method> <!-- quitmethod -->
        <test-method is-config="true" signature="captureString(java.lang.reflect.Method,org.testng.ITestResult)[pri:0, instance:StepDefination.HomepageFile@6950ed69]" started-at="2024-10-19T06:23:21 CDT" name="captureString" finished-at="2024-10-19T06:23:21 CDT" duration-ms="1" status="PASS">
          <params>
            <param index="0">
              <value>
                <![CDATA[public void StepDefination.HomepageFile.quitmethod() throws java.io.IOException]]>
              </value>
            </param>
            <param index="1">
              <value>
                <![CDATA[[TestResult name=quitmethod status=SUCCESS method=HomepageFile.quitmethod()[pri:3, instance:StepDefination.HomepageFile@6950ed69] output={null}]]]>
              </value>
            </param>
          </params>
          <reporter-output>
          </reporter-output>
        </test-method> <!-- captureString -->
      </class> <!-- StepDefination.HomepageFile -->
    </test> <!-- Test4 -->
    <test started-at="2024-10-19T06:23:21 CDT" name="Test5" finished-at="2024-10-19T06:24:47 CDT" duration-ms="85889">
      <class name="StepDefination.LinkedListFile">
        <test-method is-config="true" signature="callingobjects(org.testng.ITestContext)[pri:0, instance:StepDefination.LinkedListFile@42e25b0b]" started-at="2024-10-19T06:23:21 CDT" name="callingobjects" finished-at="2024-10-19T06:23:25 CDT" duration-ms="4496" status="PASS">
          <params>
            <param index="0">
              <value>
                <![CDATA[org.testng.TestRunner@57618fcd]]>
              </value>
            </param>
          </params>
          <reporter-output>
          </reporter-output>
        </test-method> <!-- callingobjects -->
        <test-method signature="invalid_linked_list(java.lang.String)[pri:0, instance:StepDefination.LinkedListFile@42e25b0b]" started-at="2024-10-19T06:23:25 CDT" name="invalid_linked_list" data-provider="LinkedTopics" finished-at="2024-10-19T06:23:28 CDT" duration-ms="2445" status="PASS">
          <params>
            <param index="0">
              <value>
                <![CDATA[Introduction]]>
              </value>
            </param>
          </params>
          <reporter-output>
          </reporter-output>
        </test-method> <!-- invalid_linked_list -->
        <test-method is-config="true" signature="captureString(java.lang.reflect.Method,org.testng.ITestResult)[pri:0, instance:StepDefination.LinkedListFile@42e25b0b]" started-at="2024-10-19T06:23:28 CDT" name="captureString" finished-at="2024-10-19T06:23:28 CDT" duration-ms="0" status="PASS">
          <params>
            <param index="0">
              <value>
                <![CDATA[public void StepDefination.LinkedListFile.invalid_linked_list(java.lang.String) throws java.lang.Exception]]>
              </value>
            </param>
            <param index="1">
              <value>
                <![CDATA[[TestResult name=invalid_linked_list status=SUCCESS method=LinkedListFile.invalid_linked_list(java.lang.String)[pri:0, instance:StepDefination.LinkedListFile@42e25b0b] output={null}]]]>
              </value>
            </param>
          </params>
          <reporter-output>
          </reporter-output>
        </test-method> <!-- captureString -->
        <test-method is-config="true" signature="callingobjects(org.testng.ITestContext)[pri:0, instance:StepDefination.LinkedListFile@42e25b0b]" started-at="2024-10-19T06:23:28 CDT" name="callingobjects" finished-at="2024-10-19T06:23:32 CDT" duration-ms="4189" status="PASS">
          <params>
            <param index="0">
              <value>
                <![CDATA[org.testng.TestRunner@57618fcd]]>
              </value>
            </param>
          </params>
          <reporter-output>
          </reporter-output>
        </test-method> <!-- callingobjects -->
        <test-method signature="invalid_linked_list(java.lang.String)[pri:0, instance:StepDefination.LinkedListFile@42e25b0b]" started-at="2024-10-19T06:23:32 CDT" name="invalid_linked_list" data-provider="LinkedTopics" finished-at="2024-10-19T06:23:35 CDT" duration-ms="2840" status="PASS">
          <params>
            <param index="0">
              <value>
                <![CDATA[Creating Linked LIst]]>
              </value>
            </param>
          </params>
          <reporter-output>
          </reporter-output>
        </test-method> <!-- invalid_linked_list -->
        <test-method is-config="true" signature="captureString(java.lang.reflect.Method,org.testng.ITestResult)[pri:0, instance:StepDefination.LinkedListFile@42e25b0b]" started-at="2024-10-19T06:23:35 CDT" name="captureString" finished-at="2024-10-19T06:23:35 CDT" duration-ms="3" status="PASS">
          <params>
            <param index="0">
              <value>
                <![CDATA[public void StepDefination.LinkedListFile.invalid_linked_list(java.lang.String) throws java.lang.Exception]]>
              </value>
            </param>
            <param index="1">
              <value>
                <![CDATA[[TestResult name=invalid_linked_list status=SUCCESS method=LinkedListFile.invalid_linked_list(java.lang.String)[pri:0, instance:StepDefination.LinkedListFile@42e25b0b] output={null}]]]>
              </value>
            </param>
          </params>
          <reporter-output>
          </reporter-output>
        </test-method> <!-- captureString -->
        <test-method is-config="true" signature="callingobjects(org.testng.ITestContext)[pri:0, instance:StepDefination.LinkedListFile@42e25b0b]" started-at="2024-10-19T06:23:35 CDT" name="callingobjects" finished-at="2024-10-19T06:23:39 CDT" duration-ms="4102" status="PASS">
          <params>
            <param index="0">
              <value>
                <![CDATA[org.testng.TestRunner@57618fcd]]>
              </value>
            </param>
          </params>
          <reporter-output>
          </reporter-output>
        </test-method> <!-- callingobjects -->
        <test-method signature="invalid_linked_list(java.lang.String)[pri:0, instance:StepDefination.LinkedListFile@42e25b0b]" started-at="2024-10-19T06:23:39 CDT" name="invalid_linked_list" data-provider="LinkedTopics" finished-at="2024-10-19T06:23:41 CDT" duration-ms="2030" status="PASS">
          <params>
            <param index="0">
              <value>
                <![CDATA[Types of Linked List]]>
              </value>
            </param>
          </params>
          <reporter-output>
          </reporter-output>
        </test-method> <!-- invalid_linked_list -->
        <test-method is-config="true" signature="callingobjects(org.testng.ITestContext)[pri:0, instance:StepDefination.LinkedListFile@42e25b0b]" started-at="2024-10-19T06:23:41 CDT" name="callingobjects" finished-at="2024-10-19T06:23:45 CDT" duration-ms="3839" status="PASS">
          <params>
            <param index="0">
              <value>
                <![CDATA[org.testng.TestRunner@57618fcd]]>
              </value>
            </param>
          </params>
          <reporter-output>
          </reporter-output>
        </test-method> <!-- callingobjects -->
        <test-method is-config="true" signature="captureString(java.lang.reflect.Method,org.testng.ITestResult)[pri:0, instance:StepDefination.LinkedListFile@42e25b0b]" started-at="2024-10-19T06:23:41 CDT" name="captureString" finished-at="2024-10-19T06:23:41 CDT" duration-ms="0" status="PASS">
          <params>
            <param index="0">
              <value>
                <![CDATA[public void StepDefination.LinkedListFile.invalid_linked_list(java.lang.String) throws java.lang.Exception]]>
              </value>
            </param>
            <param index="1">
              <value>
                <![CDATA[[TestResult name=invalid_linked_list status=SUCCESS method=LinkedListFile.invalid_linked_list(java.lang.String)[pri:0, instance:StepDefination.LinkedListFile@42e25b0b] output={null}]]]>
              </value>
            </param>
          </params>
          <reporter-output>
          </reporter-output>
        </test-method> <!-- captureString -->
        <test-method signature="invalid_linked_list(java.lang.String)[pri:0, instance:StepDefination.LinkedListFile@42e25b0b]" started-at="2024-10-19T06:23:45 CDT" name="invalid_linked_list" data-provider="LinkedTopics" finished-at="2024-10-19T06:23:47 CDT" duration-ms="2165" status="PASS">
          <params>
            <param index="0">
              <value>
                <![CDATA[Implement Linked List in Python]]>
              </value>
            </param>
          </params>
          <reporter-output>
          </reporter-output>
        </test-method> <!-- invalid_linked_list -->
        <test-method is-config="true" signature="captureString(java.lang.reflect.Method,org.testng.ITestResult)[pri:0, instance:StepDefination.LinkedListFile@42e25b0b]" started-at="2024-10-19T06:23:47 CDT" name="captureString" finished-at="2024-10-19T06:23:47 CDT" duration-ms="1" status="PASS">
          <params>
            <param index="0">
              <value>
                <![CDATA[public void StepDefination.LinkedListFile.invalid_linked_list(java.lang.String) throws java.lang.Exception]]>
              </value>
            </param>
            <param index="1">
              <value>
                <![CDATA[[TestResult name=invalid_linked_list status=SUCCESS method=LinkedListFile.invalid_linked_list(java.lang.String)[pri:0, instance:StepDefination.LinkedListFile@42e25b0b] output={null}]]]>
              </value>
            </param>
          </params>
          <reporter-output>
          </reporter-output>
        </test-method> <!-- captureString -->
        <test-method is-config="true" signature="callingobjects(org.testng.ITestContext)[pri:0, instance:StepDefination.LinkedListFile@42e25b0b]" started-at="2024-10-19T06:23:47 CDT" name="callingobjects" finished-at="2024-10-19T06:23:51 CDT" duration-ms="3999" status="PASS">
          <params>
            <param index="0">
              <value>
                <![CDATA[org.testng.TestRunner@57618fcd]]>
              </value>
            </param>
          </params>
          <reporter-output>
          </reporter-output>
        </test-method> <!-- callingobjects -->
        <test-method signature="invalid_linked_list(java.lang.String)[pri:0, instance:StepDefination.LinkedListFile@42e25b0b]" started-at="2024-10-19T06:23:51 CDT" name="invalid_linked_list" data-provider="LinkedTopics" finished-at="2024-10-19T06:23:53 CDT" duration-ms="1946" status="PASS">
          <params>
            <param index="0">
              <value>
                <![CDATA[Traversal]]>
              </value>
            </param>
          </params>
          <reporter-output>
          </reporter-output>
        </test-method> <!-- invalid_linked_list -->
        <test-method is-config="true" signature="captureString(java.lang.reflect.Method,org.testng.ITestResult)[pri:0, instance:StepDefination.LinkedListFile@42e25b0b]" started-at="2024-10-19T06:23:53 CDT" name="captureString" finished-at="2024-10-19T06:23:53 CDT" duration-ms="0" status="PASS">
          <params>
            <param index="0">
              <value>
                <![CDATA[public void StepDefination.LinkedListFile.invalid_linked_list(java.lang.String) throws java.lang.Exception]]>
              </value>
            </param>
            <param index="1">
              <value>
                <![CDATA[[TestResult name=invalid_linked_list status=SUCCESS method=LinkedListFile.invalid_linked_list(java.lang.String)[pri:0, instance:StepDefination.LinkedListFile@42e25b0b] output={null}]]]>
              </value>
            </param>
          </params>
          <reporter-output>
          </reporter-output>
        </test-method> <!-- captureString -->
        <test-method is-config="true" signature="callingobjects(org.testng.ITestContext)[pri:0, instance:StepDefination.LinkedListFile@42e25b0b]" started-at="2024-10-19T06:23:53 CDT" name="callingobjects" finished-at="2024-10-19T06:23:57 CDT" duration-ms="3766" status="PASS">
          <params>
            <param index="0">
              <value>
                <![CDATA[org.testng.TestRunner@57618fcd]]>
              </value>
            </param>
          </params>
          <reporter-output>
          </reporter-output>
        </test-method> <!-- callingobjects -->
        <test-method signature="invalid_linked_list(java.lang.String)[pri:0, instance:StepDefination.LinkedListFile@42e25b0b]" started-at="2024-10-19T06:23:57 CDT" name="invalid_linked_list" data-provider="LinkedTopics" finished-at="2024-10-19T06:23:59 CDT" duration-ms="2118" status="PASS">
          <params>
            <param index="0">
              <value>
                <![CDATA[Insertion]]>
              </value>
            </param>
          </params>
          <reporter-output>
          </reporter-output>
        </test-method> <!-- invalid_linked_list -->
        <test-method is-config="true" signature="captureString(java.lang.reflect.Method,org.testng.ITestResult)[pri:0, instance:StepDefination.LinkedListFile@42e25b0b]" started-at="2024-10-19T06:23:59 CDT" name="captureString" finished-at="2024-10-19T06:23:59 CDT" duration-ms="6" status="PASS">
          <params>
            <param index="0">
              <value>
                <![CDATA[public void StepDefination.LinkedListFile.invalid_linked_list(java.lang.String) throws java.lang.Exception]]>
              </value>
            </param>
            <param index="1">
              <value>
                <![CDATA[[TestResult name=invalid_linked_list status=SUCCESS method=LinkedListFile.invalid_linked_list(java.lang.String)[pri:0, instance:StepDefination.LinkedListFile@42e25b0b] output={null}]]]>
              </value>
            </param>
          </params>
          <reporter-output>
          </reporter-output>
        </test-method> <!-- captureString -->
        <test-method is-config="true" signature="callingobjects(org.testng.ITestContext)[pri:0, instance:StepDefination.LinkedListFile@42e25b0b]" started-at="2024-10-19T06:23:59 CDT" name="callingobjects" finished-at="2024-10-19T06:24:03 CDT" duration-ms="4054" status="PASS">
          <params>
            <param index="0">
              <value>
                <![CDATA[org.testng.TestRunner@57618fcd]]>
              </value>
            </param>
          </params>
          <reporter-output>
          </reporter-output>
        </test-method> <!-- callingobjects -->
        <test-method signature="invalid_linked_list(java.lang.String)[pri:0, instance:StepDefination.LinkedListFile@42e25b0b]" started-at="2024-10-19T06:24:03 CDT" name="invalid_linked_list" data-provider="LinkedTopics" finished-at="2024-10-19T06:24:05 CDT" duration-ms="1988" status="PASS">
          <params>
            <param index="0">
              <value>
                <![CDATA[Deletion]]>
              </value>
            </param>
          </params>
          <reporter-output>
          </reporter-output>
        </test-method> <!-- invalid_linked_list -->
        <test-method is-config="true" signature="captureString(java.lang.reflect.Method,org.testng.ITestResult)[pri:0, instance:StepDefination.LinkedListFile@42e25b0b]" started-at="2024-10-19T06:24:05 CDT" name="captureString" finished-at="2024-10-19T06:24:05 CDT" duration-ms="0" status="PASS">
          <params>
            <param index="0">
              <value>
                <![CDATA[public void StepDefination.LinkedListFile.invalid_linked_list(java.lang.String) throws java.lang.Exception]]>
              </value>
            </param>
            <param index="1">
              <value>
                <![CDATA[[TestResult name=invalid_linked_list status=SUCCESS method=LinkedListFile.invalid_linked_list(java.lang.String)[pri:0, instance:StepDefination.LinkedListFile@42e25b0b] output={null}]]]>
              </value>
            </param>
          </params>
          <reporter-output>
          </reporter-output>
        </test-method> <!-- captureString -->
        <test-method is-config="true" signature="callingobjects(org.testng.ITestContext)[pri:0, instance:StepDefination.LinkedListFile@42e25b0b]" started-at="2024-10-19T06:24:05 CDT" name="callingobjects" finished-at="2024-10-19T06:24:09 CDT" duration-ms="4075" status="PASS">
          <params>
            <param index="0">
              <value>
                <![CDATA[org.testng.TestRunner@57618fcd]]>
              </value>
            </param>
          </params>
          <reporter-output>
          </reporter-output>
        </test-method> <!-- callingobjects -->
        <test-method signature="userClicks_linked_list(java.lang.String)[pri:0, instance:StepDefination.LinkedListFile@42e25b0b]" started-at="2024-10-19T06:24:09 CDT" name="userClicks_linked_list" data-provider="LinkedTopics" finished-at="2024-10-19T06:24:11 CDT" duration-ms="2022" status="PASS">
          <params>
            <param index="0">
              <value>
                <![CDATA[Introduction]]>
              </value>
            </param>
          </params>
          <reporter-output>
          </reporter-output>
        </test-method> <!-- userClicks_linked_list -->
        <test-method is-config="true" signature="callingobjects(org.testng.ITestContext)[pri:0, instance:StepDefination.LinkedListFile@42e25b0b]" started-at="2024-10-19T06:24:11 CDT" name="callingobjects" finished-at="2024-10-19T06:24:15 CDT" duration-ms="3961" status="PASS">
          <params>
            <param index="0">
              <value>
                <![CDATA[org.testng.TestRunner@57618fcd]]>
              </value>
            </param>
          </params>
          <reporter-output>
          </reporter-output>
        </test-method> <!-- callingobjects -->
        <test-method is-config="true" signature="captureString(java.lang.reflect.Method,org.testng.ITestResult)[pri:0, instance:StepDefination.LinkedListFile@42e25b0b]" started-at="2024-10-19T06:24:11 CDT" name="captureString" finished-at="2024-10-19T06:24:11 CDT" duration-ms="0" status="PASS">
          <params>
            <param index="0">
              <value>
                <![CDATA[public void StepDefination.LinkedListFile.userClicks_linked_list(java.lang.String) throws java.lang.Exception]]>
              </value>
            </param>
            <param index="1">
              <value>
                <![CDATA[[TestResult name=userClicks_linked_list status=SUCCESS method=LinkedListFile.userClicks_linked_list(java.lang.String)[pri:0, instance:StepDefination.LinkedListFile@42e25b0b] output={null}]]]>
              </value>
            </param>
          </params>
          <reporter-output>
          </reporter-output>
        </test-method> <!-- captureString -->
        <test-method signature="userClicks_linked_list(java.lang.String)[pri:0, instance:StepDefination.LinkedListFile@42e25b0b]" started-at="2024-10-19T06:24:15 CDT" name="userClicks_linked_list" data-provider="LinkedTopics" finished-at="2024-10-19T06:24:17 CDT" duration-ms="2057" status="PASS">
          <params>
            <param index="0">
              <value>
                <![CDATA[Creating Linked LIst]]>
              </value>
            </param>
          </params>
          <reporter-output>
          </reporter-output>
        </test-method> <!-- userClicks_linked_list -->
        <test-method is-config="true" signature="captureString(java.lang.reflect.Method,org.testng.ITestResult)[pri:0, instance:StepDefination.LinkedListFile@42e25b0b]" started-at="2024-10-19T06:24:17 CDT" name="captureString" finished-at="2024-10-19T06:24:17 CDT" duration-ms="0" status="PASS">
          <params>
            <param index="0">
              <value>
                <![CDATA[public void StepDefination.LinkedListFile.userClicks_linked_list(java.lang.String) throws java.lang.Exception]]>
              </value>
            </param>
            <param index="1">
              <value>
                <![CDATA[[TestResult name=userClicks_linked_list status=SUCCESS method=LinkedListFile.userClicks_linked_list(java.lang.String)[pri:0, instance:StepDefination.LinkedListFile@42e25b0b] output={null}]]]>
              </value>
            </param>
          </params>
          <reporter-output>
          </reporter-output>
        </test-method> <!-- captureString -->
        <test-method is-config="true" signature="callingobjects(org.testng.ITestContext)[pri:0, instance:StepDefination.LinkedListFile@42e25b0b]" started-at="2024-10-19T06:24:17 CDT" name="callingobjects" finished-at="2024-10-19T06:24:21 CDT" duration-ms="3870" status="PASS">
          <params>
            <param index="0">
              <value>
                <![CDATA[org.testng.TestRunner@57618fcd]]>
              </value>
            </param>
          </params>
          <reporter-output>
          </reporter-output>
        </test-method> <!-- callingobjects -->
        <test-method signature="userClicks_linked_list(java.lang.String)[pri:0, instance:StepDefination.LinkedListFile@42e25b0b]" started-at="2024-10-19T06:24:21 CDT" name="userClicks_linked_list" data-provider="LinkedTopics" finished-at="2024-10-19T06:24:23 CDT" duration-ms="2041" status="PASS">
          <params>
            <param index="0">
              <value>
                <![CDATA[Types of Linked List]]>
              </value>
            </param>
          </params>
          <reporter-output>
          </reporter-output>
        </test-method> <!-- userClicks_linked_list -->
        <test-method is-config="true" signature="callingobjects(org.testng.ITestContext)[pri:0, instance:StepDefination.LinkedListFile@42e25b0b]" started-at="2024-10-19T06:24:23 CDT" name="callingobjects" finished-at="2024-10-19T06:24:27 CDT" duration-ms="3845" status="PASS">
          <params>
            <param index="0">
              <value>
                <![CDATA[org.testng.TestRunner@57618fcd]]>
              </value>
            </param>
          </params>
          <reporter-output>
          </reporter-output>
        </test-method> <!-- callingobjects -->
        <test-method is-config="true" signature="captureString(java.lang.reflect.Method,org.testng.ITestResult)[pri:0, instance:StepDefination.LinkedListFile@42e25b0b]" started-at="2024-10-19T06:24:23 CDT" name="captureString" finished-at="2024-10-19T06:24:23 CDT" duration-ms="0" status="PASS">
          <params>
            <param index="0">
              <value>
                <![CDATA[public void StepDefination.LinkedListFile.userClicks_linked_list(java.lang.String) throws java.lang.Exception]]>
              </value>
            </param>
            <param index="1">
              <value>
                <![CDATA[[TestResult name=userClicks_linked_list status=SUCCESS method=LinkedListFile.userClicks_linked_list(java.lang.String)[pri:0, instance:StepDefination.LinkedListFile@42e25b0b] output={null}]]]>
              </value>
            </param>
          </params>
          <reporter-output>
          </reporter-output>
        </test-method> <!-- captureString -->
        <test-method signature="userClicks_linked_list(java.lang.String)[pri:0, instance:StepDefination.LinkedListFile@42e25b0b]" started-at="2024-10-19T06:24:27 CDT" name="userClicks_linked_list" data-provider="LinkedTopics" finished-at="2024-10-19T06:24:29 CDT" duration-ms="2036" status="PASS">
          <params>
            <param index="0">
              <value>
                <![CDATA[Implement Linked List in Python]]>
              </value>
            </param>
          </params>
          <reporter-output>
          </reporter-output>
        </test-method> <!-- userClicks_linked_list -->
        <test-method is-config="true" signature="captureString(java.lang.reflect.Method,org.testng.ITestResult)[pri:0, instance:StepDefination.LinkedListFile@42e25b0b]" started-at="2024-10-19T06:24:29 CDT" name="captureString" finished-at="2024-10-19T06:24:29 CDT" duration-ms="2" status="PASS">
          <params>
            <param index="0">
              <value>
                <![CDATA[public void StepDefination.LinkedListFile.userClicks_linked_list(java.lang.String) throws java.lang.Exception]]>
              </value>
            </param>
            <param index="1">
              <value>
                <![CDATA[[TestResult name=userClicks_linked_list status=SUCCESS method=LinkedListFile.userClicks_linked_list(java.lang.String)[pri:0, instance:StepDefination.LinkedListFile@42e25b0b] output={null}]]]>
              </value>
            </param>
          </params>
          <reporter-output>
          </reporter-output>
        </test-method> <!-- captureString -->
        <test-method is-config="true" signature="callingobjects(org.testng.ITestContext)[pri:0, instance:StepDefination.LinkedListFile@42e25b0b]" started-at="2024-10-19T06:24:29 CDT" name="callingobjects" finished-at="2024-10-19T06:24:33 CDT" duration-ms="3968" status="PASS">
          <params>
            <param index="0">
              <value>
                <![CDATA[org.testng.TestRunner@57618fcd]]>
              </value>
            </param>
          </params>
          <reporter-output>
          </reporter-output>
        </test-method> <!-- callingobjects -->
        <test-method signature="userClicks_linked_list(java.lang.String)[pri:0, instance:StepDefination.LinkedListFile@42e25b0b]" started-at="2024-10-19T06:24:33 CDT" name="userClicks_linked_list" data-provider="LinkedTopics" finished-at="2024-10-19T06:24:35 CDT" duration-ms="2054" status="PASS">
          <params>
            <param index="0">
              <value>
                <![CDATA[Traversal]]>
              </value>
            </param>
          </params>
          <reporter-output>
          </reporter-output>
        </test-method> <!-- userClicks_linked_list -->
        <test-method is-config="true" signature="captureString(java.lang.reflect.Method,org.testng.ITestResult)[pri:0, instance:StepDefination.LinkedListFile@42e25b0b]" started-at="2024-10-19T06:24:35 CDT" name="captureString" finished-at="2024-10-19T06:24:35 CDT" duration-ms="0" status="PASS">
          <params>
            <param index="0">
              <value>
                <![CDATA[public void StepDefination.LinkedListFile.userClicks_linked_list(java.lang.String) throws java.lang.Exception]]>
              </value>
            </param>
            <param index="1">
              <value>
                <![CDATA[[TestResult name=userClicks_linked_list status=SUCCESS method=LinkedListFile.userClicks_linked_list(java.lang.String)[pri:0, instance:StepDefination.LinkedListFile@42e25b0b] output={null}]]]>
              </value>
            </param>
          </params>
          <reporter-output>
          </reporter-output>
        </test-method> <!-- captureString -->
        <test-method is-config="true" signature="callingobjects(org.testng.ITestContext)[pri:0, instance:StepDefination.LinkedListFile@42e25b0b]" started-at="2024-10-19T06:24:35 CDT" name="callingobjects" finished-at="2024-10-19T06:24:39 CDT" duration-ms="3868" status="PASS">
          <params>
            <param index="0">
              <value>
                <![CDATA[org.testng.TestRunner@57618fcd]]>
              </value>
            </param>
          </params>
          <reporter-output>
          </reporter-output>
        </test-method> <!-- callingobjects -->
        <test-method signature="userClicks_linked_list(java.lang.String)[pri:0, instance:StepDefination.LinkedListFile@42e25b0b]" started-at="2024-10-19T06:24:39 CDT" name="userClicks_linked_list" data-provider="LinkedTopics" finished-at="2024-10-19T06:24:41 CDT" duration-ms="2064" status="PASS">
          <params>
            <param index="0">
              <value>
                <![CDATA[Insertion]]>
              </value>
            </param>
          </params>
          <reporter-output>
          </reporter-output>
        </test-method> <!-- userClicks_linked_list -->
        <test-method is-config="true" signature="captureString(java.lang.reflect.Method,org.testng.ITestResult)[pri:0, instance:StepDefination.LinkedListFile@42e25b0b]" started-at="2024-10-19T06:24:41 CDT" name="captureString" finished-at="2024-10-19T06:24:41 CDT" duration-ms="6" status="PASS">
          <params>
            <param index="0">
              <value>
                <![CDATA[public void StepDefination.LinkedListFile.userClicks_linked_list(java.lang.String) throws java.lang.Exception]]>
              </value>
            </param>
            <param index="1">
              <value>
                <![CDATA[[TestResult name=userClicks_linked_list status=SUCCESS method=LinkedListFile.userClicks_linked_list(java.lang.String)[pri:0, instance:StepDefination.LinkedListFile@42e25b0b] output={null}]]]>
              </value>
            </param>
          </params>
          <reporter-output>
          </reporter-output>
        </test-method> <!-- captureString -->
        <test-method is-config="true" signature="callingobjects(org.testng.ITestContext)[pri:0, instance:StepDefination.LinkedListFile@42e25b0b]" started-at="2024-10-19T06:24:41 CDT" name="callingobjects" finished-at="2024-10-19T06:24:45 CDT" duration-ms="3829" status="PASS">
          <params>
            <param index="0">
              <value>
                <![CDATA[org.testng.TestRunner@57618fcd]]>
              </value>
            </param>
          </params>
          <reporter-output>
          </reporter-output>
        </test-method> <!-- callingobjects -->
        <test-method signature="userClicks_linked_list(java.lang.String)[pri:0, instance:StepDefination.LinkedListFile@42e25b0b]" started-at="2024-10-19T06:24:45 CDT" name="userClicks_linked_list" data-provider="LinkedTopics" finished-at="2024-10-19T06:24:47 CDT" duration-ms="2038" status="PASS">
          <params>
            <param index="0">
              <value>
                <![CDATA[Deletion]]>
              </value>
            </param>
          </params>
          <reporter-output>
          </reporter-output>
        </test-method> <!-- userClicks_linked_list -->
        <test-method is-config="true" signature="captureString(java.lang.reflect.Method,org.testng.ITestResult)[pri:0, instance:StepDefination.LinkedListFile@42e25b0b]" started-at="2024-10-19T06:24:47 CDT" name="captureString" finished-at="2024-10-19T06:24:47 CDT" duration-ms="0" status="PASS">
          <params>
            <param index="0">
              <value>
                <![CDATA[public void StepDefination.LinkedListFile.userClicks_linked_list(java.lang.String) throws java.lang.Exception]]>
              </value>
            </param>
            <param index="1">
              <value>
                <![CDATA[[TestResult name=userClicks_linked_list status=SUCCESS method=LinkedListFile.userClicks_linked_list(java.lang.String)[pri:0, instance:StepDefination.LinkedListFile@42e25b0b] output={null}]]]>
              </value>
            </param>
          </params>
          <reporter-output>
          </reporter-output>
        </test-method> <!-- captureString -->
      </class> <!-- StepDefination.LinkedListFile -->
    </test> <!-- Test5 -->
    <test started-at="2024-10-19T06:24:47 CDT" name="Test6" finished-at="2024-10-19T06:25:34 CDT" duration-ms="46795">
      <class name="StepDefination.QueuesFile">
        <test-method is-config="true" signature="callingobjects(org.testng.ITestContext)[pri:0, instance:StepDefination.QueuesFile@2e32ccc5]" started-at="2024-10-19T06:24:47 CDT" name="callingobjects" finished-at="2024-10-19T06:24:51 CDT" duration-ms="3766" status="PASS">
          <params>
            <param index="0">
              <value>
                <![CDATA[org.testng.TestRunner@2c4386a6]]>
              </value>
            </param>
          </params>
          <reporter-output>
          </reporter-output>
        </test-method> <!-- callingobjects -->
        <test-method signature="queues_paneIn(java.lang.String)[pri:0, instance:StepDefination.QueuesFile@2e32ccc5]" started-at="2024-10-19T06:24:51 CDT" name="queues_paneIn" data-provider="QueuesTopics" finished-at="2024-10-19T06:24:53 CDT" duration-ms="2062" status="PASS">
          <params>
            <param index="0">
              <value>
                <![CDATA[Implementation of Queue in Python]]>
              </value>
            </param>
          </params>
          <reporter-output>
          </reporter-output>
        </test-method> <!-- queues_paneIn -->
        <test-method is-config="true" signature="captureString(java.lang.reflect.Method,org.testng.ITestResult)[pri:0, instance:StepDefination.QueuesFile@2e32ccc5]" started-at="2024-10-19T06:24:53 CDT" name="captureString" finished-at="2024-10-19T06:24:53 CDT" duration-ms="4" status="PASS">
          <params>
            <param index="0">
              <value>
                <![CDATA[public void StepDefination.QueuesFile.queues_paneIn(java.lang.String) throws java.lang.Exception]]>
              </value>
            </param>
            <param index="1">
              <value>
                <![CDATA[[TestResult name=queues_paneIn status=SUCCESS method=QueuesFile.queues_paneIn(java.lang.String)[pri:0, instance:StepDefination.QueuesFile@2e32ccc5] output={null}]]]>
              </value>
            </param>
          </params>
          <reporter-output>
          </reporter-output>
        </test-method> <!-- captureString -->
        <test-method is-config="true" signature="callingobjects(org.testng.ITestContext)[pri:0, instance:StepDefination.QueuesFile@2e32ccc5]" started-at="2024-10-19T06:24:53 CDT" name="callingobjects" finished-at="2024-10-19T06:24:57 CDT" duration-ms="3972" status="PASS">
          <params>
            <param index="0">
              <value>
                <![CDATA[org.testng.TestRunner@2c4386a6]]>
              </value>
            </param>
          </params>
          <reporter-output>
          </reporter-output>
        </test-method> <!-- callingobjects -->
        <test-method signature="queues_paneIn(java.lang.String)[pri:0, instance:StepDefination.QueuesFile@2e32ccc5]" started-at="2024-10-19T06:24:57 CDT" name="queues_paneIn" data-provider="QueuesTopics" finished-at="2024-10-19T06:24:58 CDT" duration-ms="1871" status="PASS">
          <params>
            <param index="0">
              <value>
                <![CDATA[Implementation using collections.deque]]>
              </value>
            </param>
          </params>
          <reporter-output>
          </reporter-output>
        </test-method> <!-- queues_paneIn -->
        <test-method is-config="true" signature="captureString(java.lang.reflect.Method,org.testng.ITestResult)[pri:0, instance:StepDefination.QueuesFile@2e32ccc5]" started-at="2024-10-19T06:24:58 CDT" name="captureString" finished-at="2024-10-19T06:24:58 CDT" duration-ms="0" status="PASS">
          <params>
            <param index="0">
              <value>
                <![CDATA[public void StepDefination.QueuesFile.queues_paneIn(java.lang.String) throws java.lang.Exception]]>
              </value>
            </param>
            <param index="1">
              <value>
                <![CDATA[[TestResult name=queues_paneIn status=SUCCESS method=QueuesFile.queues_paneIn(java.lang.String)[pri:0, instance:StepDefination.QueuesFile@2e32ccc5] output={null}]]]>
              </value>
            </param>
          </params>
          <reporter-output>
          </reporter-output>
        </test-method> <!-- captureString -->
        <test-method is-config="true" signature="callingobjects(org.testng.ITestContext)[pri:0, instance:StepDefination.QueuesFile@2e32ccc5]" started-at="2024-10-19T06:24:58 CDT" name="callingobjects" finished-at="2024-10-19T06:25:02 CDT" duration-ms="3864" status="PASS">
          <params>
            <param index="0">
              <value>
                <![CDATA[org.testng.TestRunner@2c4386a6]]>
              </value>
            </param>
          </params>
          <reporter-output>
          </reporter-output>
        </test-method> <!-- callingobjects -->
        <test-method signature="queues_paneIn(java.lang.String)[pri:0, instance:StepDefination.QueuesFile@2e32ccc5]" started-at="2024-10-19T06:25:02 CDT" name="queues_paneIn" data-provider="QueuesTopics" finished-at="2024-10-19T06:25:04 CDT" duration-ms="1879" status="PASS">
          <params>
            <param index="0">
              <value>
                <![CDATA[Implementation using array]]>
              </value>
            </param>
          </params>
          <reporter-output>
          </reporter-output>
        </test-method> <!-- queues_paneIn -->
        <test-method is-config="true" signature="captureString(java.lang.reflect.Method,org.testng.ITestResult)[pri:0, instance:StepDefination.QueuesFile@2e32ccc5]" started-at="2024-10-19T06:25:04 CDT" name="captureString" finished-at="2024-10-19T06:25:04 CDT" duration-ms="0" status="PASS">
          <params>
            <param index="0">
              <value>
                <![CDATA[public void StepDefination.QueuesFile.queues_paneIn(java.lang.String) throws java.lang.Exception]]>
              </value>
            </param>
            <param index="1">
              <value>
                <![CDATA[[TestResult name=queues_paneIn status=SUCCESS method=QueuesFile.queues_paneIn(java.lang.String)[pri:0, instance:StepDefination.QueuesFile@2e32ccc5] output={null}]]]>
              </value>
            </param>
          </params>
          <reporter-output>
          </reporter-output>
        </test-method> <!-- captureString -->
        <test-method is-config="true" signature="callingobjects(org.testng.ITestContext)[pri:0, instance:StepDefination.QueuesFile@2e32ccc5]" started-at="2024-10-19T06:25:04 CDT" name="callingobjects" finished-at="2024-10-19T06:25:08 CDT" duration-ms="3845" status="PASS">
          <params>
            <param index="0">
              <value>
                <![CDATA[org.testng.TestRunner@2c4386a6]]>
              </value>
            </param>
          </params>
          <reporter-output>
          </reporter-output>
        </test-method> <!-- callingobjects -->
        <test-method signature="queues_paneIn(java.lang.String)[pri:0, instance:StepDefination.QueuesFile@2e32ccc5]" started-at="2024-10-19T06:25:08 CDT" name="queues_paneIn" data-provider="QueuesTopics" finished-at="2024-10-19T06:25:10 CDT" duration-ms="1976" status="PASS">
          <params>
            <param index="0">
              <value>
                <![CDATA[Queue Operations]]>
              </value>
            </param>
          </params>
          <reporter-output>
          </reporter-output>
        </test-method> <!-- queues_paneIn -->
        <test-method is-config="true" signature="captureString(java.lang.reflect.Method,org.testng.ITestResult)[pri:0, instance:StepDefination.QueuesFile@2e32ccc5]" started-at="2024-10-19T06:25:10 CDT" name="captureString" finished-at="2024-10-19T06:25:10 CDT" duration-ms="0" status="PASS">
          <params>
            <param index="0">
              <value>
                <![CDATA[public void StepDefination.QueuesFile.queues_paneIn(java.lang.String) throws java.lang.Exception]]>
              </value>
            </param>
            <param index="1">
              <value>
                <![CDATA[[TestResult name=queues_paneIn status=SUCCESS method=QueuesFile.queues_paneIn(java.lang.String)[pri:0, instance:StepDefination.QueuesFile@2e32ccc5] output={null}]]]>
              </value>
            </param>
          </params>
          <reporter-output>
          </reporter-output>
        </test-method> <!-- captureString -->
        <test-method is-config="true" signature="callingobjects(org.testng.ITestContext)[pri:0, instance:StepDefination.QueuesFile@2e32ccc5]" started-at="2024-10-19T06:25:10 CDT" name="callingobjects" finished-at="2024-10-19T06:25:14 CDT" duration-ms="4034" status="PASS">
          <params>
            <param index="0">
              <value>
                <![CDATA[org.testng.TestRunner@2c4386a6]]>
              </value>
            </param>
          </params>
          <reporter-output>
          </reporter-output>
        </test-method> <!-- callingobjects -->
        <test-method signature="queues_pane_validcode(java.lang.String)[pri:0, instance:StepDefination.QueuesFile@2e32ccc5]" started-at="2024-10-19T06:25:14 CDT" name="queues_pane_validcode" description="Verify Queuepane on DsAlgo" data-provider="QueuesTopics" finished-at="2024-10-19T06:25:16 CDT" duration-ms="2023" status="PASS">
          <params>
            <param index="0">
              <value>
                <![CDATA[Implementation of Queue in Python]]>
              </value>
            </param>
          </params>
          <reporter-output>
          </reporter-output>
        </test-method> <!-- queues_pane_validcode -->
        <test-method is-config="true" signature="captureString(java.lang.reflect.Method,org.testng.ITestResult)[pri:0, instance:StepDefination.QueuesFile@2e32ccc5]" started-at="2024-10-19T06:25:16 CDT" name="captureString" finished-at="2024-10-19T06:25:16 CDT" duration-ms="0" status="PASS">
          <params>
            <param index="0">
              <value>
                <![CDATA[public void StepDefination.QueuesFile.queues_pane_validcode(java.lang.String) throws java.lang.Exception]]>
              </value>
            </param>
            <param index="1">
              <value>
                <![CDATA[[TestResult name=queues_pane_validcode status=SUCCESS method=QueuesFile.queues_pane_validcode(java.lang.String)[pri:0, instance:StepDefination.QueuesFile@2e32ccc5] output={null}]]]>
              </value>
            </param>
          </params>
          <reporter-output>
          </reporter-output>
        </test-method> <!-- captureString -->
        <test-method is-config="true" signature="callingobjects(org.testng.ITestContext)[pri:0, instance:StepDefination.QueuesFile@2e32ccc5]" started-at="2024-10-19T06:25:16 CDT" name="callingobjects" finished-at="2024-10-19T06:25:20 CDT" duration-ms="3947" status="PASS">
          <params>
            <param index="0">
              <value>
                <![CDATA[org.testng.TestRunner@2c4386a6]]>
              </value>
            </param>
          </params>
          <reporter-output>
          </reporter-output>
        </test-method> <!-- callingobjects -->
[...]
        <test-method signature="valid_trees_pane(java.lang.String)[pri:0, instance:StepDefination.TreesClassFile@5456afaa]" started-at="2024-10-19T06:27:57 CDT" name="valid_trees_pane" data-provider="TreesTopics" finished-at="2024-10-19T06:27:59 CDT" duration-ms="1895" status="PASS">
          <params>
            <param index="0">
              <value>
                <![CDATA[Implementation in Python]]>
              </value>
            </param>
          </params>
          <reporter-output>
          </reporter-output>
        </test-method> <!-- valid_trees_pane -->
        <test-method is-config="true" signature="captureString(java.lang.reflect.Method,org.testng.ITestResult)[pri:0, instance:StepDefination.TreesClassFile@5456afaa]" started-at="2024-10-19T06:27:59 CDT" name="captureString" finished-at="2024-10-19T06:27:59 CDT" duration-ms="0" status="PASS">
          <params>
            <param index="0">
              <value>
                <![CDATA[public void StepDefination.TreesClassFile.valid_trees_pane(java.lang.String) throws java.lang.Exception]]>
              </value>
            </param>
            <param index="1">
              <value>
                <![CDATA[[TestResult name=valid_trees_pane status=SUCCESS method=TreesClassFile.valid_trees_pane(java.lang.String)[pri:0, instance:StepDefination.TreesClassFile@5456afaa] output={null}]]]>
              </value>
            </param>
          </params>
          <reporter-output>
          </reporter-output>
        </test-method> <!-- captureString -->
        <test-method is-config="true" signature="callingobjects(org.testng.ITestContext)[pri:0, instance:StepDefination.TreesClassFile@5456afaa]" started-at="2024-10-19T06:27:59 CDT" name="callingobjects" finished-at="2024-10-19T06:28:03 CDT" duration-ms="4307" status="PASS">
          <params>
            <param index="0">
              <value>
                <![CDATA[org.testng.TestRunner@56c70faf]]>
              </value>
            </param>
          </params>
          <reporter-output>
          </reporter-output>
        </test-method> <!-- callingobjects -->
        <test-method signature="valid_trees_pane(java.lang.String)[pri:0, instance:StepDefination.TreesClassFile@5456afaa]" started-at="2024-10-19T06:28:03 CDT" name="valid_trees_pane" data-provider="TreesTopics" finished-at="2024-10-19T06:28:05 CDT" duration-ms="1809" status="PASS">
          <params>
            <param index="0">
              <value>
                <![CDATA[Applications of Binary trees]]>
              </value>
            </param>
          </params>
          <reporter-output>
          </reporter-output>
        </test-method> <!-- valid_trees_pane -->
        <test-method is-config="true" signature="captureString(java.lang.reflect.Method,org.testng.ITestResult)[pri:0, instance:StepDefination.TreesClassFile@5456afaa]" started-at="2024-10-19T06:28:05 CDT" name="captureString" finished-at="2024-10-19T06:28:05 CDT" duration-ms="0" status="PASS">
          <params>
            <param index="0">
              <value>
                <![CDATA[public void StepDefination.TreesClassFile.valid_trees_pane(java.lang.String) throws java.lang.Exception]]>
              </value>
            </param>
            <param index="1">
              <value>
                <![CDATA[[TestResult name=valid_trees_pane status=SUCCESS method=TreesClassFile.valid_trees_pane(java.lang.String)[pri:0, instance:StepDefination.TreesClassFile@5456afaa] output={null}]]]>
              </value>
            </param>
          </params>
          <reporter-output>
          </reporter-output>
        </test-method> <!-- captureString -->
        <test-method is-config="true" signature="callingobjects(org.testng.ITestContext)[pri:0, instance:StepDefination.TreesClassFile@5456afaa]" started-at="2024-10-19T06:28:05 CDT" name="callingobjects" finished-at="2024-10-19T06:28:10 CDT" duration-ms="4297" status="PASS">
          <params>
            <param index="0">
              <value>
                <![CDATA[org.testng.TestRunner@56c70faf]]>
              </value>
            </param>
          </params>
          <reporter-output>
          </reporter-output>
        </test-method> <!-- callingobjects -->
        <test-method signature="valid_trees_pane(java.lang.String)[pri:0, instance:StepDefination.TreesClassFile@5456afaa]" started-at="2024-10-19T06:28:10 CDT" name="valid_trees_pane" data-provider="TreesTopics" finished-at="2024-10-19T06:28:12 CDT" duration-ms="2373" status="PASS">
          <params>
            <param index="0">
              <value>
                <![CDATA[Binary Search Trees]]>
              </value>
            </param>
          </params>
          <reporter-output>
          </reporter-output>
        </test-method> <!-- valid_trees_pane -->
        <test-method is-config="true" signature="captureString(java.lang.reflect.Method,org.testng.ITestResult)[pri:0, instance:StepDefination.TreesClassFile@5456afaa]" started-at="2024-10-19T06:28:12 CDT" name="captureString" finished-at="2024-10-19T06:28:12 CDT" duration-ms="0" status="PASS">
          <params>
            <param index="0">
              <value>
                <![CDATA[public void StepDefination.TreesClassFile.valid_trees_pane(java.lang.String) throws java.lang.Exception]]>
              </value>
            </param>
            <param index="1">
              <value>
                <![CDATA[[TestResult name=valid_trees_pane status=SUCCESS method=TreesClassFile.valid_trees_pane(java.lang.String)[pri:0, instance:StepDefination.TreesClassFile@5456afaa] output={null}]]]>
              </value>
            </param>
          </params>
          <reporter-output>
          </reporter-output>
        </test-method> <!-- captureString -->
        <test-method is-config="true" signature="callingobjects(org.testng.ITestContext)[pri:0, instance:StepDefination.TreesClassFile@5456afaa]" started-at="2024-10-19T06:28:12 CDT" name="callingobjects" finished-at="2024-10-19T06:28:16 CDT" duration-ms="4034" status="PASS">
          <params>
            <param index="0">
              <value>
                <![CDATA[org.testng.TestRunner@56c70faf]]>
              </value>
            </param>
          </params>
          <reporter-output>
          </reporter-output>
        </test-method> <!-- callingobjects -->
        <test-method signature="valid_trees_pane(java.lang.String)[pri:0, instance:StepDefination.TreesClassFile@5456afaa]" started-at="2024-10-19T06:28:16 CDT" name="valid_trees_pane" data-provider="TreesTopics" finished-at="2024-10-19T06:28:18 CDT" duration-ms="1989" status="PASS">
          <params>
            <param index="0">
              <value>
                <![CDATA[Implementation Of BST]]>
              </value>
            </param>
          </params>
          <reporter-output>
          </reporter-output>
        </test-method> <!-- valid_trees_pane -->
        <test-method is-config="true" signature="captureString(java.lang.reflect.Method,org.testng.ITestResult)[pri:0, instance:StepDefination.TreesClassFile@5456afaa]" started-at="2024-10-19T06:28:18 CDT" name="captureString" finished-at="2024-10-19T06:28:18 CDT" duration-ms="0" status="PASS">
          <params>
            <param index="0">
              <value>
                <![CDATA[public void StepDefination.TreesClassFile.valid_trees_pane(java.lang.String) throws java.lang.Exception]]>
              </value>
            </param>
            <param index="1">
              <value>
                <![CDATA[[TestResult name=valid_trees_pane status=SUCCESS method=TreesClassFile.valid_trees_pane(java.lang.String)[pri:0, instance:StepDefination.TreesClassFile@5456afaa] output={null}]]]>
              </value>
            </param>
          </params>
          <reporter-output>
          </reporter-output>
        </test-method> <!-- captureString -->
      </class> <!-- StepDefination.TreesClassFile -->
    </test> <!-- Test8 -->
    <test started-at="2024-10-19T06:28:18 CDT" name="Test9" finished-at="2024-10-19T06:28:34 CDT" duration-ms="15894">
      <class name="StepDefination.SigninPositiveNegativeLogin">
        <test-method is-config="true" signature="initialiseExtentReports()[pri:0, instance:StepDefination.SigninPositiveNegativeLogin@6736fa8d]" started-at="2024-10-19T06:21:45 CDT" name="initialiseExtentReports" finished-at="2024-10-19T06:21:45 CDT" duration-ms="2" status="PASS">
          <reporter-output>
          </reporter-output>
        </test-method> <!-- initialiseExtentReports -->
        <test-method is-config="true" signature="callingobjects(org.testng.ITestContext)[pri:0, instance:StepDefination.SigninPositiveNegativeLogin@6736fa8d]" started-at="2024-10-19T06:28:18 CDT" name="callingobjects" finished-at="2024-10-19T06:28:21 CDT" duration-ms="2462" status="PASS">
          <params>
            <param index="0">
              <value>
                <![CDATA[org.testng.TestRunner@d03ed5d]]>
              </value>
            </param>
          </params>
          <reporter-output>
          </reporter-output>
        </test-method> <!-- callingobjects -->
        <test-method signature="LoginTest(java.lang.String,java.lang.String,java.lang.String)[pri:0, instance:StepDefination.SigninPositiveNegativeLogin@6736fa8d]" started-at="2024-10-19T06:28:21 CDT" name="LoginTest" data-provider="Logindata" finished-at="2024-10-19T06:28:22 CDT" duration-ms="1619" status="PASS">
          <params>
            <param index="0">
              <value>
                <![CDATA[Nirvana]]>
              </value>
            </param>
            <param index="1">
              <value>
                <![CDATA[archanachaya]]>
              </value>
            </param>
            <param index="2">
              <value>
                <![CDATA[Valid]]>
              </value>
            </param>
          </params>
          <reporter-output>
          </reporter-output>
        </test-method> <!-- LoginTest -->
        <test-method is-config="true" signature="captureString(java.lang.reflect.Method,org.testng.ITestResult)[pri:0, instance:StepDefination.SigninPositiveNegativeLogin@6736fa8d]" started-at="2024-10-19T06:28:22 CDT" name="captureString" finished-at="2024-10-19T06:28:22 CDT" duration-ms="0" status="PASS">
          <params>
            <param index="0">
              <value>
                <![CDATA[public void StepDefination.SigninPositiveNegativeLogin.LoginTest(java.lang.String,java.lang.String,java.lang.String) throws java.io.IOException]]>
              </value>
            </param>
            <param index="1">
              <value>
                <![CDATA[[TestResult name=LoginTest status=SUCCESS method=SigninPositiveNegativeLogin.LoginTest(java.lang.String,java.lang.String,java.lang.String)[pri:0, instance:StepDefination.SigninPositiveNegativeLogin@6736fa8d] output={null}]]]>
              </value>
            </param>
          </params>
          <reporter-output>
          </reporter-output>
        </test-method> <!-- captureString -->
        <test-method is-config="true" signature="callingobjects(org.testng.ITestContext)[pri:0, instance:StepDefination.SigninPositiveNegativeLogin@6736fa8d]" started-at="2024-10-19T06:28:22 CDT" name="callingobjects" finished-at="2024-10-19T06:28:24 CDT" duration-ms="2306" status="PASS">
          <params>
            <param index="0">
              <value>
                <![CDATA[org.testng.TestRunner@d03ed5d]]>
              </value>
            </param>
          </params>
          <reporter-output>
          </reporter-output>
        </test-method> <!-- callingobjects -->
        <test-method signature="LoginTest(java.lang.String,java.lang.String,java.lang.String)[pri:0, instance:StepDefination.SigninPositiveNegativeLogin@6736fa8d]" started-at="2024-10-19T06:28:24 CDT" name="LoginTest" data-provider="Logindata" finished-at="2024-10-19T06:28:26 CDT" duration-ms="1534" status="PASS">
          <params>
            <param index="0">
              <value>
                <![CDATA[Narvana]]>
              </value>
            </param>
            <param index="1">
              <value>
                <![CDATA[archanachaya]]>
              </value>
            </param>
            <param index="2">
              <value>
                <![CDATA[InValid]]>
              </value>
            </param>
          </params>
          <reporter-output>
          </reporter-output>
        </test-method> <!-- LoginTest -->
        <test-method is-config="true" signature="captureString(java.lang.reflect.Method,org.testng.ITestResult)[pri:0, instance:StepDefination.SigninPositiveNegativeLogin@6736fa8d]" started-at="2024-10-19T06:28:26 CDT" name="captureString" finished-at="2024-10-19T06:28:26 CDT" duration-ms="0" status="PASS">
          <params>
            <param index="0">
              <value>
                <![CDATA[public void StepDefination.SigninPositiveNegativeLogin.LoginTest(java.lang.String,java.lang.String,java.lang.String) throws java.io.IOException]]>
              </value>
            </param>
            <param index="1">
              <value>
                <![CDATA[[TestResult name=LoginTest status=SUCCESS method=SigninPositiveNegativeLogin.LoginTest(java.lang.String,java.lang.String,java.lang.String)[pri:0, instance:StepDefination.SigninPositiveNegativeLogin@6736fa8d] output={null}]]]>
              </value>
            </param>
          </params>
          <reporter-output>
          </reporter-output>
        </test-method> <!-- captureString -->
        <test-method is-config="true" signature="callingobjects(org.testng.ITestContext)[pri:0, instance:StepDefination.SigninPositiveNegativeLogin@6736fa8d]" started-at="2024-10-19T06:28:26 CDT" name="callingobjects" finished-at="2024-10-19T06:28:29 CDT" duration-ms="2605" status="PASS">
          <params>
            <param index="0">
              <value>
                <![CDATA[org.testng.TestRunner@d03ed5d]]>
              </value>
            </param>
          </params>
          <reporter-output>
          </reporter-output>
        </test-method> <!-- callingobjects -->
        <test-method signature="LoginTest(java.lang.String,java.lang.String,java.lang.String)[pri:0, instance:StepDefination.SigninPositiveNegativeLogin@6736fa8d]" started-at="2024-10-19T06:28:29 CDT" name="LoginTest" data-provider="Logindata" finished-at="2024-10-19T06:28:30 CDT" duration-ms="1388" status="PASS">
          <params>
            <param index="0">
              <value>
                <![CDATA[Nirvana]]>
              </value>
            </param>
            <param index="1">
              <value>
                <![CDATA[65786687898]]>
              </value>
            </param>
            <param index="2">
              <value>
                <![CDATA[InValid]]>
              </value>
            </param>
          </params>
          <reporter-output>
          </reporter-output>
        </test-method> <!-- LoginTest -->
        <test-method is-config="true" signature="captureString(java.lang.reflect.Method,org.testng.ITestResult)[pri:0, instance:StepDefination.SigninPositiveNegativeLogin@6736fa8d]" started-at="2024-10-19T06:28:30 CDT" name="captureString" finished-at="2024-10-19T06:28:30 CDT" duration-ms="0" status="PASS">
          <params>
            <param index="0">
              <value>
                <![CDATA[public void StepDefination.SigninPositiveNegativeLogin.LoginTest(java.lang.String,java.lang.String,java.lang.String) throws java.io.IOException]]>
              </value>
            </param>
            <param index="1">
              <value>
                <![CDATA[[TestResult name=LoginTest status=SUCCESS method=SigninPositiveNegativeLogin.LoginTest(java.lang.String,java.lang.String,java.lang.String)[pri:0, instance:StepDefination.SigninPositiveNegativeLogin@6736fa8d] output={null}]]]>
              </value>
            </param>
          </params>
          <reporter-output>
          </reporter-output>
        </test-method> <!-- captureString -->
        <test-method is-config="true" signature="callingobjects(org.testng.ITestContext)[pri:0, instance:StepDefination.SigninPositiveNegativeLogin@6736fa8d]" started-at="2024-10-19T06:28:30 CDT" name="callingobjects" finished-at="2024-10-19T06:28:33 CDT" duration-ms="2555" status="PASS">
          <params>
            <param index="0">
              <value>
                <![CDATA[org.testng.TestRunner@d03ed5d]]>
              </value>
            </param>
          </params>
          <reporter-output>
          </reporter-output>
        </test-method> <!-- callingobjects -->
        <test-method signature="LoginTest(java.lang.String,java.lang.String,java.lang.String)[pri:0, instance:StepDefination.SigninPositiveNegativeLogin@6736fa8d]" started-at="2024-10-19T06:28:33 CDT" name="LoginTest" data-provider="Logindata" finished-at="2024-10-19T06:28:34 CDT" duration-ms="1357" status="PASS">
          <params>
            <param index="0">
              <value>
                <![CDATA[hsjkcbjkcb]]>
              </value>
            </param>
            <param index="1">
              <value>
                <![CDATA[hggdyw78]]>
              </value>
            </param>
            <param index="2">
              <value>
                <![CDATA[InValid]]>
              </value>
            </param>
          </params>
          <reporter-output>
          </reporter-output>
        </test-method> <!-- LoginTest -->
        <test-method is-config="true" signature="captureString(java.lang.reflect.Method,org.testng.ITestResult)[pri:0, instance:StepDefination.SigninPositiveNegativeLogin@6736fa8d]" started-at="2024-10-19T06:28:34 CDT" name="captureString" finished-at="2024-10-19T06:28:34 CDT" duration-ms="0" status="PASS">
          <params>
            <param index="0">
              <value>
                <![CDATA[public void StepDefination.SigninPositiveNegativeLogin.LoginTest(java.lang.String,java.lang.String,java.lang.String) throws java.io.IOException]]>
              </value>
            </param>
            <param index="1">
              <value>
                <![CDATA[[TestResult name=LoginTest status=SUCCESS method=SigninPositiveNegativeLogin.LoginTest(java.lang.String,java.lang.String,java.lang.String)[pri:0, instance:StepDefination.SigninPositiveNegativeLogin@6736fa8d] output={null}]]]>
              </value>
            </param>
          </params>
          <reporter-output>
          </reporter-output>
        </test-method> <!-- captureString -->
        <test-method is-config="true" signature="generateExtentReports()[pri:0, instance:StepDefination.SigninPositiveNegativeLogin@6736fa8d]" started-at="2024-10-19T06:28:36 CDT" name="generateExtentReports" finished-at="2024-10-19T06:28:37 CDT" duration-ms="1001" status="PASS">
          <reporter-output>
          </reporter-output>
        </test-method> <!-- generateExtentReports -->
      </class> <!-- StepDefination.SigninPositiveNegativeLogin -->
      <class name="StepDefination.TreesClassFile">
        <test-method is-config="true" signature="initialiseExtentReports()[pri:0, instance:StepDefination.TreesClassFile@5456afaa]" started-at="2024-10-19T06:21:45 CDT" name="initialiseExtentReports" finished-at="2024-10-19T06:21:45 CDT" duration-ms="320" status="PASS">
          <reporter-output>
          </reporter-output>
        </test-method> <!-- initialiseExtentReports -->
        <test-method is-config="true" signature="generateExtentReports()[pri:0, instance:StepDefination.TreesClassFile@5456afaa]" started-at="2024-10-19T06:28:34 CDT" name="generateExtentReports" finished-at="2024-10-19T06:28:36 CDT" duration-ms="1740" status="PASS">
          <reporter-output>
          </reporter-output>
        </test-method> <!-- generateExtentReports -->
      </class> <!-- StepDefination.TreesClassFile -->
    </test> <!-- Test9 -->
  </suite> <!-- Suite -->
</testng-results>
