<?xml version="1.0" encoding="UTF-8"?>
<testng-results ignored="0" total="9" passed="9" failed="0" skipped="0">
  <reporter-output>
  </reporter-output>
  <suite started-at="2024-10-16T10:41:53 CDT" name="Suite" finished-at="2024-10-16T10:43:42 CDT" duration-ms="109487">
    <groups>
    </groups>
    <test started-at="2024-10-16T10:41:53 CDT" name="Test1" finished-at="2024-10-16T10:43:42 CDT" duration-ms="109487">
      <class name="StepDefination.QueuesStepDefinition">
        <test-method is-config="true" signature="BeforeSuite()[pri:0, instance:StepDefination.QueuesStepDefinition@38af9828]" started-at="2024-10-16T10:41:53 CDT" name="BeforeSuite" finished-at="2024-10-16T10:41:53 CDT" duration-ms="40" status="PASS">
          <reporter-output>
          </reporter-output>
        </test-method> <!-- BeforeSuite -->
        <test-method is-config="true" signature="BeforeScenario1()[pri:0, instance:StepDefination.QueuesStepDefinition@38af9828]" started-at="2024-10-16T10:41:53 CDT" name="BeforeScenario1" finished-at="2024-10-16T10:41:53 CDT" duration-ms="1" status="PASS">
          <reporter-output>
          </reporter-output>
        </test-method> <!-- BeforeScenario1 -->
        <test-method is-config="true" signature="username_password()[pri:0, instance:StepDefination.QueuesStepDefinition@38af9828]" started-at="2024-10-16T10:41:53 CDT" name="username_password" finished-at="2024-10-16T10:42:07 CDT" duration-ms="13948" status="PASS">
          <reporter-output>
          </reporter-output>
        </test-method> <!-- username_password -->
        <test-method signature="username_password()[pri:0, instance:StepDefination.QueuesStepDefinition@38af9828]" started-at="2024-10-16T10:42:07 CDT" name="username_password" finished-at="2024-10-16T10:42:14 CDT" duration-ms="6615" status="PASS">
          <reporter-output>
          </reporter-output>
        </test-method> <!-- username_password -->
        <test-method is-config="true" signature="username_password()[pri:0, instance:StepDefination.QueuesStepDefinition@38af9828]" started-at="2024-10-16T10:42:14 CDT" name="username_password" finished-at="2024-10-16T10:42:24 CDT" duration-ms="9853" status="PASS">
          <reporter-output>
          </reporter-output>
        </test-method> <!-- username_password -->
        <test-method signature="queues_paneIn([Ljava.lang.String;)[pri:0, instance:StepDefination.QueuesStepDefinition@38af9828]" started-at="2024-10-16T10:42:24 CDT" name="queues_paneIn" data-provider="Topics" finished-at="2024-10-16T10:42:29 CDT" duration-ms="5043" status="PASS">
          <params>
            <param index="0">
              <value>
                <![CDATA[[Ljava.lang.String;@77ce8bc5]]>
              </value>
            </param>
          </params>
          <reporter-output>
          </reporter-output>
        </test-method> <!-- queues_paneIn -->
        <test-method is-config="true" signature="username_password()[pri:0, instance:StepDefination.QueuesStepDefinition@38af9828]" started-at="2024-10-16T10:42:29 CDT" name="username_password" finished-at="2024-10-16T10:42:39 CDT" duration-ms="9593" status="PASS">
          <reporter-output>
          </reporter-output>
        </test-method> <!-- username_password -->
        <test-method signature="queues_paneIn([Ljava.lang.String;)[pri:0, instance:StepDefination.QueuesStepDefinition@38af9828]" started-at="2024-10-16T10:42:39 CDT" name="queues_paneIn" data-provider="Topics" finished-at="2024-10-16T10:42:46 CDT" duration-ms="6951" status="PASS">
          <params>
            <param index="0">
              <value>
                <![CDATA[[Ljava.lang.String;@2fcc5f49]]>
              </value>
            </param>
          </params>
          <reporter-output>
          </reporter-output>
        </test-method> <!-- queues_paneIn -->
        <test-method is-config="true" signature="username_password()[pri:0, instance:StepDefination.QueuesStepDefinition@38af9828]" started-at="2024-10-16T10:42:46 CDT" name="username_password" finished-at="2024-10-16T10:42:52 CDT" duration-ms="6427" status="PASS">
          <reporter-output>
          </reporter-output>
        </test-method> <!-- username_password -->
        <test-method signature="queues_paneIn([Ljava.lang.String;)[pri:0, instance:StepDefination.QueuesStepDefinition@38af9828]" started-at="2024-10-16T10:42:52 CDT" name="queues_paneIn" data-provider="Topics" finished-at="2024-10-16T10:42:55 CDT" duration-ms="3184" status="PASS">
          <params>
            <param index="0">
              <value>
                <![CDATA[[Ljava.lang.String;@569a26ab]]>
              </value>
            </param>
          </params>
          <reporter-output>
          </reporter-output>
        </test-method> <!-- queues_paneIn -->
        <test-method is-config="true" signature="username_password()[pri:0, instance:StepDefination.QueuesStepDefinition@38af9828]" started-at="2024-10-16T10:42:55 CDT" name="username_password" finished-at="2024-10-16T10:43:04 CDT" duration-ms="8994" status="PASS">
          <reporter-output>
          </reporter-output>
        </test-method> <!-- username_password -->
        <test-method signature="queues_paneIn([Ljava.lang.String;)[pri:0, instance:StepDefination.QueuesStepDefinition@38af9828]" started-at="2024-10-16T10:43:04 CDT" name="queues_paneIn" data-provider="Topics" finished-at="2024-10-16T10:43:09 CDT" duration-ms="4313" status="PASS">
          <params>
            <param index="0">
              <value>
                <![CDATA[[Ljava.lang.String;@1efcba00]]>
              </value>
            </param>
          </params>
          <reporter-output>
          </reporter-output>
        </test-method> <!-- queues_paneIn -->
        <test-method is-config="true" signature="username_password()[pri:0, instance:StepDefination.QueuesStepDefinition@38af9828]" started-at="2024-10-16T10:43:09 CDT" name="username_password" finished-at="2024-10-16T10:43:15 CDT" duration-ms="6448" status="PASS">
          <reporter-output>
          </reporter-output>
        </test-method> <!-- username_password -->
        <test-method signature="queues_pane_validcode([Ljava.lang.String;)[pri:0, instance:StepDefination.QueuesStepDefinition@38af9828]" started-at="2024-10-16T10:43:15 CDT" name="queues_pane_validcode" data-provider="Topics" finished-at="2024-10-16T10:43:18 CDT" duration-ms="2660" status="PASS">
          <params>
            <param index="0">
              <value>
                <![CDATA[[Ljava.lang.String;@65e05005]]>
              </value>
            </param>
          </params>
          <reporter-output>
          </reporter-output>
        </test-method> <!-- queues_pane_validcode -->
        <test-method is-config="true" signature="username_password()[pri:0, instance:StepDefination.QueuesStepDefinition@38af9828]" started-at="2024-10-16T10:43:18 CDT" name="username_password" finished-at="2024-10-16T10:43:23 CDT" duration-ms="5555" status="PASS">
          <reporter-output>
          </reporter-output>
        </test-method> <!-- username_password -->
        <test-method signature="queues_pane_validcode([Ljava.lang.String;)[pri:0, instance:StepDefination.QueuesStepDefinition@38af9828]" started-at="2024-10-16T10:43:23 CDT" name="queues_pane_validcode" data-provider="Topics" finished-at="2024-10-16T10:43:26 CDT" duration-ms="2706" status="PASS">
          <params>
            <param index="0">
              <value>
                <![CDATA[[Ljava.lang.String;@311d28f5]]>
              </value>
            </param>
          </params>
          <reporter-output>
          </reporter-output>
        </test-method> <!-- queues_pane_validcode -->
        <test-method is-config="true" signature="username_password()[pri:0, instance:StepDefination.QueuesStepDefinition@38af9828]" started-at="2024-10-16T10:43:26 CDT" name="username_password" finished-at="2024-10-16T10:43:31 CDT" duration-ms="5235" status="PASS">
          <reporter-output>
          </reporter-output>
        </test-method> <!-- username_password -->
        <test-method signature="queues_pane_validcode([Ljava.lang.String;)[pri:0, instance:StepDefination.QueuesStepDefinition@38af9828]" started-at="2024-10-16T10:43:31 CDT" name="queues_pane_validcode" data-provider="Topics" finished-at="2024-10-16T10:43:34 CDT" duration-ms="2631" status="PASS">
          <params>
            <param index="0">
              <value>
                <![CDATA[[Ljava.lang.String;@c190cfc]]>
              </value>
            </param>
          </params>
          <reporter-output>
          </reporter-output>
        </test-method> <!-- queues_pane_validcode -->
        <test-method is-config="true" signature="username_password()[pri:0, instance:StepDefination.QueuesStepDefinition@38af9828]" started-at="2024-10-16T10:43:34 CDT" name="username_password" finished-at="2024-10-16T10:43:40 CDT" duration-ms="5692" status="PASS">
          <reporter-output>
          </reporter-output>
        </test-method> <!-- username_password -->
        <test-method signature="queues_pane_validcode([Ljava.lang.String;)[pri:0, instance:StepDefination.QueuesStepDefinition@38af9828]" started-at="2024-10-16T10:43:40 CDT" name="queues_pane_validcode" data-provider="Topics" finished-at="2024-10-16T10:43:42 CDT" duration-ms="2753" status="PASS">
          <params>
            <param index="0">
              <value>
                <![CDATA[[Ljava.lang.String;@6ed691fd]]>
              </value>
            </param>
          </params>
          <reporter-output>
          </reporter-output>
        </test-method> <!-- queues_pane_validcode -->
      </class> <!-- StepDefination.QueuesStepDefinition -->
    </test> <!-- Test1 -->
  </suite> <!-- Suite -->
</testng-results>
