<?xml version="1.0" encoding="UTF-8"?>
<testng-results ignored="0" total="9" passed="9" failed="0" skipped="0">
  <reporter-output>
  </reporter-output>
  <suite started-at="2024-10-15T04:42:34 CDT" name="Suite" finished-at="2024-10-15T04:44:05 CDT" duration-ms="90613">
    <groups>
    </groups>
    <test started-at="2024-10-15T04:42:34 CDT" name="Test1" finished-at="2024-10-15T04:44:05 CDT" duration-ms="90613">
      <class name="StepDefination.QueuesStepDefinition">
        <test-method is-config="true" signature="BeforeSuite()[pri:0, instance:StepDefination.QueuesStepDefinition@38af9828]" started-at="2024-10-15T04:42:34 CDT" name="BeforeSuite" finished-at="2024-10-15T04:42:34 CDT" duration-ms="36" status="PASS">
          <reporter-output>
          </reporter-output>
        </test-method> <!-- BeforeSuite -->
        <test-method is-config="true" signature="BeforeScenario1()[pri:0, instance:StepDefination.QueuesStepDefinition@38af9828]" started-at="2024-10-15T04:42:34 CDT" name="BeforeScenario1" finished-at="2024-10-15T04:42:34 CDT" duration-ms="1" status="PASS">
          <reporter-output>
          </reporter-output>
        </test-method> <!-- BeforeScenario1 -->
        <test-method is-config="true" signature="username_password()[pri:0, instance:StepDefination.QueuesStepDefinition@38af9828]" started-at="2024-10-15T04:42:34 CDT" name="username_password" finished-at="2024-10-15T04:42:43 CDT" duration-ms="8900" status="PASS">
          <reporter-output>
          </reporter-output>
        </test-method> <!-- username_password -->
        <test-method signature="username_password()[pri:0, instance:StepDefination.QueuesStepDefinition@38af9828]" started-at="2024-10-15T04:42:44 CDT" name="username_password" finished-at="2024-10-15T04:42:50 CDT" duration-ms="6082" status="PASS">
          <reporter-output>
          </reporter-output>
        </test-method> <!-- username_password -->
        <test-method is-config="true" signature="username_password()[pri:0, instance:StepDefination.QueuesStepDefinition@38af9828]" started-at="2024-10-15T04:42:50 CDT" name="username_password" finished-at="2024-10-15T04:43:04 CDT" duration-ms="13411" status="PASS">
          <reporter-output>
          </reporter-output>
        </test-method> <!-- username_password -->
        <test-method signature="queues_paneIn([Ljava.lang.String;)[pri:0, instance:StepDefination.QueuesStepDefinition@38af9828]" started-at="2024-10-15T04:43:04 CDT" name="queues_paneIn" data-provider="Topics" finished-at="2024-10-15T04:43:09 CDT" duration-ms="5489" status="PASS">
          <params>
            <param index="0">
              <value>
                <![CDATA[[Ljava.lang.String;@20184ade]]>
              </value>
            </param>
          </params>
          <reporter-output>
          </reporter-output>
        </test-method> <!-- queues_paneIn -->
        <test-method is-config="true" signature="username_password()[pri:0, instance:StepDefination.QueuesStepDefinition@38af9828]" started-at="2024-10-15T04:43:09 CDT" name="username_password" finished-at="2024-10-15T04:43:15 CDT" duration-ms="6037" status="PASS">
          <reporter-output>
          </reporter-output>
        </test-method> <!-- username_password -->
        <test-method signature="queues_paneIn([Ljava.lang.String;)[pri:0, instance:StepDefination.QueuesStepDefinition@38af9828]" started-at="2024-10-15T04:43:15 CDT" name="queues_paneIn" data-provider="Topics" finished-at="2024-10-15T04:43:19 CDT" duration-ms="3428" status="PASS">
          <params>
            <param index="0">
              <value>
                <![CDATA[[Ljava.lang.String;@22361e23]]>
              </value>
            </param>
          </params>
          <reporter-output>
          </reporter-output>
        </test-method> <!-- queues_paneIn -->
        <test-method is-config="true" signature="username_password()[pri:0, instance:StepDefination.QueuesStepDefinition@38af9828]" started-at="2024-10-15T04:43:19 CDT" name="username_password" finished-at="2024-10-15T04:43:24 CDT" duration-ms="5497" status="PASS">
          <reporter-output>
          </reporter-output>
        </test-method> <!-- username_password -->
        <test-method signature="queues_paneIn([Ljava.lang.String;)[pri:0, instance:StepDefination.QueuesStepDefinition@38af9828]" started-at="2024-10-15T04:43:24 CDT" name="queues_paneIn" data-provider="Topics" finished-at="2024-10-15T04:43:26 CDT" duration-ms="2400" status="PASS">
          <params>
            <param index="0">
              <value>
                <![CDATA[[Ljava.lang.String;@26aee0a6]]>
              </value>
            </param>
          </params>
          <reporter-output>
          </reporter-output>
        </test-method> <!-- queues_paneIn -->
        <test-method is-config="true" signature="username_password()[pri:0, instance:StepDefination.QueuesStepDefinition@38af9828]" started-at="2024-10-15T04:43:26 CDT" name="username_password" finished-at="2024-10-15T04:43:31 CDT" duration-ms="4970" status="PASS">
          <reporter-output>
          </reporter-output>
        </test-method> <!-- username_password -->
        <test-method signature="queues_paneIn([Ljava.lang.String;)[pri:0, instance:StepDefination.QueuesStepDefinition@38af9828]" started-at="2024-10-15T04:43:31 CDT" name="queues_paneIn" data-provider="Topics" finished-at="2024-10-15T04:43:35 CDT" duration-ms="3206" status="PASS">
          <params>
            <param index="0">
              <value>
                <![CDATA[[Ljava.lang.String;@2e0516a3]]>
              </value>
            </param>
          </params>
          <reporter-output>
          </reporter-output>
        </test-method> <!-- queues_paneIn -->
        <test-method is-config="true" signature="username_password()[pri:0, instance:StepDefination.QueuesStepDefinition@38af9828]" started-at="2024-10-15T04:43:35 CDT" name="username_password" finished-at="2024-10-15T04:43:40 CDT" duration-ms="4806" status="PASS">
          <reporter-output>
          </reporter-output>
        </test-method> <!-- username_password -->
        <test-method signature="queues_pane_validcode([Ljava.lang.String;)[pri:0, instance:StepDefination.QueuesStepDefinition@38af9828]" started-at="2024-10-15T04:43:40 CDT" name="queues_pane_validcode" data-provider="Topics" finished-at="2024-10-15T04:43:42 CDT" duration-ms="2290" status="PASS">
          <params>
            <param index="0">
              <value>
                <![CDATA[[Ljava.lang.String;@6f4d2294]]>
              </value>
            </param>
          </params>
          <reporter-output>
          </reporter-output>
        </test-method> <!-- queues_pane_validcode -->
        <test-method is-config="true" signature="username_password()[pri:0, instance:StepDefination.QueuesStepDefinition@38af9828]" started-at="2024-10-15T04:43:42 CDT" name="username_password" finished-at="2024-10-15T04:43:47 CDT" duration-ms="5455" status="PASS">
          <reporter-output>
          </reporter-output>
        </test-method> <!-- username_password -->
        <test-method signature="queues_pane_validcode([Ljava.lang.String;)[pri:0, instance:StepDefination.QueuesStepDefinition@38af9828]" started-at="2024-10-15T04:43:47 CDT" name="queues_pane_validcode" data-provider="Topics" finished-at="2024-10-15T04:43:50 CDT" duration-ms="2454" status="PASS">
          <params>
            <param index="0">
              <value>
                <![CDATA[[Ljava.lang.String;@32a4ea4e]]>
              </value>
            </param>
          </params>
          <reporter-output>
          </reporter-output>
        </test-method> <!-- queues_pane_validcode -->
        <test-method is-config="true" signature="username_password()[pri:0, instance:StepDefination.QueuesStepDefinition@38af9828]" started-at="2024-10-15T04:43:50 CDT" name="username_password" finished-at="2024-10-15T04:43:55 CDT" duration-ms="5208" status="PASS">
          <reporter-output>
          </reporter-output>
        </test-method> <!-- username_password -->
        <test-method signature="queues_pane_validcode([Ljava.lang.String;)[pri:0, instance:StepDefination.QueuesStepDefinition@38af9828]" started-at="2024-10-15T04:43:55 CDT" name="queues_pane_validcode" data-provider="Topics" finished-at="2024-10-15T04:43:57 CDT" duration-ms="2404" status="PASS">
          <params>
            <param index="0">
              <value>
                <![CDATA[[Ljava.lang.String;@347b370c]]>
              </value>
            </param>
          </params>
          <reporter-output>
          </reporter-output>
        </test-method> <!-- queues_pane_validcode -->
        <test-method is-config="true" signature="username_password()[pri:0, instance:StepDefination.QueuesStepDefinition@38af9828]" started-at="2024-10-15T04:43:57 CDT" name="username_password" finished-at="2024-10-15T04:44:02 CDT" duration-ms="4869" status="PASS">
          <reporter-output>
          </reporter-output>
        </test-method> <!-- username_password -->
        <test-method signature="queues_pane_validcode([Ljava.lang.String;)[pri:0, instance:StepDefination.QueuesStepDefinition@38af9828]" started-at="2024-10-15T04:44:02 CDT" name="queues_pane_validcode" data-provider="Topics" finished-at="2024-10-15T04:44:05 CDT" duration-ms="2795" status="PASS">
          <params>
            <param index="0">
              <value>
                <![CDATA[[Ljava.lang.String;@6cde0c69]]>
              </value>
            </param>
          </params>
          <reporter-output>
          </reporter-output>
        </test-method> <!-- queues_pane_validcode -->
      </class> <!-- StepDefination.QueuesStepDefinition -->
    </test> <!-- Test1 -->
  </suite> <!-- Suite -->
</testng-results>
