<?xml version="1.0" encoding="UTF-8"?>
<testng-results ignored="0" total="9" passed="9" failed="0" skipped="0">
  <reporter-output>
  </reporter-output>
  <suite started-at="2024-10-07T19:24:07 IST" name="Suite" finished-at="2024-10-07T19:26:04 IST" duration-ms="117080">
    <groups>
    </groups>
    <test started-at="2024-10-07T19:24:07 IST" name="Test" finished-at="2024-10-07T19:26:04 IST" duration-ms="117080">
      <class name="StepDefination.ArraysDocPageStepDefination">
        <test-method is-config="true" signature="BeforeSuite()[pri:0, instance:StepDefination.ArraysDocPageStepDefination@38af9828]" started-at="2024-10-07T19:24:07 IST" name="BeforeSuite" finished-at="2024-10-07T19:24:07 IST" duration-ms="19" status="PASS">
          <reporter-output>
          </reporter-output>
        </test-method> <!-- BeforeSuite -->
        <test-method is-config="true" signature="BeforeScenario1()[pri:0, instance:StepDefination.ArraysDocPageStepDefination@38af9828]" started-at="2024-10-07T19:24:07 IST" name="BeforeScenario1" finished-at="2024-10-07T19:24:07 IST" duration-ms="1" status="PASS">
          <reporter-output>
          </reporter-output>
        </test-method> <!-- BeforeScenario1 -->
        <test-method is-config="true" signature="username_password()[pri:0, instance:StepDefination.ArraysDocPageStepDefination@38af9828]" started-at="2024-10-07T19:24:07 IST" name="username_password" finished-at="2024-10-07T19:24:16 IST" duration-ms="9496" status="PASS">
          <reporter-output>
          </reporter-output>
        </test-method> <!-- username_password -->
        <test-method signature="Arraypage(java.lang.String)[pri:0, instance:StepDefination.ArraysDocPageStepDefination@38af9828]" started-at="2024-10-07T19:24:16 IST" name="Arraypage" data-provider="Arraysdatapro" finished-at="2024-10-07T19:24:32 IST" duration-ms="15517" status="PASS">
          <params>
            <param index="0">
              <value>
                <![CDATA[Arrays in Python]]>
              </value>
            </param>
          </params>
          <reporter-output>
          </reporter-output>
        </test-method> <!-- Arraypage -->
        <test-method is-config="true" signature="username_password()[pri:0, instance:StepDefination.ArraysDocPageStepDefination@38af9828]" started-at="2024-10-07T19:24:32 IST" name="username_password" finished-at="2024-10-07T19:24:39 IST" duration-ms="6990" status="PASS">
          <reporter-output>
          </reporter-output>
        </test-method> <!-- username_password -->
        <test-method signature="Arraypage(java.lang.String)[pri:0, instance:StepDefination.ArraysDocPageStepDefination@38af9828]" started-at="2024-10-07T19:24:39 IST" name="Arraypage" data-provider="Arraysdatapro" finished-at="2024-10-07T19:24:44 IST" duration-ms="4554" status="PASS">
          <params>
            <param index="0">
              <value>
                <![CDATA[Arrays Using List]]>
              </value>
            </param>
          </params>
          <reporter-output>
          </reporter-output>
        </test-method> <!-- Arraypage -->
        <test-method is-config="true" signature="username_password()[pri:0, instance:StepDefination.ArraysDocPageStepDefination@38af9828]" started-at="2024-10-07T19:24:44 IST" name="username_password" finished-at="2024-10-07T19:24:51 IST" duration-ms="7346" status="PASS">
          <reporter-output>
          </reporter-output>
        </test-method> <!-- username_password -->
        <test-method signature="Arraypage(java.lang.String)[pri:0, instance:StepDefination.ArraysDocPageStepDefination@38af9828]" started-at="2024-10-07T19:24:51 IST" name="Arraypage" data-provider="Arraysdatapro" finished-at="2024-10-07T19:24:55 IST" duration-ms="4590" status="PASS">
          <params>
            <param index="0">
              <value>
                <![CDATA[Basic Operations in Lists]]>
              </value>
            </param>
          </params>
          <reporter-output>
          </reporter-output>
        </test-method> <!-- Arraypage -->
        <test-method is-config="true" signature="username_password()[pri:0, instance:StepDefination.ArraysDocPageStepDefination@38af9828]" started-at="2024-10-07T19:24:55 IST" name="username_password" finished-at="2024-10-07T19:25:02 IST" duration-ms="6267" status="PASS">
          <reporter-output>
          </reporter-output>
        </test-method> <!-- username_password -->
        <test-method signature="Arraypage(java.lang.String)[pri:0, instance:StepDefination.ArraysDocPageStepDefination@38af9828]" started-at="2024-10-07T19:25:02 IST" name="Arraypage" data-provider="Arraysdatapro" finished-at="2024-10-07T19:25:06 IST" duration-ms="4633" status="PASS">
          <params>
            <param index="0">
              <value>
                <![CDATA[Applications of Array]]>
              </value>
            </param>
          </params>
          <reporter-output>
          </reporter-output>
        </test-method> <!-- Arraypage -->
        <test-method is-config="true" signature="username_password()[pri:0, instance:StepDefination.ArraysDocPageStepDefination@38af9828]" started-at="2024-10-07T19:25:06 IST" name="username_password" finished-at="2024-10-07T19:25:13 IST" duration-ms="6153" status="PASS">
          <reporter-output>
          </reporter-output>
        </test-method> <!-- username_password -->
        <test-method signature="usingDp(java.lang.String)[pri:0, instance:StepDefination.ArraysDocPageStepDefination@38af9828]" started-at="2024-10-07T19:25:13 IST" name="usingDp" data-provider="Arraysdatapro" finished-at="2024-10-07T19:25:17 IST" duration-ms="4745" status="PASS">
          <params>
            <param index="0">
              <value>
                <![CDATA[Arrays in Python]]>
              </value>
            </param>
          </params>
          <reporter-output>
          </reporter-output>
        </test-method> <!-- usingDp -->
        <test-method is-config="true" signature="username_password()[pri:0, instance:StepDefination.ArraysDocPageStepDefination@38af9828]" started-at="2024-10-07T19:25:17 IST" name="username_password" finished-at="2024-10-07T19:25:24 IST" duration-ms="6219" status="PASS">
          <reporter-output>
          </reporter-output>
        </test-method> <!-- username_password -->
        <test-method signature="usingDp(java.lang.String)[pri:0, instance:StepDefination.ArraysDocPageStepDefination@38af9828]" started-at="2024-10-07T19:25:24 IST" name="usingDp" data-provider="Arraysdatapro" finished-at="2024-10-07T19:25:28 IST" duration-ms="4653" status="PASS">
          <params>
            <param index="0">
              <value>
                <![CDATA[Arrays Using List]]>
              </value>
            </param>
          </params>
          <reporter-output>
          </reporter-output>
        </test-method> <!-- usingDp -->
        <test-method is-config="true" signature="username_password()[pri:0, instance:StepDefination.ArraysDocPageStepDefination@38af9828]" started-at="2024-10-07T19:25:28 IST" name="username_password" finished-at="2024-10-07T19:25:35 IST" duration-ms="6957" status="PASS">
          <reporter-output>
          </reporter-output>
        </test-method> <!-- username_password -->
        <test-method signature="usingDp(java.lang.String)[pri:0, instance:StepDefination.ArraysDocPageStepDefination@38af9828]" started-at="2024-10-07T19:25:35 IST" name="usingDp" data-provider="Arraysdatapro" finished-at="2024-10-07T19:25:40 IST" duration-ms="4469" status="PASS">
          <params>
            <param index="0">
              <value>
                <![CDATA[Basic Operations in Lists]]>
              </value>
            </param>
          </params>
          <reporter-output>
          </reporter-output>
        </test-method> <!-- usingDp -->
        <test-method is-config="true" signature="username_password()[pri:0, instance:StepDefination.ArraysDocPageStepDefination@38af9828]" started-at="2024-10-07T19:25:40 IST" name="username_password" finished-at="2024-10-07T19:25:46 IST" duration-ms="6353" status="PASS">
          <reporter-output>
          </reporter-output>
        </test-method> <!-- username_password -->
        <test-method signature="usingDp(java.lang.String)[pri:0, instance:StepDefination.ArraysDocPageStepDefination@38af9828]" started-at="2024-10-07T19:25:46 IST" name="usingDp" data-provider="Arraysdatapro" finished-at="2024-10-07T19:25:50 IST" duration-ms="4385" status="PASS">
          <params>
            <param index="0">
              <value>
                <![CDATA[Applications of Array]]>
              </value>
            </param>
          </params>
          <reporter-output>
          </reporter-output>
        </test-method> <!-- usingDp -->
        <test-method is-config="true" signature="username_password()[pri:0, instance:StepDefination.ArraysDocPageStepDefination@38af9828]" started-at="2024-10-07T19:25:50 IST" name="username_password" finished-at="2024-10-07T19:25:58 IST" duration-ms="7467" status="PASS">
          <reporter-output>
          </reporter-output>
        </test-method> <!-- username_password -->
        <test-method signature="username_password()[pri:0, instance:StepDefination.ArraysDocPageStepDefination@38af9828]" started-at="2024-10-07T19:25:58 IST" name="username_password" finished-at="2024-10-07T19:26:04 IST" duration-ms="6038" status="PASS">
          <reporter-output>
          </reporter-output>
        </test-method> <!-- username_password -->
      </class> <!-- StepDefination.ArraysDocPageStepDefination -->
    </test> <!-- Test -->
  </suite> <!-- Suite -->
</testng-results>
