<?xml version="1.0" encoding="UTF-8"?>
<testng-results ignored="0" total="23" passed="23" failed="0" skipped="0">
  <reporter-output>
  </reporter-output>
  <suite started-at="2024-10-16T13:32:24 EDT" name="Suite" finished-at="2024-10-16T13:34:55 EDT" duration-ms="151137">
    <groups>
    </groups>
    <test started-at="2024-10-16T13:32:24 EDT" name="Test1" finished-at="2024-10-16T13:34:55 EDT" duration-ms="151137">
      <class name="StepDefination.TreesStepDefinition">
        <test-method is-config="true" signature="username_password()[pri:0, instance:StepDefination.TreesStepDefinition@4b8729ff]" started-at="2024-10-16T13:32:24 EDT" name="username_password" finished-at="2024-10-16T13:32:30 EDT" duration-ms="6151" status="PASS">
          <reporter-output>
          </reporter-output>
        </test-method> <!-- username_password -->
        <test-method signature="username_password()[pri:0, instance:StepDefination.TreesStepDefinition@4b8729ff]" started-at="2024-10-16T13:32:30 EDT" name="username_password" finished-at="2024-10-16T13:32:34 EDT" duration-ms="4473" status="PASS">
          <reporter-output>
          </reporter-output>
        </test-method> <!-- username_password -->
        <test-method is-config="true" signature="username_password()[pri:0, instance:StepDefination.TreesStepDefinition@4b8729ff]" started-at="2024-10-16T13:32:35 EDT" name="username_password" finished-at="2024-10-16T13:32:40 EDT" duration-ms="5000" status="PASS">
          <reporter-output>
          </reporter-output>
        </test-method> <!-- username_password -->
        <test-method signature="invalid_trees_pane([Ljava.lang.String;)[pri:0, instance:StepDefination.TreesStepDefinition@4b8729ff]" started-at="2024-10-16T13:32:40 EDT" name="invalid_trees_pane" data-provider="TreesTopics" finished-at="2024-10-16T13:32:45 EDT" duration-ms="5244" status="PASS">
          <params>
            <param index="0">
              <value>
                <![CDATA[[Ljava.lang.String;@7385a72f]]>
              </value>
            </param>
          </params>
          <reporter-output>
          </reporter-output>
        </test-method> <!-- invalid_trees_pane -->
        <test-method is-config="true" signature="username_password()[pri:0, instance:StepDefination.TreesStepDefinition@4b8729ff]" started-at="2024-10-16T13:32:45 EDT" name="username_password" finished-at="2024-10-16T13:32:49 EDT" duration-ms="4658" status="PASS">
          <reporter-output>
          </reporter-output>
        </test-method> <!-- username_password -->
        <test-method signature="invalid_trees_pane([Ljava.lang.String;)[pri:0, instance:StepDefination.TreesStepDefinition@4b8729ff]" started-at="2024-10-16T13:32:49 EDT" name="invalid_trees_pane" data-provider="TreesTopics" finished-at="2024-10-16T13:32:53 EDT" duration-ms="3525" status="PASS">
          <params>
            <param index="0">
              <value>
                <![CDATA[[Ljava.lang.String;@366c9912]]>
              </value>
            </param>
          </params>
          <reporter-output>
          </reporter-output>
        </test-method> <!-- invalid_trees_pane -->
        <test-method is-config="true" signature="username_password()[pri:0, instance:StepDefination.TreesStepDefinition@4b8729ff]" started-at="2024-10-16T13:32:53 EDT" name="username_password" finished-at="2024-10-16T13:32:57 EDT" duration-ms="4458" status="PASS">
          <reporter-output>
          </reporter-output>
        </test-method> <!-- username_password -->
        <test-method signature="invalid_trees_pane([Ljava.lang.String;)[pri:0, instance:StepDefination.TreesStepDefinition@4b8729ff]" started-at="2024-10-16T13:32:57 EDT" name="invalid_trees_pane" data-provider="TreesTopics" finished-at="2024-10-16T13:32:59 EDT" duration-ms="1956" status="PASS">
          <params>
            <param index="0">
              <value>
                <![CDATA[[Ljava.lang.String;@7ca2319f]]>
              </value>
            </param>
          </params>
          <reporter-output>
          </reporter-output>
        </test-method> <!-- invalid_trees_pane -->
        <test-method is-config="true" signature="username_password()[pri:0, instance:StepDefination.TreesStepDefinition@4b8729ff]" started-at="2024-10-16T13:32:59 EDT" name="username_password" finished-at="2024-10-16T13:33:03 EDT" duration-ms="3906" status="PASS">
          <reporter-output>
          </reporter-output>
        </test-method> <!-- username_password -->
        <test-method signature="invalid_trees_pane([Ljava.lang.String;)[pri:0, instance:StepDefination.TreesStepDefinition@4b8729ff]" started-at="2024-10-16T13:33:03 EDT" name="invalid_trees_pane" data-provider="TreesTopics" finished-at="2024-10-16T13:33:05 EDT" duration-ms="2007" status="PASS">
          <params>
            <param index="0">
              <value>
                <![CDATA[[Ljava.lang.String;@78ca8258]]>
              </value>
            </param>
          </params>
          <reporter-output>
          </reporter-output>
        </test-method> <!-- invalid_trees_pane -->
        <test-method is-config="true" signature="username_password()[pri:0, instance:StepDefination.TreesStepDefinition@4b8729ff]" started-at="2024-10-16T13:33:05 EDT" name="username_password" finished-at="2024-10-16T13:33:09 EDT" duration-ms="4015" status="PASS">
          <reporter-output>
          </reporter-output>
        </test-method> <!-- username_password -->
        <test-method signature="invalid_trees_pane([Ljava.lang.String;)[pri:0, instance:StepDefination.TreesStepDefinition@4b8729ff]" started-at="2024-10-16T13:33:09 EDT" name="invalid_trees_pane" data-provider="TreesTopics" finished-at="2024-10-16T13:33:11 EDT" duration-ms="2120" status="PASS">
          <params>
            <param index="0">
              <value>
                <![CDATA[[Ljava.lang.String;@5ff12345]]>
              </value>
            </param>
          </params>
          <reporter-output>
          </reporter-output>
        </test-method> <!-- invalid_trees_pane -->
        <test-method is-config="true" signature="username_password()[pri:0, instance:StepDefination.TreesStepDefinition@4b8729ff]" started-at="2024-10-16T13:33:11 EDT" name="username_password" finished-at="2024-10-16T13:33:15 EDT" duration-ms="3973" status="PASS">
          <reporter-output>
          </reporter-output>
        </test-method> <!-- username_password -->
        <test-method signature="invalid_trees_pane([Ljava.lang.String;)[pri:0, instance:StepDefination.TreesStepDefinition@4b8729ff]" started-at="2024-10-16T13:33:15 EDT" name="invalid_trees_pane" data-provider="TreesTopics" finished-at="2024-10-16T13:33:18 EDT" duration-ms="2152" status="PASS">
          <params>
            <param index="0">
              <value>
                <![CDATA[[Ljava.lang.String;@38224635]]>
              </value>
            </param>
          </params>
          <reporter-output>
          </reporter-output>
        </test-method> <!-- invalid_trees_pane -->
        <test-method is-config="true" signature="username_password()[pri:0, instance:StepDefination.TreesStepDefinition@4b8729ff]" started-at="2024-10-16T13:33:18 EDT" name="username_password" finished-at="2024-10-16T13:33:22 EDT" duration-ms="4116" status="PASS">
          <reporter-output>
          </reporter-output>
        </test-method> <!-- username_password -->
        <test-method signature="invalid_trees_pane([Ljava.lang.String;)[pri:0, instance:StepDefination.TreesStepDefinition@4b8729ff]" started-at="2024-10-16T13:33:22 EDT" name="invalid_trees_pane" data-provider="TreesTopics" finished-at="2024-10-16T13:33:24 EDT" duration-ms="2342" status="PASS">
          <params>
            <param index="0">
              <value>
                <![CDATA[[Ljava.lang.String;@2a3c3a04]]>
              </value>
            </param>
          </params>
          <reporter-output>
          </reporter-output>
        </test-method> <!-- invalid_trees_pane -->
        <test-method is-config="true" signature="username_password()[pri:0, instance:StepDefination.TreesStepDefinition@4b8729ff]" started-at="2024-10-16T13:33:24 EDT" name="username_password" finished-at="2024-10-16T13:33:28 EDT" duration-ms="4141" status="PASS">
          <reporter-output>
          </reporter-output>
        </test-method> <!-- username_password -->
        <test-method signature="invalid_trees_pane([Ljava.lang.String;)[pri:0, instance:StepDefination.TreesStepDefinition@4b8729ff]" started-at="2024-10-16T13:33:28 EDT" name="invalid_trees_pane" data-provider="TreesTopics" finished-at="2024-10-16T13:33:30 EDT" duration-ms="1993" status="PASS">
          <params>
            <param index="0">
              <value>
                <![CDATA[[Ljava.lang.String;@9fc125b]]>
              </value>
            </param>
          </params>
          <reporter-output>
          </reporter-output>
        </test-method> <!-- invalid_trees_pane -->
        <test-method is-config="true" signature="username_password()[pri:0, instance:StepDefination.TreesStepDefinition@4b8729ff]" started-at="2024-10-16T13:33:30 EDT" name="username_password" finished-at="2024-10-16T13:33:34 EDT" duration-ms="4185" status="PASS">
          <reporter-output>
          </reporter-output>
        </test-method> <!-- username_password -->
        <test-method signature="invalid_trees_pane([Ljava.lang.String;)[pri:0, instance:StepDefination.TreesStepDefinition@4b8729ff]" started-at="2024-10-16T13:33:34 EDT" name="invalid_trees_pane" data-provider="TreesTopics" finished-at="2024-10-16T13:33:36 EDT" duration-ms="2024" status="PASS">
          <params>
            <param index="0">
              <value>
                <![CDATA[[Ljava.lang.String;@653a5a]]>
              </value>
            </param>
          </params>
          <reporter-output>
          </reporter-output>
        </test-method> <!-- invalid_trees_pane -->
        <test-method is-config="true" signature="username_password()[pri:0, instance:StepDefination.TreesStepDefinition@4b8729ff]" started-at="2024-10-16T13:33:36 EDT" name="username_password" finished-at="2024-10-16T13:33:41 EDT" duration-ms="4181" status="PASS">
          <reporter-output>
          </reporter-output>
        </test-method> <!-- username_password -->
        <test-method signature="invalid_trees_pane([Ljava.lang.String;)[pri:0, instance:StepDefination.TreesStepDefinition@4b8729ff]" started-at="2024-10-16T13:33:41 EDT" name="invalid_trees_pane" data-provider="TreesTopics" finished-at="2024-10-16T13:33:43 EDT" duration-ms="2438" status="PASS">
          <params>
            <param index="0">
              <value>
                <![CDATA[[Ljava.lang.String;@19ce597a]]>
              </value>
            </param>
          </params>
          <reporter-output>
          </reporter-output>
        </test-method> <!-- invalid_trees_pane -->
        <test-method is-config="true" signature="username_password()[pri:0, instance:StepDefination.TreesStepDefinition@4b8729ff]" started-at="2024-10-16T13:33:43 EDT" name="username_password" finished-at="2024-10-16T13:33:47 EDT" duration-ms="3874" status="PASS">
          <reporter-output>
          </reporter-output>
        </test-method> <!-- username_password -->
        <test-method signature="invalid_trees_pane([Ljava.lang.String;)[pri:0, instance:StepDefination.TreesStepDefinition@4b8729ff]" started-at="2024-10-16T13:33:47 EDT" name="invalid_trees_pane" data-provider="TreesTopics" finished-at="2024-10-16T13:33:49 EDT" duration-ms="2041" status="PASS">
          <params>
            <param index="0">
              <value>
                <![CDATA[[Ljava.lang.String;@5e445ffe]]>
              </value>
            </param>
          </params>
          <reporter-output>
          </reporter-output>
        </test-method> <!-- invalid_trees_pane -->
        <test-method is-config="true" signature="username_password()[pri:0, instance:StepDefination.TreesStepDefinition@4b8729ff]" started-at="2024-10-16T13:33:49 EDT" name="username_password" finished-at="2024-10-16T13:33:53 EDT" duration-ms="4027" status="PASS">
          <reporter-output>
          </reporter-output>
        </test-method> <!-- username_password -->
        <test-method signature="valid_trees_pane([Ljava.lang.String;)[pri:0, instance:StepDefination.TreesStepDefinition@4b8729ff]" started-at="2024-10-16T13:33:53 EDT" name="valid_trees_pane" data-provider="TreesTopics" finished-at="2024-10-16T13:33:55 EDT" duration-ms="2046" status="PASS">
          <params>
            <param index="0">
              <value>
                <![CDATA[[Ljava.lang.String;@62129f97]]>
              </value>
            </param>
          </params>
          <reporter-output>
          </reporter-output>
        </test-method> <!-- valid_trees_pane -->
        <test-method is-config="true" signature="username_password()[pri:0, instance:StepDefination.TreesStepDefinition@4b8729ff]" started-at="2024-10-16T13:33:55 EDT" name="username_password" finished-at="2024-10-16T13:33:59 EDT" duration-ms="3880" status="PASS">
          <reporter-output>
          </reporter-output>
        </test-method> <!-- username_password -->
        <test-method signature="valid_trees_pane([Ljava.lang.String;)[pri:0, instance:StepDefination.TreesStepDefinition@4b8729ff]" started-at="2024-10-16T13:33:59 EDT" name="valid_trees_pane" data-provider="TreesTopics" finished-at="2024-10-16T13:34:01 EDT" duration-ms="2074" status="PASS">
          <params>
            <param index="0">
              <value>
                <![CDATA[[Ljava.lang.String;@624268ab]]>
              </value>
            </param>
          </params>
          <reporter-output>
          </reporter-output>
        </test-method> <!-- valid_trees_pane -->
        <test-method is-config="true" signature="username_password()[pri:0, instance:StepDefination.TreesStepDefinition@4b8729ff]" started-at="2024-10-16T13:34:01 EDT" name="username_password" finished-at="2024-10-16T13:34:05 EDT" duration-ms="3936" status="PASS">
          <reporter-output>
          </reporter-output>
        </test-method> <!-- username_password -->
        <test-method signature="valid_trees_pane([Ljava.lang.String;)[pri:0, instance:StepDefination.TreesStepDefinition@4b8729ff]" started-at="2024-10-16T13:34:05 EDT" name="valid_trees_pane" data-provider="TreesTopics" finished-at="2024-10-16T13:34:07 EDT" duration-ms="1936" status="PASS">
          <params>
            <param index="0">
              <value>
                <![CDATA[[Ljava.lang.String;@33315925]]>
              </value>
            </param>
          </params>
          <reporter-output>
          </reporter-output>
        </test-method> <!-- valid_trees_pane -->
        <test-method is-config="true" signature="username_password()[pri:0, instance:StepDefination.TreesStepDefinition@4b8729ff]" started-at="2024-10-16T13:34:07 EDT" name="username_password" finished-at="2024-10-16T13:34:11 EDT" duration-ms="3645" status="PASS">
          <reporter-output>
          </reporter-output>
        </test-method> <!-- username_password -->
        <test-method signature="valid_trees_pane([Ljava.lang.String;)[pri:0, instance:StepDefination.TreesStepDefinition@4b8729ff]" started-at="2024-10-16T13:34:11 EDT" name="valid_trees_pane" data-provider="TreesTopics" finished-at="2024-10-16T13:34:13 EDT" duration-ms="2099" status="PASS">
          <params>
            <param index="0">
              <value>
                <![CDATA[[Ljava.lang.String;@628b9af5]]>
              </value>
            </param>
          </params>
          <reporter-output>
          </reporter-output>
        </test-method> <!-- valid_trees_pane -->
        <test-method is-config="true" signature="username_password()[pri:0, instance:StepDefination.TreesStepDefinition@4b8729ff]" started-at="2024-10-16T13:34:13 EDT" name="username_password" finished-at="2024-10-16T13:34:17 EDT" duration-ms="3812" status="PASS">
          <reporter-output>
          </reporter-output>
        </test-method> <!-- username_password -->
        <test-method signature="valid_trees_pane([Ljava.lang.String;)[pri:0, instance:StepDefination.TreesStepDefinition@4b8729ff]" started-at="2024-10-16T13:34:17 EDT" name="valid_trees_pane" data-provider="TreesTopics" finished-at="2024-10-16T13:34:19 EDT" duration-ms="2030" status="PASS">
          <params>
            <param index="0">
              <value>
                <![CDATA[[Ljava.lang.String;@20e25bf7]]>
              </value>
            </param>
          </params>
          <reporter-output>
          </reporter-output>
        </test-method> <!-- valid_trees_pane -->
        <test-method is-config="true" signature="username_password()[pri:0, instance:StepDefination.TreesStepDefinition@4b8729ff]" started-at="2024-10-16T13:34:19 EDT" name="username_password" finished-at="2024-10-16T13:34:22 EDT" duration-ms="3884" status="PASS">
          <reporter-output>
          </reporter-output>
        </test-method> <!-- username_password -->
        <test-method signature="valid_trees_pane([Ljava.lang.String;)[pri:0, instance:StepDefination.TreesStepDefinition@4b8729ff]" started-at="2024-10-16T13:34:22 EDT" name="valid_trees_pane" data-provider="TreesTopics" finished-at="2024-10-16T13:34:25 EDT" duration-ms="2171" status="PASS">
          <params>
            <param index="0">
              <value>
                <![CDATA[[Ljava.lang.String;@4d21b505]]>
              </value>
            </param>
          </params>
          <reporter-output>
          </reporter-output>
        </test-method> <!-- valid_trees_pane -->
        <test-method is-config="true" signature="username_password()[pri:0, instance:StepDefination.TreesStepDefinition@4b8729ff]" started-at="2024-10-16T13:34:25 EDT" name="username_password" finished-at="2024-10-16T13:34:29 EDT" duration-ms="3997" status="PASS">
          <reporter-output>
          </reporter-output>
        </test-method> <!-- username_password -->
        <test-method signature="valid_trees_pane([Ljava.lang.String;)[pri:0, instance:StepDefination.TreesStepDefinition@4b8729ff]" started-at="2024-10-16T13:34:29 EDT" name="valid_trees_pane" data-provider="TreesTopics" finished-at="2024-10-16T13:34:31 EDT" duration-ms="2207" status="PASS">
          <params>
            <param index="0">
              <value>
                <![CDATA[[Ljava.lang.String;@4628f386]]>
              </value>
            </param>
          </params>
          <reporter-output>
          </reporter-output>
        </test-method> <!-- valid_trees_pane -->
        <test-method is-config="true" signature="username_password()[pri:0, instance:StepDefination.TreesStepDefinition@4b8729ff]" started-at="2024-10-16T13:34:31 EDT" name="username_password" finished-at="2024-10-16T13:34:35 EDT" duration-ms="3946" status="PASS">
          <reporter-output>
          </reporter-output>
        </test-method> <!-- username_password -->
        <test-method signature="valid_trees_pane([Ljava.lang.String;)[pri:0, instance:StepDefination.TreesStepDefinition@4b8729ff]" started-at="2024-10-16T13:34:35 EDT" name="valid_trees_pane" data-provider="TreesTopics" finished-at="2024-10-16T13:34:37 EDT" duration-ms="1992" status="PASS">
          <params>
            <param index="0">
              <value>
                <![CDATA[[Ljava.lang.String;@22db974d]]>
              </value>
            </param>
          </params>
          <reporter-output>
          </reporter-output>
        </test-method> <!-- valid_trees_pane -->
        <test-method is-config="true" signature="username_password()[pri:0, instance:StepDefination.TreesStepDefinition@4b8729ff]" started-at="2024-10-16T13:34:37 EDT" name="username_password" finished-at="2024-10-16T13:34:41 EDT" duration-ms="3810" status="PASS">
          <reporter-output>
          </reporter-output>
        </test-method> <!-- username_password -->
        <test-method signature="valid_trees_pane([Ljava.lang.String;)[pri:0, instance:StepDefination.TreesStepDefinition@4b8729ff]" started-at="2024-10-16T13:34:41 EDT" name="valid_trees_pane" data-provider="TreesTopics" finished-at="2024-10-16T13:34:43 EDT" duration-ms="1975" status="PASS">
          <params>
            <param index="0">
              <value>
                <![CDATA[[Ljava.lang.String;@137db13f]]>
              </value>
            </param>
          </params>
          <reporter-output>
          </reporter-output>
        </test-method> <!-- valid_trees_pane -->
        <test-method is-config="true" signature="username_password()[pri:0, instance:StepDefination.TreesStepDefinition@4b8729ff]" started-at="2024-10-16T13:34:43 EDT" name="username_password" finished-at="2024-10-16T13:34:46 EDT" duration-ms="3828" status="PASS">
          <reporter-output>
          </reporter-output>
        </test-method> <!-- username_password -->
        <test-method signature="valid_trees_pane([Ljava.lang.String;)[pri:0, instance:StepDefination.TreesStepDefinition@4b8729ff]" started-at="2024-10-16T13:34:46 EDT" name="valid_trees_pane" data-provider="TreesTopics" finished-at="2024-10-16T13:34:49 EDT" duration-ms="2273" status="PASS">
          <params>
            <param index="0">
              <value>
                <![CDATA[[Ljava.lang.String;@2a9fd482]]>
              </value>
            </param>
          </params>
          <reporter-output>
          </reporter-output>
        </test-method> <!-- valid_trees_pane -->
        <test-method is-config="true" signature="username_password()[pri:0, instance:StepDefination.TreesStepDefinition@4b8729ff]" started-at="2024-10-16T13:34:49 EDT" name="username_password" finished-at="2024-10-16T13:34:53 EDT" duration-ms="4027" status="PASS">
          <reporter-output>
          </reporter-output>
        </test-method> <!-- username_password -->
        <test-method signature="valid_trees_pane([Ljava.lang.String;)[pri:0, instance:StepDefination.TreesStepDefinition@4b8729ff]" started-at="2024-10-16T13:34:53 EDT" name="valid_trees_pane" data-provider="TreesTopics" finished-at="2024-10-16T13:34:55 EDT" duration-ms="2034" status="PASS">
          <params>
            <param index="0">
              <value>
                <![CDATA[[Ljava.lang.String;@74fda9ed]]>
              </value>
            </param>
          </params>
          <reporter-output>
          </reporter-output>
        </test-method> <!-- valid_trees_pane -->
      </class> <!-- StepDefination.TreesStepDefinition -->
    </test> <!-- Test1 -->
  </suite> <!-- Suite -->
</testng-results>
