<?xml version="1.0" encoding="UTF-8"?>
<testng-results ignored="0" total="39" passed="39" failed="0" skipped="0">
  <reporter-output>
  </reporter-output>
  <suite started-at="2024-10-13T05:48:14 CDT" name="Suite" finished-at="2024-10-13T05:51:27 CDT" duration-ms="193081">
    <groups>
    </groups>
    <test started-at="2024-10-13T05:48:14 CDT" name="Test1" finished-at="2024-10-13T05:48:22 CDT" duration-ms="7811">
      <class name="StepDefination.HomepageStepDefination">
        <test-method signature="callingObjects()[pri:1, instance:StepDefination.HomepageStepDefination@1e16c0aa]" started-at="2024-10-13T05:48:14 CDT" name="callingObjects" finished-at="2024-10-13T05:48:18 CDT" duration-ms="3822" status="PASS">
          <reporter-output>
          </reporter-output>
        </test-method> <!-- callingObjects -->
        <test-method signature="Homepage(java.lang.String,java.lang.String,java.lang.String,java.lang.String)[pri:2, instance:StepDefination.HomepageStepDefination@1e16c0aa]" started-at="2024-10-13T05:48:20 CDT" name="Homepage" data-provider="Registationdatapro" finished-at="2024-10-13T05:48:21 CDT" duration-ms="1625" status="PASS">
          <params>
            <param index="0">
              <value>
                <![CDATA[Nirvana]]>
              </value>
            </param>
            <param index="1">
              <value>
                <![CDATA[archanachaya]]>
              </value>
            </param>
            <param index="2">
              <value>
                <![CDATA[print("helloSelenium")]]>
              </value>
            </param>
            <param index="3">
              <value>
                <![CDATA[Valid]]>
              </value>
            </param>
          </params>
          <reporter-output>
          </reporter-output>
        </test-method> <!-- Homepage -->
        <test-method signature="quitmethod()[pri:3, instance:StepDefination.HomepageStepDefination@1e16c0aa]" started-at="2024-10-13T05:48:21 CDT" name="quitmethod" finished-at="2024-10-13T05:48:22 CDT" duration-ms="481" status="PASS">
          <reporter-output>
          </reporter-output>
        </test-method> <!-- quitmethod -->
      </class> <!-- StepDefination.HomepageStepDefination -->
    </test> <!-- Test1 -->
    <test started-at="2024-10-13T05:48:22 CDT" name="Test2" finished-at="2024-10-13T05:51:02 CDT" duration-ms="159672">
      <class name="StepDefination.QueuesStepDefinition">
        <test-method is-config="true" signature="username_password()[pri:0, instance:StepDefination.QueuesStepDefinition@31edaa7d]" started-at="2024-10-13T05:48:22 CDT" name="username_password" finished-at="2024-10-13T05:48:39 CDT" duration-ms="16558" status="PASS">
          <reporter-output>
          </reporter-output>
        </test-method> <!-- username_password -->
        <test-method signature="username_password()[pri:0, instance:StepDefination.QueuesStepDefinition@31edaa7d]" started-at="2024-10-13T05:48:39 CDT" name="username_password" finished-at="2024-10-13T05:48:48 CDT" duration-ms="9461" status="PASS">
          <reporter-output>
          </reporter-output>
        </test-method> <!-- username_password -->
        <test-method is-config="true" signature="username_password()[pri:0, instance:StepDefination.QueuesStepDefinition@31edaa7d]" started-at="2024-10-13T05:48:48 CDT" name="username_password" finished-at="2024-10-13T05:48:58 CDT" duration-ms="9448" status="PASS">
          <reporter-output>
          </reporter-output>
        </test-method> <!-- username_password -->
        <test-method signature="queues_pane([Ljava.lang.String;)[pri:0, instance:StepDefination.QueuesStepDefinition@31edaa7d]" started-at="2024-10-13T05:48:58 CDT" name="queues_pane" data-provider="Topics" finished-at="2024-10-13T05:49:12 CDT" duration-ms="14421" status="PASS">
          <params>
            <param index="0">
              <value>
                <![CDATA[[Ljava.lang.String;@27df95e]]>
              </value>
            </param>
          </params>
          <reporter-output>
          </reporter-output>
        </test-method> <!-- queues_pane -->
        <test-method is-config="true" signature="username_password()[pri:0, instance:StepDefination.QueuesStepDefinition@31edaa7d]" started-at="2024-10-13T05:49:12 CDT" name="username_password" finished-at="2024-10-13T05:49:21 CDT" duration-ms="8604" status="PASS">
          <reporter-output>
          </reporter-output>
        </test-method> <!-- username_password -->
        <test-method signature="queues_pane([Ljava.lang.String;)[pri:0, instance:StepDefination.QueuesStepDefinition@31edaa7d]" started-at="2024-10-13T05:49:21 CDT" name="queues_pane" data-provider="Topics" finished-at="2024-10-13T05:49:40 CDT" duration-ms="19166" status="PASS">
          <params>
            <param index="0">
              <value>
                <![CDATA[[Ljava.lang.String;@4ecd00b5]]>
              </value>
            </param>
          </params>
          <reporter-output>
          </reporter-output>
        </test-method> <!-- queues_pane -->
        <test-method is-config="true" signature="username_password()[pri:0, instance:StepDefination.QueuesStepDefinition@31edaa7d]" started-at="2024-10-13T05:49:40 CDT" name="username_password" finished-at="2024-10-13T05:49:50 CDT" duration-ms="9389" status="PASS">
          <reporter-output>
          </reporter-output>
        </test-method> <!-- username_password -->
        <test-method signature="queues_pane([Ljava.lang.String;)[pri:0, instance:StepDefination.QueuesStepDefinition@31edaa7d]" started-at="2024-10-13T05:49:50 CDT" name="queues_pane" data-provider="Topics" finished-at="2024-10-13T05:49:54 CDT" duration-ms="3979" status="PASS">
          <params>
            <param index="0">
              <value>
                <![CDATA[[Ljava.lang.String;@2b0e9f30]]>
              </value>
            </param>
          </params>
          <reporter-output>
          </reporter-output>
        </test-method> <!-- queues_pane -->
        <test-method is-config="true" signature="username_password()[pri:0, instance:StepDefination.QueuesStepDefinition@31edaa7d]" started-at="2024-10-13T05:49:54 CDT" name="username_password" finished-at="2024-10-13T05:50:07 CDT" duration-ms="13102" status="PASS">
          <reporter-output>
          </reporter-output>
        </test-method> <!-- username_password -->
        <test-method signature="queues_pane([Ljava.lang.String;)[pri:0, instance:StepDefination.QueuesStepDefinition@31edaa7d]" started-at="2024-10-13T05:50:07 CDT" name="queues_pane" data-provider="Topics" finished-at="2024-10-13T05:50:16 CDT" duration-ms="8940" status="PASS">
          <params>
            <param index="0">
              <value>
                <![CDATA[[Ljava.lang.String;@5eea5627]]>
              </value>
            </param>
          </params>
          <reporter-output>
          </reporter-output>
        </test-method> <!-- queues_pane -->
        <test-method is-config="true" signature="username_password()[pri:0, instance:StepDefination.QueuesStepDefinition@31edaa7d]" started-at="2024-10-13T05:50:16 CDT" name="username_password" finished-at="2024-10-13T05:50:23 CDT" duration-ms="7057" status="PASS">
          <reporter-output>
          </reporter-output>
        </test-method> <!-- username_password -->
        <test-method signature="queues_paneIn([Ljava.lang.String;)[pri:0, instance:StepDefination.QueuesStepDefinition@31edaa7d]" started-at="2024-10-13T05:50:23 CDT" name="queues_paneIn" data-provider="Topics" finished-at="2024-10-13T05:50:26 CDT" duration-ms="3114" status="PASS">
          <params>
            <param index="0">
              <value>
                <![CDATA[[Ljava.lang.String;@1756f7cc]]>
              </value>
            </param>
          </params>
          <reporter-output>
          </reporter-output>
        </test-method> <!-- queues_paneIn -->
        <test-method is-config="true" signature="username_password()[pri:0, instance:StepDefination.QueuesStepDefinition@31edaa7d]" started-at="2024-10-13T05:50:26 CDT" name="username_password" finished-at="2024-10-13T05:50:32 CDT" duration-ms="6085" status="PASS">
          <reporter-output>
          </reporter-output>
        </test-method> <!-- username_password -->
        <test-method signature="queues_paneIn([Ljava.lang.String;)[pri:0, instance:StepDefination.QueuesStepDefinition@31edaa7d]" started-at="2024-10-13T05:50:32 CDT" name="queues_paneIn" data-provider="Topics" finished-at="2024-10-13T05:50:37 CDT" duration-ms="4677" status="PASS">
          <params>
            <param index="0">
              <value>
                <![CDATA[[Ljava.lang.String;@3330f3ad]]>
              </value>
            </param>
          </params>
          <reporter-output>
          </reporter-output>
        </test-method> <!-- queues_paneIn -->
        <test-method is-config="true" signature="username_password()[pri:0, instance:StepDefination.QueuesStepDefinition@31edaa7d]" started-at="2024-10-13T05:50:37 CDT" name="username_password" finished-at="2024-10-13T05:50:46 CDT" duration-ms="9413" status="PASS">
          <reporter-output>
          </reporter-output>
        </test-method> <!-- username_password -->
        <test-method signature="queues_paneIn([Ljava.lang.String;)[pri:0, instance:StepDefination.QueuesStepDefinition@31edaa7d]" started-at="2024-10-13T05:50:46 CDT" name="queues_paneIn" data-provider="Topics" finished-at="2024-10-13T05:50:50 CDT" duration-ms="4324" status="PASS">
          <params>
            <param index="0">
              <value>
                <![CDATA[[Ljava.lang.String;@10947c4e]]>
              </value>
            </param>
          </params>
          <reporter-output>
          </reporter-output>
        </test-method> <!-- queues_paneIn -->
        <test-method is-config="true" signature="username_password()[pri:0, instance:StepDefination.QueuesStepDefinition@31edaa7d]" started-at="2024-10-13T05:50:50 CDT" name="username_password" finished-at="2024-10-13T05:50:57 CDT" duration-ms="6282" status="PASS">
          <reporter-output>
          </reporter-output>
        </test-method> <!-- username_password -->
        <test-method signature="queues_paneIn([Ljava.lang.String;)[pri:0, instance:StepDefination.QueuesStepDefinition@31edaa7d]" started-at="2024-10-13T05:50:57 CDT" name="queues_paneIn" data-provider="Topics" finished-at="2024-10-13T05:51:01 CDT" duration-ms="4781" status="PASS">
          <params>
            <param index="0">
              <value>
                <![CDATA[[Ljava.lang.String;@6d099323]]>
              </value>
            </param>
          </params>
          <reporter-output>
          </reporter-output>
        </test-method> <!-- queues_paneIn -->
      </class> <!-- StepDefination.QueuesStepDefinition -->
      <class name="StepDefination.DataStructureStepDefination">
        <test-method is-config="true" signature="BeforeScenario1()[pri:0, instance:StepDefination.DataStructureStepDefination@15a04efb]" started-at="2024-10-13T05:48:22 CDT" name="BeforeScenario1" finished-at="2024-10-13T05:48:22 CDT" duration-ms="1" status="PASS">
          <reporter-output>
          </reporter-output>
        </test-method> <!-- BeforeScenario1 -->
        <test-method is-config="true" signature="username_password()[pri:0, instance:StepDefination.DataStructureStepDefination@15a04efb]" started-at="2024-10-13T05:48:22 CDT" name="username_password" finished-at="2024-10-13T05:48:37 CDT" duration-ms="15074" status="PASS">
          <reporter-output>
          </reporter-output>
        </test-method> <!-- username_password -->
        <test-method signature="Dspage([Ljava.lang.String;)[pri:0, instance:StepDefination.DataStructureStepDefination@15a04efb]" started-at="2024-10-13T05:48:37 CDT" name="Dspage" data-provider="Graphsdatapro" finished-at="2024-10-13T05:49:01 CDT" duration-ms="23456" status="PASS">
          <params>
            <param index="0">
              <value>
                <![CDATA[[Ljava.lang.String;@f425231]]>
              </value>
            </param>
          </params>
          <reporter-output>
          </reporter-output>
        </test-method> <!-- Dspage -->
        <test-method is-config="true" signature="username_password()[pri:0, instance:StepDefination.DataStructureStepDefination@15a04efb]" started-at="2024-10-13T05:49:01 CDT" name="username_password" finished-at="2024-10-13T05:49:09 CDT" duration-ms="8498" status="PASS">
          <reporter-output>
          </reporter-output>
        </test-method> <!-- username_password -->
        <test-method signature="Dspage([Ljava.lang.String;)[pri:0, instance:StepDefination.DataStructureStepDefination@15a04efb]" started-at="2024-10-13T05:49:09 CDT" name="Dspage" data-provider="Graphsdatapro" finished-at="2024-10-13T05:49:23 CDT" duration-ms="13517" status="PASS">
          <params>
            <param index="0">
              <value>
                <![CDATA[[Ljava.lang.String;@3138953b]]>
              </value>
            </param>
          </params>
          <reporter-output>
          </reporter-output>
        </test-method> <!-- Dspage -->
        <test-method is-config="true" signature="username_password()[pri:0, instance:StepDefination.DataStructureStepDefination@15a04efb]" started-at="2024-10-13T05:49:23 CDT" name="username_password" finished-at="2024-10-13T05:49:33 CDT" duration-ms="10254" status="PASS">
          <reporter-output>
          </reporter-output>
        </test-method> <!-- username_password -->
        <test-method signature="username_password()[pri:0, instance:StepDefination.DataStructureStepDefination@15a04efb]" started-at="2024-10-13T05:49:33 CDT" name="username_password" finished-at="2024-10-13T05:49:38 CDT" duration-ms="5504" status="PASS">
          <reporter-output>
          </reporter-output>
        </test-method> <!-- username_password -->
      </class> <!-- StepDefination.DataStructureStepDefination -->
      <class name="StepDefination.GraphsStepDefinition">
        <test-method is-config="true" signature="username_password()[pri:0, instance:StepDefination.GraphsStepDefinition@16c069df]" started-at="2024-10-13T05:48:22 CDT" name="username_password" finished-at="2024-10-13T05:48:39 CDT" duration-ms="16763" status="PASS">
          <reporter-output>
          </reporter-output>
        </test-method> <!-- username_password -->
        <test-method signature="Graph_Representation([Ljava.lang.String;)[pri:0, instance:StepDefination.GraphsStepDefinition@16c069df]" started-at="2024-10-13T05:48:39 CDT" name="Graph_Representation" data-provider="Graphsdatapro" finished-at="2024-10-13T05:49:01 CDT" duration-ms="21958" status="PASS">
          <params>
            <param index="0">
              <value>
                <![CDATA[[Ljava.lang.String;@3667faa8]]>
              </value>
            </param>
          </params>
          <reporter-output>
          </reporter-output>
        </test-method> <!-- Graph_Representation -->
        <test-method is-config="true" signature="username_password()[pri:0, instance:StepDefination.GraphsStepDefinition@16c069df]" started-at="2024-10-13T05:49:01 CDT" name="username_password" finished-at="2024-10-13T05:49:08 CDT" duration-ms="7625" status="PASS">
          <reporter-output>
          </reporter-output>
        </test-method> <!-- username_password -->
        <test-method signature="Graph_Representation([Ljava.lang.String;)[pri:0, instance:StepDefination.GraphsStepDefinition@16c069df]" started-at="2024-10-13T05:49:09 CDT" name="Graph_Representation" data-provider="Graphsdatapro" finished-at="2024-10-13T05:49:20 CDT" duration-ms="11557" status="PASS">
          <params>
            <param index="0">
              <value>
                <![CDATA[[Ljava.lang.String;@b46e103]]>
              </value>
            </param>
          </params>
          <reporter-output>
          </reporter-output>
        </test-method> <!-- Graph_Representation -->
        <test-method is-config="true" signature="username_password()[pri:0, instance:StepDefination.GraphsStepDefinition@16c069df]" started-at="2024-10-13T05:49:20 CDT" name="username_password" finished-at="2024-10-13T05:49:30 CDT" duration-ms="9666" status="PASS">
          <reporter-output>
          </reporter-output>
        </test-method> <!-- username_password -->
        <test-method signature="graphs_Topic(java.lang.String,java.lang.String,java.lang.String,java.lang.String)[pri:0, instance:StepDefination.GraphsStepDefinition@16c069df]" started-at="2024-10-13T05:49:30 CDT" name="graphs_Topic" data-provider="Graphsdatapro" finished-at="2024-10-13T05:49:39 CDT" duration-ms="8876" status="PASS">
          <params>
            <param index="0">
              <value>
                <![CDATA[Nirvana]]>
              </value>
            </param>
            <param index="1">
              <value>
                <![CDATA[archanachaya]]>
              </value>
            </param>
            <param index="2">
              <value>
                <![CDATA[print("helloSelenium")]]>
              </value>
            </param>
            <param index="3">
              <value>
                <![CDATA[Valid]]>
              </value>
            </param>
          </params>
          <reporter-output>
          </reporter-output>
        </test-method> <!-- graphs_Topic -->
        <test-method is-config="true" signature="username_password()[pri:0, instance:StepDefination.GraphsStepDefinition@16c069df]" started-at="2024-10-13T05:49:39 CDT" name="username_password" finished-at="2024-10-13T05:49:49 CDT" duration-ms="10174" status="PASS">
          <reporter-output>
          </reporter-output>
        </test-method> <!-- username_password -->
        <test-method signature="graphs_Topic(java.lang.String,java.lang.String,java.lang.String,java.lang.String)[pri:0, instance:StepDefination.GraphsStepDefinition@16c069df]" started-at="2024-10-13T05:49:49 CDT" name="graphs_Topic" data-provider="Graphsdatapro" finished-at="2024-10-13T05:49:54 CDT" duration-ms="4795" status="PASS">
          <params>
            <param index="0">
              <value>
                <![CDATA[]]>
              </value>
            </param>
            <param index="1">
              <value>
                <![CDATA[]]>
              </value>
            </param>
            <param index="2">
              <value>
                <![CDATA[prin('hello]]>
              </value>
            </param>
            <param index="3">
              <value>
                <![CDATA[Invalid]]>
              </value>
            </param>
          </params>
          <reporter-output>
          </reporter-output>
        </test-method> <!-- graphs_Topic -->
        <test-method is-config="true" signature="username_password()[pri:0, instance:StepDefination.GraphsStepDefinition@16c069df]" started-at="2024-10-13T05:49:54 CDT" name="username_password" finished-at="2024-10-13T05:50:05 CDT" duration-ms="11400" status="PASS">
          <reporter-output>
          </reporter-output>
        </test-method> <!-- username_password -->
        <test-method signature="username_password()[pri:0, instance:StepDefination.GraphsStepDefinition@16c069df]" started-at="2024-10-13T05:50:05 CDT" name="username_password" finished-at="2024-10-13T05:50:15 CDT" duration-ms="10283" status="PASS">
          <reporter-output>
          </reporter-output>
        </test-method> <!-- username_password -->
      </class> <!-- StepDefination.GraphsStepDefinition -->
      <class name="StepDefination.ArraysDocPageStepDefination">
        <test-method is-config="true" signature="username_password()[pri:0, instance:StepDefination.ArraysDocPageStepDefination@2bec854f]" started-at="2024-10-13T05:48:22 CDT" name="username_password" finished-at="2024-10-13T05:48:35 CDT" duration-ms="12930" status="PASS">
          <reporter-output>
          </reporter-output>
        </test-method> <!-- username_password -->
        <test-method signature="Arraypage(java.lang.String)[pri:0, instance:StepDefination.ArraysDocPageStepDefination@2bec854f]" started-at="2024-10-13T05:48:35 CDT" name="Arraypage" data-provider="Arraysdatapro" finished-at="2024-10-13T05:48:49 CDT" duration-ms="13825" status="PASS">
          <params>
            <param index="0">
              <value>
                <![CDATA[Arrays in Python]]>
              </value>
            </param>
          </params>
          <reporter-output>
          </reporter-output>
        </test-method> <!-- Arraypage -->
        <test-method is-config="true" signature="username_password()[pri:0, instance:StepDefination.ArraysDocPageStepDefination@2bec854f]" started-at="2024-10-13T05:48:49 CDT" name="username_password" finished-at="2024-10-13T05:48:59 CDT" duration-ms="10264" status="PASS">
          <reporter-output>
          </reporter-output>
        </test-method> <!-- username_password -->
        <test-method signature="Arraypage(java.lang.String)[pri:0, instance:StepDefination.ArraysDocPageStepDefination@2bec854f]" started-at="2024-10-13T05:48:59 CDT" name="Arraypage" data-provider="Arraysdatapro" finished-at="2024-10-13T05:49:12 CDT" duration-ms="13344" status="PASS">
          <params>
            <param index="0">
              <value>
                <![CDATA[Arrays Using List]]>
              </value>
            </param>
          </params>
          <reporter-output>
          </reporter-output>
        </test-method> <!-- Arraypage -->
        <test-method is-config="true" signature="username_password()[pri:0, instance:StepDefination.ArraysDocPageStepDefination@2bec854f]" started-at="2024-10-13T05:49:12 CDT" name="username_password" finished-at="2024-10-13T05:49:20 CDT" duration-ms="7693" status="PASS">
          <reporter-output>
          </reporter-output>
        </test-method> <!-- username_password -->
        <test-method signature="Arraypage(java.lang.String)[pri:0, instance:StepDefination.ArraysDocPageStepDefination@2bec854f]" started-at="2024-10-13T05:49:20 CDT" name="Arraypage" data-provider="Arraysdatapro" finished-at="2024-10-13T05:49:38 CDT" duration-ms="18219" status="PASS">
          <params>
            <param index="0">
              <value>
                <![CDATA[Basic Operations in Lists]]>
              </value>
            </param>
          </params>
          <reporter-output>
          </reporter-output>
        </test-method> <!-- Arraypage -->
        <test-method is-config="true" signature="username_password()[pri:0, instance:StepDefination.ArraysDocPageStepDefination@2bec854f]" started-at="2024-10-13T05:49:38 CDT" name="username_password" finished-at="2024-10-13T05:49:49 CDT" duration-ms="10919" status="PASS">
          <reporter-output>
          </reporter-output>
        </test-method> <!-- username_password -->
        <test-method signature="Arraypage(java.lang.String)[pri:0, instance:StepDefination.ArraysDocPageStepDefination@2bec854f]" started-at="2024-10-13T05:49:49 CDT" name="Arraypage" data-provider="Arraysdatapro" finished-at="2024-10-13T05:49:54 CDT" duration-ms="4635" status="PASS">
          <params>
            <param index="0">
              <value>
                <![CDATA[Applications of Array]]>
              </value>
            </param>
          </params>
          <reporter-output>
          </reporter-output>
        </test-method> <!-- Arraypage -->
        <test-method is-config="true" signature="username_password()[pri:0, instance:StepDefination.ArraysDocPageStepDefination@2bec854f]" started-at="2024-10-13T05:49:54 CDT" name="username_password" finished-at="2024-10-13T05:50:05 CDT" duration-ms="11018" status="PASS">
          <reporter-output>
          </reporter-output>
        </test-method> <!-- username_password -->
        <test-method signature="usingDp(java.lang.String)[pri:0, instance:StepDefination.ArraysDocPageStepDefination@2bec854f]" started-at="2024-10-13T05:50:05 CDT" name="usingDp" data-provider="Arraysdatapro" finished-at="2024-10-13T05:50:15 CDT" duration-ms="10467" status="PASS">
          <params>
            <param index="0">
              <value>
                <![CDATA[Arrays in Python]]>
              </value>
            </param>
          </params>
          <reporter-output>
          </reporter-output>
        </test-method> <!-- usingDp -->
        <test-method is-config="true" signature="username_password()[pri:0, instance:StepDefination.ArraysDocPageStepDefination@2bec854f]" started-at="2024-10-13T05:50:15 CDT" name="username_password" finished-at="2024-10-13T05:50:22 CDT" duration-ms="6728" status="PASS">
          <reporter-output>
          </reporter-output>
        </test-method> <!-- username_password -->
        <test-method signature="usingDp(java.lang.String)[pri:0, instance:StepDefination.ArraysDocPageStepDefination@2bec854f]" started-at="2024-10-13T05:50:22 CDT" name="usingDp" data-provider="Arraysdatapro" finished-at="2024-10-13T05:50:26 CDT" duration-ms="3750" status="PASS">
          <params>
            <param index="0">
              <value>
                <![CDATA[Arrays Using List]]>
              </value>
            </param>
          </params>
          <reporter-output>
          </reporter-output>
        </test-method> <!-- usingDp -->
        <test-method is-config="true" signature="username_password()[pri:0, instance:StepDefination.ArraysDocPageStepDefination@2bec854f]" started-at="2024-10-13T05:50:26 CDT" name="username_password" finished-at="2024-10-13T05:50:32 CDT" duration-ms="5893" status="PASS">
          <reporter-output>
          </reporter-output>
        </test-method> <!-- username_password -->
        <test-method signature="usingDp(java.lang.String)[pri:0, instance:StepDefination.ArraysDocPageStepDefination@2bec854f]" started-at="2024-10-13T05:50:32 CDT" name="usingDp" data-provider="Arraysdatapro" finished-at="2024-10-13T05:50:37 CDT" duration-ms="4935" status="PASS">
          <params>
            <param index="0">
              <value>
                <![CDATA[Basic Operations in Lists]]>
              </value>
            </param>
          </params>
          <reporter-output>
          </reporter-output>
        </test-method> <!-- usingDp -->
        <test-method is-config="true" signature="username_password()[pri:0, instance:StepDefination.ArraysDocPageStepDefination@2bec854f]" started-at="2024-10-13T05:50:37 CDT" name="username_password" finished-at="2024-10-13T05:50:44 CDT" duration-ms="7059" status="PASS">
          <reporter-output>
          </reporter-output>
        </test-method> <!-- username_password -->
        <test-method signature="usingDp(java.lang.String)[pri:0, instance:StepDefination.ArraysDocPageStepDefination@2bec854f]" started-at="2024-10-13T05:50:44 CDT" name="usingDp" data-provider="Arraysdatapro" finished-at="2024-10-13T05:50:50 CDT" duration-ms="6329" status="PASS">
          <params>
            <param index="0">
              <value>
                <![CDATA[Applications of Array]]>
              </value>
            </param>
          </params>
          <reporter-output>
          </reporter-output>
        </test-method> <!-- usingDp -->
        <test-method is-config="true" signature="username_password()[pri:0, instance:StepDefination.ArraysDocPageStepDefination@2bec854f]" started-at="2024-10-13T05:50:50 CDT" name="username_password" finished-at="2024-10-13T05:50:56 CDT" duration-ms="6089" status="PASS">
          <reporter-output>
          </reporter-output>
        </test-method> <!-- username_password -->
        <test-method signature="username_password()[pri:0, instance:StepDefination.ArraysDocPageStepDefination@2bec854f]" started-at="2024-10-13T05:50:56 CDT" name="username_password" finished-at="2024-10-13T05:51:02 CDT" duration-ms="5444" status="PASS">
          <reporter-output>
          </reporter-output>
        </test-method> <!-- username_password -->
      </class> <!-- StepDefination.ArraysDocPageStepDefination -->
    </test> <!-- Test2 -->
    <test started-at="2024-10-13T05:51:02 CDT" name="Test3" finished-at="2024-10-13T05:51:07 CDT" duration-ms="5046">
      <class name="StepDefination.RegistratnStepDefination">
        <test-method signature="callingobjects()[pri:1, instance:StepDefination.RegistratnStepDefination@2663e964]" started-at="2024-10-13T05:51:02 CDT" name="callingobjects" finished-at="2024-10-13T05:51:04 CDT" duration-ms="2589" status="PASS">
          <reporter-output>
          </reporter-output>
        </test-method> <!-- callingobjects -->
        <test-method signature="enter_username_password_click_btn()[pri:2, instance:StepDefination.RegistratnStepDefination@2663e964]" started-at="2024-10-13T05:51:04 CDT" name="enter_username_password_click_btn" finished-at="2024-10-13T05:51:05 CDT" duration-ms="974" status="PASS">
          <reporter-output>
          </reporter-output>
        </test-method> <!-- enter_username_password_click_btn -->
        <test-method signature="click_registration_link_and_user_is_in_registration_page()[pri:3, instance:StepDefination.RegistratnStepDefination@2663e964]" started-at="2024-10-13T05:51:05 CDT" name="click_registration_link_and_user_is_in_registration_page" finished-at="2024-10-13T05:51:06 CDT" duration-ms="236" status="PASS">
          <reporter-output>
          </reporter-output>
        </test-method> <!-- click_registration_link_and_user_is_in_registration_page -->
        <test-method signature="user_enter_credentials(java.lang.String,java.lang.String,java.lang.String,java.lang.String)[pri:4, instance:StepDefination.RegistratnStepDefination@2663e964]" started-at="2024-10-13T05:51:06 CDT" name="user_enter_credentials" data-provider="Registationdatapro" finished-at="2024-10-13T05:51:06 CDT" duration-ms="654" status="PASS">
          <params>
            <param index="0">
              <value>
                <![CDATA[Nirvana]]>
              </value>
            </param>
            <param index="1">
              <value>
                <![CDATA[archanachaya]]>
              </value>
            </param>
            <param index="2">
              <value>
                <![CDATA[print("helloSelenium")]]>
              </value>
            </param>
            <param index="3">
              <value>
                <![CDATA[Valid]]>
              </value>
            </param>
          </params>
          <reporter-output>
          </reporter-output>
        </test-method> <!-- user_enter_credentials -->
        <test-method signature="clickRegisterbtn()[pri:5, instance:StepDefination.RegistratnStepDefination@2663e964]" started-at="2024-10-13T05:51:06 CDT" name="clickRegisterbtn" finished-at="2024-10-13T05:51:07 CDT" duration-ms="232" status="PASS">
          <reporter-output>
          </reporter-output>
        </test-method> <!-- clickRegisterbtn -->
        <test-method signature="quitmethod()[pri:6, instance:StepDefination.RegistratnStepDefination@2663e964]" started-at="2024-10-13T05:51:07 CDT" name="quitmethod" finished-at="2024-10-13T05:51:07 CDT" duration-ms="272" status="PASS">
          <reporter-output>
          </reporter-output>
        </test-method> <!-- quitmethod -->
      </class> <!-- StepDefination.RegistratnStepDefination -->
    </test> <!-- Test3 -->
    <test started-at="2024-10-13T05:51:07 CDT" name="Test6" finished-at="2024-10-13T05:51:27 CDT" duration-ms="20456">
      <class name="StepDefination.DataStructureStepDefination">
        <test-method is-config="true" signature="BeforeSuite()[pri:0, instance:StepDefination.DataStructureStepDefination@15a04efb]" started-at="2024-10-13T05:48:14 CDT" name="BeforeSuite" finished-at="2024-10-13T05:48:14 CDT" duration-ms="24" status="PASS">
          <reporter-output>
          </reporter-output>
        </test-method> <!-- BeforeSuite -->
      </class> <!-- StepDefination.DataStructureStepDefination -->
      <class name="StepDefination.SigninPositiveNegativeLogin">
        <test-method is-config="true" signature="Beforemethod()[pri:0, instance:StepDefination.SigninPositiveNegativeLogin@2205a05d]" started-at="2024-10-13T05:51:07 CDT" name="Beforemethod" finished-at="2024-10-13T05:51:11 CDT" duration-ms="4319" status="PASS">
          <reporter-output>
          </reporter-output>
        </test-method> <!-- Beforemethod -->
        <test-method signature="LoginTest(java.lang.String,java.lang.String,java.lang.String)[pri:0, instance:StepDefination.SigninPositiveNegativeLogin@2205a05d]" started-at="2024-10-13T05:51:11 CDT" name="LoginTest" data-provider="Logindata" finished-at="2024-10-13T05:51:13 CDT" duration-ms="1569" status="PASS">
          <params>
            <param index="0">
              <value>
                <![CDATA[Nirvana]]>
              </value>
            </param>
            <param index="1">
              <value>
                <![CDATA[archanachaya]]>
              </value>
            </param>
            <param index="2">
              <value>
                <![CDATA[Valid]]>
              </value>
            </param>
          </params>
          <reporter-output>
          </reporter-output>
        </test-method> <!-- LoginTest -->
        <test-method is-config="true" signature="Beforemethod()[pri:0, instance:StepDefination.SigninPositiveNegativeLogin@2205a05d]" started-at="2024-10-13T05:51:13 CDT" name="Beforemethod" finished-at="2024-10-13T05:51:17 CDT" duration-ms="4340" status="PASS">
          <reporter-output>
          </reporter-output>
        </test-method> <!-- Beforemethod -->
        <test-method signature="LoginTest(java.lang.String,java.lang.String,java.lang.String)[pri:0, instance:StepDefination.SigninPositiveNegativeLogin@2205a05d]" started-at="2024-10-13T05:51:17 CDT" name="LoginTest" data-provider="Logindata" finished-at="2024-10-13T05:51:19 CDT" duration-ms="2063" status="PASS">
          <params>
            <param index="0">
              <value>
                <![CDATA[Narvana]]>
              </value>
            </param>
            <param index="1">
              <value>
                <![CDATA[archanachaya]]>
              </value>
            </param>
            <param index="2">
              <value>
                <![CDATA[InValid]]>
              </value>
            </param>
          </params>
          <reporter-output>
          </reporter-output>
        </test-method> <!-- LoginTest -->
        <test-method is-config="true" signature="Beforemethod()[pri:0, instance:StepDefination.SigninPositiveNegativeLogin@2205a05d]" started-at="2024-10-13T05:51:19 CDT" name="Beforemethod" finished-at="2024-10-13T05:51:23 CDT" duration-ms="3392" status="PASS">
          <reporter-output>
          </reporter-output>
        </test-method> <!-- Beforemethod -->
        <test-method signature="LoginTest(java.lang.String,java.lang.String,java.lang.String)[pri:0, instance:StepDefination.SigninPositiveNegativeLogin@2205a05d]" started-at="2024-10-13T05:51:23 CDT" name="LoginTest" data-provider="Logindata" finished-at="2024-10-13T05:51:23 CDT" duration-ms="712" status="PASS">
          <params>
            <param index="0">
              <value>
                <![CDATA[Nirvana]]>
              </value>
            </param>
            <param index="1">
              <value>
                <![CDATA[65786687898]]>
              </value>
            </param>
            <param index="2">
              <value>
                <![CDATA[InValid]]>
              </value>
            </param>
          </params>
          <reporter-output>
          </reporter-output>
        </test-method> <!-- LoginTest -->
        <test-method is-config="true" signature="Beforemethod()[pri:0, instance:StepDefination.SigninPositiveNegativeLogin@2205a05d]" started-at="2024-10-13T05:51:23 CDT" name="Beforemethod" finished-at="2024-10-13T05:51:27 CDT" duration-ms="3250" status="PASS">
          <reporter-output>
          </reporter-output>
        </test-method> <!-- Beforemethod -->
        <test-method signature="LoginTest(java.lang.String,java.lang.String,java.lang.String)[pri:0, instance:StepDefination.SigninPositiveNegativeLogin@2205a05d]" started-at="2024-10-13T05:51:27 CDT" name="LoginTest" data-provider="Logindata" finished-at="2024-10-13T05:51:27 CDT" duration-ms="683" status="PASS">
          <params>
            <param index="0">
              <value>
                <![CDATA[hsjkcbjkcb]]>
              </value>
            </param>
            <param index="1">
              <value>
                <![CDATA[hggdyw78]]>
              </value>
            </param>
            <param index="2">
              <value>
                <![CDATA[InValid]]>
              </value>
            </param>
          </params>
          <reporter-output>
          </reporter-output>
        </test-method> <!-- LoginTest -->
      </class> <!-- StepDefination.SigninPositiveNegativeLogin -->
    </test> <!-- Test6 -->
  </suite> <!-- Suite -->
</testng-results>
