<?xml version="1.0" encoding="UTF-8"?>
<testng-results ignored="0" total="67" passed="66" failed="1" skipped="0">
  <reporter-output>
  </reporter-output>
  <suite started-at="2024-10-18T12:26:38 CDT" name="Suite" finished-at="2024-10-18T12:32:12 CDT" duration-ms="333636">
    <groups>
    </groups>
    <test started-at="2024-10-18T12:26:38 CDT" name="Test4" finished-at="2024-10-18T12:27:22 CDT" duration-ms="43424">
      <class name="StepDefination.HomepageFile">
        <test-method is-config="true" signature="callingobjects(org.testng.ITestContext)[pri:0, instance:StepDefination.HomepageFile@6950ed69]" started-at="2024-10-18T12:26:41 CDT" name="callingobjects" finished-at="2024-10-18T12:27:03 CDT" duration-ms="22489" status="PASS">
          <params>
            <param index="0">
              <value>
                <![CDATA[org.testng.TestRunner@54534abf]]>
              </value>
            </param>
          </params>
          <reporter-output>
          </reporter-output>
        </test-method> <!-- callingobjects -->
        <test-method signature="Homepage(java.lang.String,java.lang.String,java.lang.String,java.lang.String)[pri:2, instance:StepDefination.HomepageFile@6950ed69]" started-at="2024-10-18T12:27:03 CDT" name="Homepage" data-provider="Registationdatapro" finished-at="2024-10-18T12:27:05 CDT" duration-ms="2179" status="PASS">
          <params>
            <param index="0">
              <value>
                <![CDATA[Nirvana]]>
              </value>
            </param>
            <param index="1">
              <value>
                <![CDATA[archanachaya]]>
              </value>
            </param>
            <param index="2">
              <value>
                <![CDATA[print("helloSelenium")]]>
              </value>
            </param>
            <param index="3">
              <value>
                <![CDATA[Valid]]>
              </value>
            </param>
          </params>
          <reporter-output>
          </reporter-output>
        </test-method> <!-- Homepage -->
        <test-method is-config="true" signature="captureString(java.lang.reflect.Method,org.testng.ITestResult)[pri:0, instance:StepDefination.HomepageFile@6950ed69]" started-at="2024-10-18T12:27:05 CDT" name="captureString" finished-at="2024-10-18T12:27:05 CDT" duration-ms="0" status="PASS">
          <params>
            <param index="0">
              <value>
                <![CDATA[public void StepDefination.HomepageFile.Homepage(java.lang.String,java.lang.String,java.lang.String,java.lang.String) throws java.io.IOException]]>
              </value>
            </param>
            <param index="1">
              <value>
                <![CDATA[[TestResult name=Homepage status=SUCCESS method=HomepageFile.Homepage(java.lang.String,java.lang.String,java.lang.String,java.lang.String)[pri:2, instance:StepDefination.HomepageFile@6950ed69] output={null}]]]>
              </value>
            </param>
          </params>
          <reporter-output>
          </reporter-output>
        </test-method> <!-- captureString -->
        <test-method is-config="true" signature="callingobjects(org.testng.ITestContext)[pri:0, instance:StepDefination.HomepageFile@6950ed69]" started-at="2024-10-18T12:27:05 CDT" name="callingobjects" finished-at="2024-10-18T12:27:09 CDT" duration-ms="3792" status="PASS">
          <params>
            <param index="0">
              <value>
                <![CDATA[org.testng.TestRunner@54534abf]]>
              </value>
            </param>
          </params>
          <reporter-output>
          </reporter-output>
        </test-method> <!-- callingobjects -->
        <test-method signature="quitmethod()[pri:3, instance:StepDefination.HomepageFile@6950ed69]" started-at="2024-10-18T12:27:09 CDT" name="quitmethod" finished-at="2024-10-18T12:27:22 CDT" duration-ms="12609" status="PASS">
          <reporter-output>
          </reporter-output>
        </test-method> <!-- quitmethod -->
        <test-method is-config="true" signature="captureString(java.lang.reflect.Method,org.testng.ITestResult)[pri:0, instance:StepDefination.HomepageFile@6950ed69]" started-at="2024-10-18T12:27:22 CDT" name="captureString" finished-at="2024-10-18T12:27:22 CDT" duration-ms="2" status="PASS">
          <params>
            <param index="0">
              <value>
                <![CDATA[public void StepDefination.HomepageFile.quitmethod() throws java.io.IOException]]>
              </value>
            </param>
            <param index="1">
              <value>
                <![CDATA[[TestResult name=quitmethod status=SUCCESS method=HomepageFile.quitmethod()[pri:3, instance:StepDefination.HomepageFile@6950ed69] output={null}]]]>
              </value>
            </param>
          </params>
          <reporter-output>
          </reporter-output>
        </test-method> <!-- captureString -->
      </class> <!-- StepDefination.HomepageFile -->
    </test> <!-- Test4 -->
    <test started-at="2024-10-18T12:26:38 CDT" name="Test2" finished-at="2024-10-18T12:27:23 CDT" duration-ms="44179">
      <class name="StepDefination.DataStructure">
        <test-method is-config="true" signature="callingobjects(org.testng.ITestContext)[pri:0, instance:StepDefination.DataStructure@24c22fe]" started-at="2024-10-18T12:26:41 CDT" name="callingobjects" finished-at="2024-10-18T12:26:58 CDT" duration-ms="17668" status="PASS">
          <params>
            <param index="0">
              <value>
                <![CDATA[org.testng.TestRunner@51745f40]]>
              </value>
            </param>
          </params>
          <reporter-output>
          </reporter-output>
        </test-method> <!-- callingobjects -->
        <test-method signature="Dspage(java.lang.String,java.lang.String,java.lang.String,java.lang.String)[pri:0, instance:StepDefination.DataStructure@24c22fe]" started-at="2024-10-18T12:26:58 CDT" name="Dspage" data-provider="Graphsdatapro" finished-at="2024-10-18T12:27:05 CDT" duration-ms="6708" status="PASS">
          <params>
            <param index="0">
              <value>
                <![CDATA[Nirvana]]>
              </value>
            </param>
            <param index="1">
              <value>
                <![CDATA[archanachaya]]>
              </value>
            </param>
            <param index="2">
              <value>
                <![CDATA[print("helloSelenium")]]>
              </value>
            </param>
            <param index="3">
              <value>
                <![CDATA[Valid]]>
              </value>
            </param>
          </params>
          <reporter-output>
          </reporter-output>
        </test-method> <!-- Dspage -->
        <test-method is-config="true" signature="captureString(java.lang.reflect.Method,org.testng.ITestResult)[pri:0, instance:StepDefination.DataStructure@24c22fe]" started-at="2024-10-18T12:27:05 CDT" name="captureString" finished-at="2024-10-18T12:27:05 CDT" duration-ms="6" status="PASS">
          <params>
            <param index="0">
              <value>
                <![CDATA[public void StepDefination.DataStructure.Dspage(java.lang.String,java.lang.String,java.lang.String,java.lang.String) throws java.io.IOException]]>
              </value>
            </param>
            <param index="1">
              <value>
                <![CDATA[[TestResult name=Dspage status=SUCCESS method=DataStructure.Dspage(java.lang.String,java.lang.String,java.lang.String,java.lang.String)[pri:0, instance:StepDefination.DataStructure@24c22fe] output={null}]]]>
              </value>
            </param>
          </params>
          <reporter-output>
          </reporter-output>
        </test-method> <!-- captureString -->
        <test-method is-config="true" signature="callingobjects(org.testng.ITestContext)[pri:0, instance:StepDefination.DataStructure@24c22fe]" started-at="2024-10-18T12:27:05 CDT" name="callingobjects" finished-at="2024-10-18T12:27:13 CDT" duration-ms="7771" status="PASS">
          <params>
            <param index="0">
              <value>
                <![CDATA[org.testng.TestRunner@51745f40]]>
              </value>
            </param>
          </params>
          <reporter-output>
          </reporter-output>
        </test-method> <!-- callingobjects -->
        <test-method signature="Dspage(java.lang.String,java.lang.String,java.lang.String,java.lang.String)[pri:0, instance:StepDefination.DataStructure@24c22fe]" started-at="2024-10-18T12:27:13 CDT" name="Dspage" data-provider="Graphsdatapro" finished-at="2024-10-18T12:27:22 CDT" duration-ms="9556" status="PASS">
          <params>
            <param index="0">
              <value>
                <![CDATA[]]>
              </value>
            </param>
            <param index="1">
              <value>
                <![CDATA[]]>
              </value>
            </param>
            <param index="2">
              <value>
                <![CDATA[prin('hello]]>
              </value>
            </param>
            <param index="3">
              <value>
                <![CDATA[Invalid]]>
              </value>
            </param>
          </params>
          <reporter-output>
          </reporter-output>
        </test-method> <!-- Dspage -->
        <test-method is-config="true" signature="captureString(java.lang.reflect.Method,org.testng.ITestResult)[pri:0, instance:StepDefination.DataStructure@24c22fe]" started-at="2024-10-18T12:27:23 CDT" name="captureString" finished-at="2024-10-18T12:27:23 CDT" duration-ms="2" status="PASS">
          <params>
            <param index="0">
              <value>
                <![CDATA[public void StepDefination.DataStructure.Dspage(java.lang.String,java.lang.String,java.lang.String,java.lang.String) throws java.io.IOException]]>
              </value>
            </param>
            <param index="1">
              <value>
                <![CDATA[[TestResult name=Dspage status=SUCCESS method=DataStructure.Dspage(java.lang.String,java.lang.String,java.lang.String,java.lang.String)[pri:0, instance:StepDefination.DataStructure@24c22fe] output={null}]]]>
              </value>
            </param>
          </params>
          <reporter-output>
          </reporter-output>
        </test-method> <!-- captureString -->
      </class> <!-- StepDefination.DataStructure -->
    </test> <!-- Test2 -->
    <test started-at="2024-10-18T12:26:38 CDT" name="Test3" finished-at="2024-10-18T12:28:22 CDT" duration-ms="103666">
      <class name="StepDefination.GraphsFile">
        <test-method is-config="true" signature="callingobjects(org.testng.ITestContext)[pri:0, instance:StepDefination.GraphsFile@15a04efb]" started-at="2024-10-18T12:26:41 CDT" name="callingobjects" finished-at="2024-10-18T12:26:58 CDT" duration-ms="17533" status="PASS">
          <params>
            <param index="0">
              <value>
                <![CDATA[org.testng.TestRunner@45673f68]]>
              </value>
            </param>
          </params>
          <reporter-output>
          </reporter-output>
        </test-method> <!-- callingobjects -->
        <test-method signature="Graph_Representation(java.lang.String,java.lang.String,java.lang.String,java.lang.String)[pri:0, instance:StepDefination.GraphsFile@15a04efb]" started-at="2024-10-18T12:26:58 CDT" name="Graph_Representation" data-provider="Graphsdatapro" finished-at="2024-10-18T12:27:14 CDT" duration-ms="15499" status="PASS">
          <params>
            <param index="0">
              <value>
                <![CDATA[Nirvana]]>
              </value>
            </param>
            <param index="1">
              <value>
                <![CDATA[archanachaya]]>
              </value>
            </param>
            <param index="2">
              <value>
                <![CDATA[print("helloSelenium")]]>
              </value>
            </param>
            <param index="3">
              <value>
                <![CDATA[Valid]]>
              </value>
            </param>
          </params>
          <reporter-output>
          </reporter-output>
        </test-method> <!-- Graph_Representation -->
        <test-method is-config="true" signature="captureString(java.lang.reflect.Method,org.testng.ITestResult)[pri:0, instance:StepDefination.GraphsFile@15a04efb]" started-at="2024-10-18T12:27:14 CDT" name="captureString" finished-at="2024-10-18T12:27:14 CDT" duration-ms="1" status="PASS">
          <params>
            <param index="0">
              <value>
                <![CDATA[public void StepDefination.GraphsFile.Graph_Representation(java.lang.String,java.lang.String,java.lang.String,java.lang.String) throws java.lang.Exception]]>
              </value>
            </param>
            <param index="1">
              <value>
                <![CDATA[[TestResult name=Graph_Representation status=SUCCESS method=GraphsFile.Graph_Representation(java.lang.String,java.lang.String,java.lang.String,java.lang.String)[pri:0, instance:StepDefination.GraphsFile@15a04efb] output={null}]]]>
              </value>
            </param>
          </params>
          <reporter-output>
          </reporter-output>
        </test-method> <!-- captureString -->
        <test-method is-config="true" signature="callingobjects(org.testng.ITestContext)[pri:0, instance:StepDefination.GraphsFile@15a04efb]" started-at="2024-10-18T12:27:14 CDT" name="callingobjects" finished-at="2024-10-18T12:27:21 CDT" duration-ms="7168" status="PASS">
          <params>
            <param index="0">
              <value>
                <![CDATA[org.testng.TestRunner@45673f68]]>
              </value>
            </param>
          </params>
          <reporter-output>
          </reporter-output>
        </test-method> <!-- callingobjects -->
        <test-method signature="Graph_Representation(java.lang.String,java.lang.String,java.lang.String,java.lang.String)[pri:0, instance:StepDefination.GraphsFile@15a04efb]" started-at="2024-10-18T12:27:21 CDT" name="Graph_Representation" data-provider="Graphsdatapro" finished-at="2024-10-18T12:27:46 CDT" duration-ms="24755" status="PASS">
          <params>
            <param index="0">
              <value>
                <![CDATA[]]>
              </value>
            </param>
            <param index="1">
              <value>
                <![CDATA[]]>
              </value>
            </param>
            <param index="2">
              <value>
                <![CDATA[prin('hello]]>
              </value>
            </param>
            <param index="3">
              <value>
                <![CDATA[Invalid]]>
              </value>
            </param>
          </params>
          <reporter-output>
          </reporter-output>
        </test-method> <!-- Graph_Representation -->
        <test-method is-config="true" signature="captureString(java.lang.reflect.Method,org.testng.ITestResult)[pri:0, instance:StepDefination.GraphsFile@15a04efb]" started-at="2024-10-18T12:27:46 CDT" name="captureString" finished-at="2024-10-18T12:27:46 CDT" duration-ms="12" status="PASS">
          <params>
            <param index="0">
              <value>
                <![CDATA[public void StepDefination.GraphsFile.Graph_Representation(java.lang.String,java.lang.String,java.lang.String,java.lang.String) throws java.lang.Exception]]>
              </value>
            </param>
            <param index="1">
              <value>
                <![CDATA[[TestResult name=Graph_Representation status=SUCCESS method=GraphsFile.Graph_Representation(java.lang.String,java.lang.String,java.lang.String,java.lang.String)[pri:0, instance:StepDefination.GraphsFile@15a04efb] output={null}]]]>
              </value>
            </param>
          </params>
          <reporter-output>
          </reporter-output>
        </test-method> <!-- captureString -->
        <test-method is-config="true" signature="callingobjects(org.testng.ITestContext)[pri:0, instance:StepDefination.GraphsFile@15a04efb]" started-at="2024-10-18T12:27:46 CDT" name="callingobjects" finished-at="2024-10-18T12:27:52 CDT" duration-ms="6458" status="PASS">
          <params>
            <param index="0">
              <value>
                <![CDATA[org.testng.TestRunner@45673f68]]>
              </value>
            </param>
          </params>
          <reporter-output>
          </reporter-output>
        </test-method> <!-- callingobjects -->
        <test-method signature="graphs_Topic(java.lang.String,java.lang.String,java.lang.String,java.lang.String)[pri:0, instance:StepDefination.GraphsFile@15a04efb]" started-at="2024-10-18T12:27:52 CDT" name="graphs_Topic" data-provider="Graphsdatapro" finished-at="2024-10-18T12:28:05 CDT" duration-ms="12636" status="PASS">
          <params>
            <param index="0">
              <value>
                <![CDATA[Nirvana]]>
              </value>
            </param>
            <param index="1">
              <value>
                <![CDATA[archanachaya]]>
              </value>
            </param>
            <param index="2">
              <value>
                <![CDATA[print("helloSelenium")]]>
              </value>
            </param>
            <param index="3">
              <value>
                <![CDATA[Valid]]>
              </value>
            </param>
          </params>
          <reporter-output>
          </reporter-output>
        </test-method> <!-- graphs_Topic -->
        <test-method is-config="true" signature="captureString(java.lang.reflect.Method,org.testng.ITestResult)[pri:0, instance:StepDefination.GraphsFile@15a04efb]" started-at="2024-10-18T12:28:05 CDT" name="captureString" finished-at="2024-10-18T12:28:05 CDT" duration-ms="2" status="PASS">
          <params>
            <param index="0">
              <value>
                <![CDATA[public void StepDefination.GraphsFile.graphs_Topic(java.lang.String,java.lang.String,java.lang.String,java.lang.String) throws java.lang.Exception]]>
              </value>
            </param>
            <param index="1">
              <value>
                <![CDATA[[TestResult name=graphs_Topic status=SUCCESS method=GraphsFile.graphs_Topic(java.lang.String,java.lang.String,java.lang.String,java.lang.String)[pri:0, instance:StepDefination.GraphsFile@15a04efb] output={null}]]]>
              </value>
            </param>
          </params>
          <reporter-output>
          </reporter-output>
        </test-method> <!-- captureString -->
        <test-method is-config="true" signature="callingobjects(org.testng.ITestContext)[pri:0, instance:StepDefination.GraphsFile@15a04efb]" started-at="2024-10-18T12:28:05 CDT" name="callingobjects" finished-at="2024-10-18T12:28:11 CDT" duration-ms="6052" status="PASS">
          <params>
            <param index="0">
              <value>
                <![CDATA[org.testng.TestRunner@45673f68]]>
              </value>
            </param>
          </params>
          <reporter-output>
          </reporter-output>
        </test-method> <!-- callingobjects -->
        <test-method signature="graphs_Topic(java.lang.String,java.lang.String,java.lang.String,java.lang.String)[pri:0, instance:StepDefination.GraphsFile@15a04efb]" started-at="2024-10-18T12:28:11 CDT" name="graphs_Topic" data-provider="Graphsdatapro" finished-at="2024-10-18T12:28:22 CDT" duration-ms="10837" status="PASS">
          <params>
            <param index="0">
              <value>
                <![CDATA[]]>
              </value>
            </param>
            <param index="1">
              <value>
                <![CDATA[]]>
              </value>
            </param>
            <param index="2">
              <value>
                <![CDATA[prin('hello]]>
              </value>
            </param>
            <param index="3">
              <value>
                <![CDATA[Invalid]]>
              </value>
            </param>
          </params>
          <reporter-output>
          </reporter-output>
        </test-method> <!-- graphs_Topic -->
        <test-method is-config="true" signature="captureString(java.lang.reflect.Method,org.testng.ITestResult)[pri:0, instance:StepDefination.GraphsFile@15a04efb]" started-at="2024-10-18T12:28:22 CDT" name="captureString" finished-at="2024-10-18T12:28:22 CDT" duration-ms="1" status="PASS">
          <params>
            <param index="0">
              <value>
                <![CDATA[public void StepDefination.GraphsFile.graphs_Topic(java.lang.String,java.lang.String,java.lang.String,java.lang.String) throws java.lang.Exception]]>
              </value>
            </param>
            <param index="1">
              <value>
                <![CDATA[[TestResult name=graphs_Topic status=SUCCESS method=GraphsFile.graphs_Topic(java.lang.String,java.lang.String,java.lang.String,java.lang.String)[pri:0, instance:StepDefination.GraphsFile@15a04efb] output={null}]]]>
              </value>
            </param>
          </params>
          <reporter-output>
          </reporter-output>
        </test-method> <!-- captureString -->
      </class> <!-- StepDefination.GraphsFile -->
    </test> <!-- Test3 -->
    <test started-at="2024-10-18T12:27:23 CDT" name="Test6" finished-at="2024-10-18T12:28:34 CDT" duration-ms="71781">
      <class name="StepDefination.QueuesFile">
        <test-method signature="queues_paneIn(java.lang.String)[pri:0, instance:StepDefination.QueuesFile@2e32ccc5]" started-at="2024-10-18T12:27:23 CDT" name="queues_paneIn" finished-at="2024-10-18T12:27:23 CDT" duration-ms="0" status="FAIL">
          <exception class="org.testng.TestNGException">
            <message>
              <![CDATA[
Method public void StepDefination.QueuesFile.queues_paneIn(java.lang.String) throws java.lang.Exception requires a @DataProvider named : Topics in class Utils.DataproviderSupplier]]>
            </message>
            <full-stacktrace>
              <![CDATA[org.testng.TestNGException: 
Method public void StepDefination.QueuesFile.queues_paneIn(java.lang.String) throws java.lang.Exception requires a @DataProvider named : Topics in class Utils.DataproviderSupplier
at org.testng.internal.Parameters.findDataProvider(Parameters.java:532)
at org.testng.internal.Parameters.handleParameters(Parameters.java:769)
at org.testng.internal.Parameters.handleParameters(Parameters.java:734)
at org.testng.internal.invokers.ParameterHandler.handleParameters(ParameterHandler.java:72)
at org.testng.internal.invokers.ParameterHandler.createParameters(ParameterHandler.java:51)
at org.testng.internal.invokers.TestInvoker$MethodInvocationAgent.invoke(TestInvoker.java:946)
at org.testng.internal.invokers.TestInvoker.invokeTestMethods(TestInvoker.java:203)
at org.testng.internal.invokers.TestMethodWorker.invokeTestMethods(TestMethodWorker.java:154)
at org.testng.internal.invokers.TestMethodWorker.run(TestMethodWorker.java:134)
at java.base/java.util.ArrayList.forEach(ArrayList.java:1596)
at org.testng.TestRunner.privateRun(TestRunner.java:739)
at org.testng.TestRunner.run(TestRunner.java:614)
at org.testng.SuiteRunner.runTest(SuiteRunner.java:421)
at org.testng.SuiteRunner$SuiteWorker.run(SuiteRunner.java:463)
at org.testng.internal.thread.ThreadUtil.lambda$execute$0(ThreadUtil.java:64)
at java.base/java.util.concurrent.FutureTask.run(FutureTask.java:317)
at java.base/java.util.concurrent.ThreadPoolExecutor.runWorker(ThreadPoolExecutor.java:1144)
at java.base/java.util.concurrent.ThreadPoolExecutor$Worker.run(ThreadPoolExecutor.java:642)
at java.base/java.lang.Thread.run(Thread.java:1583)
]]>
            </full-stacktrace>
          </exception> <!-- org.testng.TestNGException -->
          <reporter-output>
          </reporter-output>
        </test-method> <!-- queues_paneIn -->
        <test-method is-config="true" signature="callingobjects(org.testng.ITestContext)[pri:0, instance:StepDefination.QueuesFile@2e32ccc5]" started-at="2024-10-18T12:27:23 CDT" name="callingobjects" finished-at="2024-10-18T12:27:33 CDT" duration-ms="10242" status="PASS">
          <params>
            <param index="0">
              <value>
                <![CDATA[org.testng.TestRunner@69e308c6]]>
              </value>
            </param>
          </params>
          <reporter-output>
          </reporter-output>
        </test-method> <!-- callingobjects -->
        <test-method signature="queues_pane_validcode(java.lang.String)[pri:0, instance:StepDefination.QueuesFile@2e32ccc5]" started-at="2024-10-18T12:27:33 CDT" name="queues_pane_validcode" description="Verify Queuepane on DsAlgo" data-provider="QueuesTopics" finished-at="2024-10-18T12:27:39 CDT" duration-ms="6426" status="PASS">
          <params>
            <param index="0">
              <value>
                <![CDATA[Implementation of Queue in Python]]>
              </value>
            </param>
          </params>
          <reporter-output>
          </reporter-output>
        </test-method> <!-- queues_pane_validcode -->
        <test-method is-config="true" signature="captureString(java.lang.reflect.Method,org.testng.ITestResult)[pri:0, instance:StepDefination.QueuesFile@2e32ccc5]" started-at="2024-10-18T12:27:39 CDT" name="captureString" finished-at="2024-10-18T12:27:39 CDT" duration-ms="2" status="PASS">
          <params>
            <param index="0">
              <value>
                <![CDATA[public void StepDefination.QueuesFile.queues_pane_validcode(java.lang.String) throws java.lang.Exception]]>
              </value>
            </param>
            <param index="1">
              <value>
                <![CDATA[[TestResult name=queues_pane_validcode status=SUCCESS method=QueuesFile.queues_pane_validcode(java.lang.String)[pri:0, instance:StepDefination.QueuesFile@2e32ccc5] output={null}]]]>
              </value>
            </param>
          </params>
          <reporter-output>
          </reporter-output>
        </test-method> <!-- captureString -->
        <test-method is-config="true" signature="callingobjects(org.testng.ITestContext)[pri:0, instance:StepDefination.QueuesFile@2e32ccc5]" started-at="2024-10-18T12:27:39 CDT" name="callingobjects" finished-at="2024-10-18T12:27:46 CDT" duration-ms="7200" status="PASS">
          <params>
            <param index="0">
              <value>
                <![CDATA[org.testng.TestRunner@69e308c6]]>
              </value>
            </param>
          </params>
          <reporter-output>
          </reporter-output>
        </test-method> <!-- callingobjects -->
        <test-method signature="queues_pane_validcode(java.lang.String)[pri:0, instance:StepDefination.QueuesFile@2e32ccc5]" started-at="2024-10-18T12:27:46 CDT" name="queues_pane_validcode" description="Verify Queuepane on DsAlgo" data-provider="QueuesTopics" finished-at="2024-10-18T12:28:02 CDT" duration-ms="15786" status="PASS">
          <params>
            <param index="0">
              <value>
                <![CDATA[Implementation using collections.deque]]>
              </value>
            </param>
          </params>
          <reporter-output>
          </reporter-output>
        </test-method> <!-- queues_pane_validcode -->
        <test-method is-config="true" signature="captureString(java.lang.reflect.Method,org.testng.ITestResult)[pri:0, instance:StepDefination.QueuesFile@2e32ccc5]" started-at="2024-10-18T12:28:02 CDT" name="captureString" finished-at="2024-10-18T12:28:02 CDT" duration-ms="0" status="PASS">
          <params>
            <param index="0">
              <value>
                <![CDATA[public void StepDefination.QueuesFile.queues_pane_validcode(java.lang.String) throws java.lang.Exception]]>
              </value>
            </param>
            <param index="1">
              <value>
                <![CDATA[[TestResult name=queues_pane_validcode status=SUCCESS method=QueuesFile.queues_pane_validcode(java.lang.String)[pri:0, instance:StepDefination.QueuesFile@2e32ccc5] output={null}]]]>
              </value>
            </param>
          </params>
          <reporter-output>
          </reporter-output>
        </test-method> <!-- captureString -->
        <test-method is-config="true" signature="callingobjects(org.testng.ITestContext)[pri:0, instance:StepDefination.QueuesFile@2e32ccc5]" started-at="2024-10-18T12:28:02 CDT" name="callingobjects" finished-at="2024-10-18T12:28:09 CDT" duration-ms="6505" status="PASS">
          <params>
            <param index="0">
              <value>
                <![CDATA[org.testng.TestRunner@69e308c6]]>
              </value>
            </param>
          </params>
          <reporter-output>
          </reporter-output>
        </test-method> <!-- callingobjects -->
        <test-method signature="queues_pane_validcode(java.lang.String)[pri:0, instance:StepDefination.QueuesFile@2e32ccc5]" started-at="2024-10-18T12:28:09 CDT" name="queues_pane_validcode" description="Verify Queuepane on DsAlgo" data-provider="QueuesTopics" finished-at="2024-10-18T12:28:22 CDT" duration-ms="13364" status="PASS">
          <params>
            <param index="0">
              <value>
                <![CDATA[Implementation using array]]>
              </value>
            </param>
          </params>
          <reporter-output>
          </reporter-output>
        </test-method> <!-- queues_pane_validcode -->
        <test-method is-config="true" signature="captureString(java.lang.reflect.Method,org.testng.ITestResult)[pri:0, instance:StepDefination.QueuesFile@2e32ccc5]" started-at="2024-10-18T12:28:22 CDT" name="captureString" finished-at="2024-10-18T12:28:22 CDT" duration-ms="4" status="PASS">
          <params>
            <param index="0">
              <value>
                <![CDATA[public void StepDefination.QueuesFile.queues_pane_validcode(java.lang.String) throws java.lang.Exception]]>
              </value>
            </param>
            <param index="1">
              <value>
                <![CDATA[[TestResult name=queues_pane_validcode status=SUCCESS method=QueuesFile.queues_pane_validcode(java.lang.String)[pri:0, instance:StepDefination.QueuesFile@2e32ccc5] output={null}]]]>
              </value>
            </param>
          </params>
          <reporter-output>
          </reporter-output>
        </test-method> <!-- captureString -->
        <test-method is-config="true" signature="callingobjects(org.testng.ITestContext)[pri:0, instance:StepDefination.QueuesFile@2e32ccc5]" started-at="2024-10-18T12:28:22 CDT" name="callingobjects" finished-at="2024-10-18T12:28:31 CDT" duration-ms="8327" status="PASS">
          <params>
            <param index="0">
              <value>
                <![CDATA[org.testng.TestRunner@69e308c6]]>
              </value>
            </param>
          </params>
          <reporter-output>
          </reporter-output>
        </test-method> <!-- callingobjects -->
        <test-method signature="queues_pane_validcode(java.lang.String)[pri:0, instance:StepDefination.QueuesFile@2e32ccc5]" started-at="2024-10-18T12:28:31 CDT" name="queues_pane_validcode" description="Verify Queuepane on DsAlgo" data-provider="QueuesTopics" finished-at="2024-10-18T12:28:34 CDT" duration-ms="3789" status="PASS">
          <params>
            <param index="0">
              <value>
                <![CDATA[Queue Operations]]>
              </value>
            </param>
          </params>
          <reporter-output>
          </reporter-output>
        </test-method> <!-- queues_pane_validcode -->
        <test-method is-config="true" signature="captureString(java.lang.reflect.Method,org.testng.ITestResult)[pri:0, instance:StepDefination.QueuesFile@2e32ccc5]" started-at="2024-10-18T12:28:34 CDT" name="captureString" finished-at="2024-10-18T12:28:34 CDT" duration-ms="6" status="PASS">
          <params>
            <param index="0">
              <value>
                <![CDATA[public void StepDefination.QueuesFile.queues_pane_validcode(java.lang.String) throws java.lang.Exception]]>
              </value>
            </param>
            <param index="1">
              <value>
                <![CDATA[[TestResult name=queues_pane_validcode status=SUCCESS method=QueuesFile.queues_pane_validcode(java.lang.String)[pri:0, instance:StepDefination.QueuesFile@2e32ccc5] output={null}]]]>
              </value>
            </param>
          </params>
          <reporter-output>
          </reporter-output>
        </test-method> <!-- captureString -->
      </class> <!-- StepDefination.QueuesFile -->
    </test> <!-- Test6 -->
    <test started-at="2024-10-18T12:26:38 CDT" name="Test1" finished-at="2024-10-18T12:29:24 CDT" duration-ms="165202">
      <class name="StepDefination.ArraysDocClassFile">
        <test-method is-config="true" signature="callingobjects(org.testng.ITestContext)[pri:0, instance:StepDefination.ArraysDocClassFile@34129c78]" started-at="2024-10-18T12:26:38 CDT" name="callingobjects" finished-at="2024-10-18T12:26:58 CDT" duration-ms="19767" status="PASS">
          <params>
            <param index="0">
              <value>
                <![CDATA[org.testng.TestRunner@4564e94b]]>
              </value>
            </param>
          </params>
          <reporter-output>
          </reporter-output>
        </test-method> <!-- callingobjects -->
        <test-method signature="Arraypage(java.lang.String)[pri:0, instance:StepDefination.ArraysDocClassFile@34129c78]" started-at="2024-10-18T12:26:58 CDT" name="Arraypage" data-provider="Arraysdatapro" finished-at="2024-10-18T12:27:06 CDT" duration-ms="7707" status="PASS">
          <params>
            <param index="0">
              <value>
                <![CDATA[Arrays in Python]]>
              </value>
            </param>
          </params>
          <reporter-output>
          </reporter-output>
        </test-method> <!-- Arraypage -->
        <test-method is-config="true" signature="captureString(java.lang.reflect.Method,org.testng.ITestResult)[pri:0, instance:StepDefination.ArraysDocClassFile@34129c78]" started-at="2024-10-18T12:27:06 CDT" name="captureString" finished-at="2024-10-18T12:27:06 CDT" duration-ms="0" status="PASS">
          <params>
            <param index="0">
              <value>
                <![CDATA[public void StepDefination.ArraysDocClassFile.Arraypage(java.lang.String) throws java.lang.Exception]]>
              </value>
            </param>
            <param index="1">
              <value>
                <![CDATA[[TestResult name=Arraypage status=SUCCESS method=ArraysDocClassFile.Arraypage(java.lang.String)[pri:0, instance:StepDefination.ArraysDocClassFile@34129c78] output={null}]]]>
              </value>
            </param>
          </params>
          <reporter-output>
          </reporter-output>
        </test-method> <!-- captureString -->
        <test-method is-config="true" signature="callingobjects(org.testng.ITestContext)[pri:0, instance:StepDefination.ArraysDocClassFile@34129c78]" started-at="2024-10-18T12:27:06 CDT" name="callingobjects" finished-at="2024-10-18T12:27:15 CDT" duration-ms="8521" status="PASS">
          <params>
            <param index="0">
              <value>
                <![CDATA[org.testng.TestRunner@4564e94b]]>
              </value>
            </param>
          </params>
          <reporter-output>
          </reporter-output>
        </test-method> <!-- callingobjects -->
        <test-method signature="Arraypage(java.lang.String)[pri:0, instance:StepDefination.ArraysDocClassFile@34129c78]" started-at="2024-10-18T12:27:15 CDT" name="Arraypage" data-provider="Arraysdatapro" finished-at="2024-10-18T12:27:22 CDT" duration-ms="7503" status="PASS">
          <params>
            <param index="0">
              <value>
                <![CDATA[Arrays Using List]]>
              </value>
            </param>
          </params>
          <reporter-output>
          </reporter-output>
        </test-method> <!-- Arraypage -->
        <test-method is-config="true" signature="captureString(java.lang.reflect.Method,org.testng.ITestResult)[pri:0, instance:StepDefination.ArraysDocClassFile@34129c78]" started-at="2024-10-18T12:27:22 CDT" name="captureString" finished-at="2024-10-18T12:27:22 CDT" duration-ms="2" status="PASS">
          <params>
            <param index="0">
              <value>
                <![CDATA[public void StepDefination.ArraysDocClassFile.Arraypage(java.lang.String) throws java.lang.Exception]]>
              </value>
            </param>
            <param index="1">
              <value>
                <![CDATA[[TestResult name=Arraypage status=SUCCESS method=ArraysDocClassFile.Arraypage(java.lang.String)[pri:0, instance:StepDefination.ArraysDocClassFile@34129c78] output={null}]]]>
              </value>
            </param>
          </params>
          <reporter-output>
          </reporter-output>
        </test-method> <!-- captureString -->
        <test-method is-config="true" signature="callingobjects(org.testng.ITestContext)[pri:0, instance:StepDefination.ArraysDocClassFile@34129c78]" started-at="2024-10-18T12:27:22 CDT" name="callingobjects" finished-at="2024-10-18T12:27:33 CDT" duration-ms="11068" status="PASS">
          <params>
            <param index="0">
              <value>
                <![CDATA[org.testng.TestRunner@4564e94b]]>
              </value>
            </param>
          </params>
          <reporter-output>
          </reporter-output>
        </test-method> <!-- callingobjects -->
        <test-method signature="Arraypage(java.lang.String)[pri:0, instance:StepDefination.ArraysDocClassFile@34129c78]" started-at="2024-10-18T12:27:33 CDT" name="Arraypage" data-provider="Arraysdatapro" finished-at="2024-10-18T12:27:39 CDT" duration-ms="6027" status="PASS">
          <params>
            <param index="0">
              <value>
                <![CDATA[Basic Operations in Lists]]>
              </value>
            </param>
          </params>
          <reporter-output>
          </reporter-output>
        </test-method> <!-- Arraypage -->
        <test-method is-config="true" signature="captureString(java.lang.reflect.Method,org.testng.ITestResult)[pri:0, instance:StepDefination.ArraysDocClassFile@34129c78]" started-at="2024-10-18T12:27:39 CDT" name="captureString" finished-at="2024-10-18T12:27:39 CDT" duration-ms="0" status="PASS">
          <params>
            <param index="0">
              <value>
                <![CDATA[public void StepDefination.ArraysDocClassFile.Arraypage(java.lang.String) throws java.lang.Exception]]>
              </value>
            </param>
            <param index="1">
              <value>
                <![CDATA[[TestResult name=Arraypage status=SUCCESS method=ArraysDocClassFile.Arraypage(java.lang.String)[pri:0, instance:StepDefination.ArraysDocClassFile@34129c78] output={null}]]]>
              </value>
            </param>
          </params>
          <reporter-output>
          </reporter-output>
        </test-method> <!-- captureString -->
        <test-method is-config="true" signature="callingobjects(org.testng.ITestContext)[pri:0, instance:StepDefination.ArraysDocClassFile@34129c78]" started-at="2024-10-18T12:27:39 CDT" name="callingobjects" finished-at="2024-10-18T12:27:46 CDT" duration-ms="6709" status="PASS">
          <params>
            <param index="0">
              <value>
                <![CDATA[org.testng.TestRunner@4564e94b]]>
              </value>
            </param>
          </params>
          <reporter-output>
          </reporter-output>
        </test-method> <!-- callingobjects -->
        <test-method signature="Arraypage(java.lang.String)[pri:0, instance:StepDefination.ArraysDocClassFile@34129c78]" started-at="2024-10-18T12:27:46 CDT" name="Arraypage" data-provider="Arraysdatapro" finished-at="2024-10-18T12:27:56 CDT" duration-ms="9857" status="PASS">
          <params>
            <param index="0">
              <value>
                <![CDATA[Applications of Array]]>
              </value>
            </param>
          </params>
          <reporter-output>
          </reporter-output>
        </test-method> <!-- Arraypage -->
        <test-method is-config="true" signature="captureString(java.lang.reflect.Method,org.testng.ITestResult)[pri:0, instance:StepDefination.ArraysDocClassFile@34129c78]" started-at="2024-10-18T12:27:56 CDT" name="captureString" finished-at="2024-10-18T12:27:56 CDT" duration-ms="1" status="PASS">
          <params>
            <param index="0">
              <value>
                <![CDATA[public void StepDefination.ArraysDocClassFile.Arraypage(java.lang.String) throws java.lang.Exception]]>
              </value>
            </param>
            <param index="1">
              <value>
                <![CDATA[[TestResult name=Arraypage status=SUCCESS method=ArraysDocClassFile.Arraypage(java.lang.String)[pri:0, instance:StepDefination.ArraysDocClassFile@34129c78] output={null}]]]>
              </value>
            </param>
          </params>
          <reporter-output>
          </reporter-output>
        </test-method> <!-- captureString -->
        <test-method is-config="true" signature="callingobjects(org.testng.ITestContext)[pri:0, instance:StepDefination.ArraysDocClassFile@34129c78]" started-at="2024-10-18T12:27:56 CDT" name="callingobjects" finished-at="2024-10-18T12:28:02 CDT" duration-ms="6183" status="PASS">
          <params>
            <param index="0">
              <value>
                <![CDATA[org.testng.TestRunner@4564e94b]]>
              </value>
            </param>
          </params>
          <reporter-output>
          </reporter-output>
        </test-method> <!-- callingobjects -->
        <test-method signature="usingDp(java.lang.String)[pri:0, instance:StepDefination.ArraysDocClassFile@34129c78]" started-at="2024-10-18T12:28:02 CDT" name="usingDp" data-provider="Arraysdatapro" finished-at="2024-10-18T12:28:18 CDT" duration-ms="16013" status="PASS">
          <params>
            <param index="0">
              <value>
                <![CDATA[Arrays in Python]]>
              </value>
            </param>
          </params>
          <reporter-output>
          </reporter-output>
        </test-method> <!-- usingDp -->
        <test-method is-config="true" signature="captureString(java.lang.reflect.Method,org.testng.ITestResult)[pri:0, instance:StepDefination.ArraysDocClassFile@34129c78]" started-at="2024-10-18T12:28:18 CDT" name="captureString" finished-at="2024-10-18T12:28:18 CDT" duration-ms="0" status="PASS">
          <params>
            <param index="0">
              <value>
                <![CDATA[public void StepDefination.ArraysDocClassFile.usingDp(java.lang.String) throws java.lang.Exception]]>
              </value>
            </param>
            <param index="1">
              <value>
                <![CDATA[[TestResult name=usingDp status=SUCCESS method=ArraysDocClassFile.usingDp(java.lang.String)[pri:0, instance:StepDefination.ArraysDocClassFile@34129c78] output={null}]]]>
              </value>
            </param>
          </params>
          <reporter-output>
          </reporter-output>
        </test-method> <!-- captureString -->
        <test-method is-config="true" signature="callingobjects(org.testng.ITestContext)[pri:0, instance:StepDefination.ArraysDocClassFile@34129c78]" started-at="2024-10-18T12:28:18 CDT" name="callingobjects" finished-at="2024-10-18T12:28:23 CDT" duration-ms="5239" status="PASS">
          <params>
            <param index="0">
              <value>
                <![CDATA[org.testng.TestRunner@4564e94b]]>
              </value>
            </param>
          </params>
          <reporter-output>
          </reporter-output>
        </test-method> <!-- callingobjects -->
        <test-method signature="usingDp(java.lang.String)[pri:0, instance:StepDefination.ArraysDocClassFile@34129c78]" started-at="2024-10-18T12:28:23 CDT" name="usingDp" data-provider="Arraysdatapro" finished-at="2024-10-18T12:28:42 CDT" duration-ms="18365" status="PASS">
          <params>
            <param index="0">
              <value>
                <![CDATA[Arrays Using List]]>
              </value>
            </param>
          </params>
          <reporter-output>
          </reporter-output>
        </test-method> <!-- usingDp -->
        <test-method is-config="true" signature="captureString(java.lang.reflect.Method,org.testng.ITestResult)[pri:0, instance:StepDefination.ArraysDocClassFile@34129c78]" started-at="2024-10-18T12:28:42 CDT" name="captureString" finished-at="2024-10-18T12:28:42 CDT" duration-ms="3" status="PASS">
          <params>
            <param index="0">
              <value>
                <![CDATA[public void StepDefination.ArraysDocClassFile.usingDp(java.lang.String) throws java.lang.Exception]]>
              </value>
            </param>
            <param index="1">
              <value>
                <![CDATA[[TestResult name=usingDp status=SUCCESS method=ArraysDocClassFile.usingDp(java.lang.String)[pri:0, instance:StepDefination.ArraysDocClassFile@34129c78] output={null}]]]>
              </value>
            </param>
          </params>
          <reporter-output>
          </reporter-output>
        </test-method> <!-- captureString -->
        <test-method is-config="true" signature="callingobjects(org.testng.ITestContext)[pri:0, instance:StepDefination.ArraysDocClassFile@34129c78]" started-at="2024-10-18T12:28:42 CDT" name="callingobjects" finished-at="2024-10-18T12:28:51 CDT" duration-ms="9322" status="PASS">
          <params>
            <param index="0">
              <value>
                <![CDATA[org.testng.TestRunner@4564e94b]]>
              </value>
            </param>
          </params>
          <reporter-output>
          </reporter-output>
        </test-method> <!-- callingobjects -->
        <test-method signature="usingDp(java.lang.String)[pri:0, instance:StepDefination.ArraysDocClassFile@34129c78]" started-at="2024-10-18T12:28:51 CDT" name="usingDp" data-provider="Arraysdatapro" finished-at="2024-10-18T12:29:08 CDT" duration-ms="16690" status="PASS">
          <params>
            <param index="0">
              <value>
                <![CDATA[Basic Operations in Lists]]>
              </value>
            </param>
          </params>
          <reporter-output>
          </reporter-output>
        </test-method> <!-- usingDp -->
        <test-method is-config="true" signature="captureString(java.lang.reflect.Method,org.testng.ITestResult)[pri:0, instance:StepDefination.ArraysDocClassFile@34129c78]" started-at="2024-10-18T12:29:08 CDT" name="captureString" finished-at="2024-10-18T12:29:08 CDT" duration-ms="0" status="PASS">
          <params>
            <param index="0">
              <value>
                <![CDATA[public void StepDefination.ArraysDocClassFile.usingDp(java.lang.String) throws java.lang.Exception]]>
              </value>
            </param>
            <param index="1">
              <value>
                <![CDATA[[TestResult name=usingDp status=SUCCESS method=ArraysDocClassFile.usingDp(java.lang.String)[pri:0, instance:StepDefination.ArraysDocClassFile@34129c78] output={null}]]]>
              </value>
            </param>
          </params>
          <reporter-output>
          </reporter-output>
        </test-method> <!-- captureString -->
        <test-method is-config="true" signature="callingobjects(org.testng.ITestContext)[pri:0, instance:StepDefination.ArraysDocClassFile@34129c78]" started-at="2024-10-18T12:29:08 CDT" name="callingobjects" finished-at="2024-10-18T12:29:17 CDT" duration-ms="8808" status="PASS">
          <params>
            <param index="0">
              <value>
                <![CDATA[org.testng.TestRunner@4564e94b]]>
              </value>
            </param>
          </params>
          <reporter-output>
          </reporter-output>
        </test-method> <!-- callingobjects -->
        <test-method signature="usingDp(java.lang.String)[pri:0, instance:StepDefination.ArraysDocClassFile@34129c78]" started-at="2024-10-18T12:29:17 CDT" name="usingDp" data-provider="Arraysdatapro" finished-at="2024-10-18T12:29:24 CDT" duration-ms="6984" status="PASS">
          <params>
            <param index="0">
              <value>
                <![CDATA[Applications of Array]]>
              </value>
            </param>
          </params>
          <reporter-output>
          </reporter-output>
        </test-method> <!-- usingDp -->
        <test-method is-config="true" signature="captureString(java.lang.reflect.Method,org.testng.ITestResult)[pri:0, instance:StepDefination.ArraysDocClassFile@34129c78]" started-at="2024-10-18T12:29:24 CDT" name="captureString" finished-at="2024-10-18T12:29:24 CDT" duration-ms="0" status="PASS">
          <params>
            <param index="0">
              <value>
                <![CDATA[public void StepDefination.ArraysDocClassFile.usingDp(java.lang.String) throws java.lang.Exception]]>
              </value>
            </param>
            <param index="1">
              <value>
                <![CDATA[[TestResult name=usingDp status=SUCCESS method=ArraysDocClassFile.usingDp(java.lang.String)[pri:0, instance:StepDefination.ArraysDocClassFile@34129c78] output={null}]]]>
              </value>
            </param>
          </params>
          <reporter-output>
          </reporter-output>
        </test-method> <!-- captureString -->
      </class> <!-- StepDefination.ArraysDocClassFile -->
    </test> <!-- Test1 -->
    <test started-at="2024-10-18T12:28:22 CDT" name="Test7" finished-at="2024-10-18T12:30:08 CDT" duration-ms="106256">
      <class name="StepDefination.StackClassFile">
        <test-method is-config="true" signature="callingobjects(org.testng.ITestContext)[pri:0, instance:StepDefination.StackClassFile@895e367]" started-at="2024-10-18T12:28:22 CDT" name="callingobjects" finished-at="2024-10-18T12:28:30 CDT" duration-ms="8128" status="PASS">
          <params>
            <param index="0">
              <value>
                <![CDATA[org.testng.TestRunner@1a1ed4e5]]>
              </value>
            </param>
          </params>
          <reporter-output>
          </reporter-output>
        </test-method> <!-- callingobjects -->
        <test-method signature="Valid_Stackpane(java.lang.String)[pri:1, instance:StepDefination.StackClassFile@895e367]" started-at="2024-10-18T12:28:30 CDT" name="Valid_Stackpane" data-provider="StacksTopics" finished-at="2024-10-18T12:28:34 CDT" duration-ms="4280" status="PASS">
          <params>
            <param index="0">
              <value>
                <![CDATA[Operations in Stack]]>
              </value>
            </param>
          </params>
          <reporter-output>
          </reporter-output>
        </test-method> <!-- Valid_Stackpane -->
        <test-method is-config="true" signature="captureString(java.lang.reflect.Method,org.testng.ITestResult)[pri:0, instance:StepDefination.StackClassFile@895e367]" started-at="2024-10-18T12:28:34 CDT" name="captureString" finished-at="2024-10-18T12:28:34 CDT" duration-ms="0" status="PASS">
          <params>
            <param index="0">
              <value>
                <![CDATA[public void StepDefination.StackClassFile.Valid_Stackpane(java.lang.String) throws java.lang.Exception]]>
              </value>
            </param>
            <param index="1">
              <value>
                <![CDATA[[TestResult name=Valid_Stackpane status=SUCCESS method=StackClassFile.Valid_Stackpane(java.lang.String)[pri:1, instance:StepDefination.StackClassFile@895e367] output={null}]]]>
              </value>
            </param>
          </params>
          <reporter-output>
          </reporter-output>
        </test-method> <!-- captureString -->
        <test-method is-config="true" signature="callingobjects(org.testng.ITestContext)[pri:0, instance:StepDefination.StackClassFile@895e367]" started-at="2024-10-18T12:28:34 CDT" name="callingobjects" finished-at="2024-10-18T12:28:42 CDT" duration-ms="7867" status="PASS">
          <params>
            <param index="0">
              <value>
                <![CDATA[org.testng.TestRunner@1a1ed4e5]]>
              </value>
            </param>
          </params>
          <reporter-output>
          </reporter-output>
        </test-method> <!-- callingobjects -->
        <test-method signature="Valid_Stackpane(java.lang.String)[pri:1, instance:StepDefination.StackClassFile@895e367]" started-at="2024-10-18T12:28:42 CDT" name="Valid_Stackpane" data-provider="StacksTopics" finished-at="2024-10-18T12:28:55 CDT" duration-ms="13022" status="PASS">
          <params>
            <param index="0">
              <value>
                <![CDATA[Implementation]]>
              </value>
            </param>
          </params>
          <reporter-output>
          </reporter-output>
        </test-method> <!-- Valid_Stackpane -->
        <test-method is-config="true" signature="captureString(java.lang.reflect.Method,org.testng.ITestResult)[pri:0, instance:StepDefination.StackClassFile@895e367]" started-at="2024-10-18T12:28:55 CDT" name="captureString" finished-at="2024-10-18T12:28:55 CDT" duration-ms="1" status="PASS">
          <params>
            <param index="0">
              <value>
                <![CDATA[public void StepDefination.StackClassFile.Valid_Stackpane(java.lang.String) throws java.lang.Exception]]>
              </value>
            </param>
            <param index="1">
              <value>
                <![CDATA[[TestResult name=Valid_Stackpane status=SUCCESS method=StackClassFile.Valid_Stackpane(java.lang.String)[pri:1, instance:StepDefination.StackClassFile@895e367] output={null}]]]>
              </value>
            </param>
          </params>
          <reporter-output>
          </reporter-output>
        </test-method> <!-- captureString -->
        <test-method is-config="true" signature="callingobjects(org.testng.ITestContext)[pri:0, instance:StepDefination.StackClassFile@895e367]" started-at="2024-10-18T12:28:55 CDT" name="callingobjects" finished-at="2024-10-18T12:29:03 CDT" duration-ms="7784" status="PASS">
          <params>
            <param index="0">
              <value>
                <![CDATA[org.testng.TestRunner@1a1ed4e5]]>
              </value>
            </param>
          </params>
          <reporter-output>
          </reporter-output>
        </test-method> <!-- callingobjects -->
        <test-method signature="Valid_Stackpane(java.lang.String)[pri:1, instance:StepDefination.StackClassFile@895e367]" started-at="2024-10-18T12:29:03 CDT" name="Valid_Stackpane" data-provider="StacksTopics" finished-at="2024-10-18T12:29:07 CDT" duration-ms="3872" status="PASS">
          <params>
            <param index="0">
              <value>
                <![CDATA[Applications]]>
              </value>
            </param>
          </params>
          <reporter-output>
          </reporter-output>
        </test-method> <!-- Valid_Stackpane -->
        <test-method is-config="true" signature="captureString(java.lang.reflect.Method,org.testng.ITestResult)[pri:0, instance:StepDefination.StackClassFile@895e367]" started-at="2024-10-18T12:29:07 CDT" name="captureString" finished-at="2024-10-18T12:29:07 CDT" duration-ms="0" status="PASS">
          <params>
            <param index="0">
              <value>
                <![CDATA[public void StepDefination.StackClassFile.Valid_Stackpane(java.lang.String) throws java.lang.Exception]]>
              </value>
            </param>
            <param index="1">
              <value>
                <![CDATA[[TestResult name=Valid_Stackpane status=SUCCESS method=StackClassFile.Valid_Stackpane(java.lang.String)[pri:1, instance:StepDefination.StackClassFile@895e367] output={null}]]]>
              </value>
            </param>
          </params>
          <reporter-output>
          </reporter-output>
        </test-method> <!-- captureString -->
        <test-method is-config="true" signature="callingobjects(org.testng.ITestContext)[pri:0, instance:StepDefination.StackClassFile@895e367]" started-at="2024-10-18T12:29:07 CDT" name="callingobjects" finished-at="2024-10-18T12:29:16 CDT" duration-ms="8670" status="PASS">
          <params>
            <param index="0">
              <value>
                <![CDATA[org.testng.TestRunner@1a1ed4e5]]>
              </value>
            </param>
          </params>
          <reporter-output>
          </reporter-output>
        </test-method> <!-- callingobjects -->
        <test-method signature="invalid_Stackpan(java.lang.String)[pri:2, instance:StepDefination.StackClassFile@895e367]" started-at="2024-10-18T12:29:16 CDT" name="invalid_Stackpan" data-provider="StacksTopics" finished-at="2024-10-18T12:29:30 CDT" duration-ms="14755" status="PASS">
          <params>
            <param index="0">
              <value>
                <![CDATA[Operations in Stack]]>
              </value>
            </param>
          </params>
          <reporter-output>
          </reporter-output>
        </test-method> <!-- invalid_Stackpan -->
        <test-method is-config="true" signature="captureString(java.lang.reflect.Method,org.testng.ITestResult)[pri:0, instance:StepDefination.StackClassFile@895e367]" started-at="2024-10-18T12:29:30 CDT" name="captureString" finished-at="2024-10-18T12:29:30 CDT" duration-ms="1" status="PASS">
          <params>
            <param index="0">
              <value>
                <![CDATA[public void StepDefination.StackClassFile.invalid_Stackpan(java.lang.String) throws java.lang.Exception]]>
              </value>
            </param>
            <param index="1">
              <value>
                <![CDATA[[TestResult name=invalid_Stackpan status=SUCCESS method=StackClassFile.invalid_Stackpan(java.lang.String)[pri:2, instance:StepDefination.StackClassFile@895e367] output={null}]]]>
              </value>
            </param>
          </params>
          <reporter-output>
          </reporter-output>
        </test-method> <!-- captureString -->
        <test-method is-config="true" signature="callingobjects(org.testng.ITestContext)[pri:0, instance:StepDefination.StackClassFile@895e367]" started-at="2024-10-18T12:29:30 CDT" name="callingobjects" finished-at="2024-10-18T12:29:36 CDT" duration-ms="5641" status="PASS">
          <params>
            <param index="0">
              <value>
                <![CDATA[org.testng.TestRunner@1a1ed4e5]]>
              </value>
            </param>
          </params>
          <reporter-output>
          </reporter-output>
        </test-method> <!-- callingobjects -->
        <test-method signature="invalid_Stackpan(java.lang.String)[pri:2, instance:StepDefination.StackClassFile@895e367]" started-at="2024-10-18T12:29:36 CDT" name="invalid_Stackpan" data-provider="StacksTopics" finished-at="2024-10-18T12:29:49 CDT" duration-ms="13242" status="PASS">
          <params>
            <param index="0">
              <value>
                <![CDATA[Implementation]]>
              </value>
            </param>
          </params>
          <reporter-output>
          </reporter-output>
        </test-method> <!-- invalid_Stackpan -->
        <test-method is-config="true" signature="captureString(java.lang.reflect.Method,org.testng.ITestResult)[pri:0, instance:StepDefination.StackClassFile@895e367]" started-at="2024-10-18T12:29:49 CDT" name="captureString" finished-at="2024-10-18T12:29:49 CDT" duration-ms="4" status="PASS">
          <params>
            <param index="0">
              <value>
                <![CDATA[public void StepDefination.StackClassFile.invalid_Stackpan(java.lang.String) throws java.lang.Exception]]>
              </value>
            </param>
            <param index="1">
              <value>
                <![CDATA[[TestResult name=invalid_Stackpan status=SUCCESS method=StackClassFile.invalid_Stackpan(java.lang.String)[pri:2, instance:StepDefination.StackClassFile@895e367] output={null}]]]>
              </value>
            </param>
          </params>
          <reporter-output>
          </reporter-output>
        </test-method> <!-- captureString -->
        <test-method is-config="true" signature="callingobjects(org.testng.ITestContext)[pri:0, instance:StepDefination.StackClassFile@895e367]" started-at="2024-10-18T12:29:49 CDT" name="callingobjects" finished-at="2024-10-18T12:29:56 CDT" duration-ms="7042" status="PASS">
          <params>
            <param index="0">
              <value>
                <![CDATA[org.testng.TestRunner@1a1ed4e5]]>
              </value>
            </param>
          </params>
          <reporter-output>
          </reporter-output>
        </test-method> <!-- callingobjects -->
        <test-method signature="invalid_Stackpan(java.lang.String)[pri:2, instance:StepDefination.StackClassFile@895e367]" started-at="2024-10-18T12:29:56 CDT" name="invalid_Stackpan" data-provider="StacksTopics" finished-at="2024-10-18T12:30:08 CDT" duration-ms="11821" status="PASS">
          <params>
            <param index="0">
              <value>
                <![CDATA[Applications]]>
              </value>
            </param>
          </params>
          <reporter-output>
          </reporter-output>
        </test-method> <!-- invalid_Stackpan -->
        <test-method is-config="true" signature="captureString(java.lang.reflect.Method,org.testng.ITestResult)[pri:0, instance:StepDefination.StackClassFile@895e367]" started-at="2024-10-18T12:30:08 CDT" name="captureString" finished-at="2024-10-18T12:30:08 CDT" duration-ms="1" status="PASS">
          <params>
            <param index="0">
              <value>
                <![CDATA[public void StepDefination.StackClassFile.invalid_Stackpan(java.lang.String) throws java.lang.Exception]]>
              </value>
            </param>
            <param index="1">
              <value>
                <![CDATA[[TestResult name=invalid_Stackpan status=SUCCESS method=StackClassFile.invalid_Stackpan(java.lang.String)[pri:2, instance:StepDefination.StackClassFile@895e367] output={null}]]]>
              </value>
            </param>
          </params>
          <reporter-output>
          </reporter-output>
        </test-method> <!-- captureString -->
      </class> <!-- StepDefination.StackClassFile -->
    </test> <!-- Test7 -->
    <test started-at="2024-10-18T12:29:24 CDT" name="Test9" finished-at="2024-10-18T12:30:09 CDT" duration-ms="45381">
      <class name="StepDefination.SigninPositiveNegativeLogin">
        <test-method is-config="true" signature="initialiseExtentReports()[pri:0, instance:StepDefination.SigninPositiveNegativeLogin@6736fa8d]" started-at="2024-10-18T12:26:38 CDT" name="initialiseExtentReports" finished-at="2024-10-18T12:26:38 CDT" duration-ms="1" status="PASS">
          <reporter-output>
          </reporter-output>
        </test-method> <!-- initialiseExtentReports -->
        <test-method is-config="true" signature="callingobjects(org.testng.ITestContext)[pri:0, instance:StepDefination.SigninPositiveNegativeLogin@6736fa8d]" started-at="2024-10-18T12:29:24 CDT" name="callingobjects" finished-at="2024-10-18T12:29:28 CDT" duration-ms="4621" status="PASS">
          <params>
            <param index="0">
              <value>
                <![CDATA[org.testng.TestRunner@1c6e0a08]]>
              </value>
            </param>
          </params>
          <reporter-output>
          </reporter-output>
        </test-method> <!-- callingobjects -->
        <test-method signature="LoginTest(java.lang.String,java.lang.String,java.lang.String)[pri:0, instance:StepDefination.SigninPositiveNegativeLogin@6736fa8d]" started-at="2024-10-18T12:29:28 CDT" name="LoginTest" data-provider="Logindata" finished-at="2024-10-18T12:29:36 CDT" duration-ms="8118" status="PASS">
          <params>
            <param index="0">
              <value>
                <![CDATA[Nirvana]]>
              </value>
            </param>
            <param index="1">
              <value>
                <![CDATA[archanachaya]]>
              </value>
            </param>
            <param index="2">
              <value>
                <![CDATA[Valid]]>
              </value>
            </param>
          </params>
          <reporter-output>
          </reporter-output>
        </test-method> <!-- LoginTest -->
        <test-method is-config="true" signature="captureString(java.lang.reflect.Method,org.testng.ITestResult)[pri:0, instance:StepDefination.SigninPositiveNegativeLogin@6736fa8d]" started-at="2024-10-18T12:29:36 CDT" name="captureString" finished-at="2024-10-18T12:29:36 CDT" duration-ms="4" status="PASS">
          <params>
            <param index="0">
              <value>
                <![CDATA[public void StepDefination.SigninPositiveNegativeLogin.LoginTest(java.lang.String,java.lang.String,java.lang.String) throws java.io.IOException]]>
              </value>
            </param>
            <param index="1">
              <value>
                <![CDATA[[TestResult name=LoginTest status=SUCCESS method=SigninPositiveNegativeLogin.LoginTest(java.lang.String,java.lang.String,java.lang.String)[pri:0, instance:StepDefination.SigninPositiveNegativeLogin@6736fa8d] output={null}]]]>
              </value>
            </param>
          </params>
          <reporter-output>
          </reporter-output>
        </test-method> <!-- captureString -->
        <test-method is-config="true" signature="callingobjects(org.testng.ITestContext)[pri:0, instance:StepDefination.SigninPositiveNegativeLogin@6736fa8d]" started-at="2024-10-18T12:29:36 CDT" name="callingobjects" finished-at="2024-10-18T12:29:43 CDT" duration-ms="6456" status="PASS">
          <params>
            <param index="0">
              <value>
                <![CDATA[org.testng.TestRunner@1c6e0a08]]>
              </value>
            </param>
          </params>
          <reporter-output>
          </reporter-output>
        </test-method> <!-- callingobjects -->
        <test-method signature="LoginTest(java.lang.String,java.lang.String,java.lang.String)[pri:0, instance:StepDefination.SigninPositiveNegativeLogin@6736fa8d]" started-at="2024-10-18T12:29:43 CDT" name="LoginTest" data-provider="Logindata" finished-at="2024-10-18T12:29:48 CDT" duration-ms="5390" status="PASS">
          <params>
            <param index="0">
              <value>
                <![CDATA[Narvana]]>
              </value>
            </param>
            <param index="1">
              <value>
                <![CDATA[archanachaya]]>
              </value>
            </param>
            <param index="2">
              <value>
                <![CDATA[InValid]]>
              </value>
            </param>
          </params>
          <reporter-output>
          </reporter-output>
        </test-method> <!-- LoginTest -->
        <test-method is-config="true" signature="captureString(java.lang.reflect.Method,org.testng.ITestResult)[pri:0, instance:StepDefination.SigninPositiveNegativeLogin@6736fa8d]" started-at="2024-10-18T12:29:48 CDT" name="captureString" finished-at="2024-10-18T12:29:48 CDT" duration-ms="1" status="PASS">
          <params>
            <param index="0">
              <value>
                <![CDATA[public void StepDefination.SigninPositiveNegativeLogin.LoginTest(java.lang.String,java.lang.String,java.lang.String) throws java.io.IOException]]>
              </value>
            </param>
            <param index="1">
              <value>
                <![CDATA[[TestResult name=LoginTest status=SUCCESS method=SigninPositiveNegativeLogin.LoginTest(java.lang.String,java.lang.String,java.lang.String)[pri:0, instance:StepDefination.SigninPositiveNegativeLogin@6736fa8d] output={null}]]]>
              </value>
            </param>
          </params>
          <reporter-output>
          </reporter-output>
        </test-method> <!-- captureString -->
        <test-method is-config="true" signature="callingobjects(org.testng.ITestContext)[pri:0, instance:StepDefination.SigninPositiveNegativeLogin@6736fa8d]" started-at="2024-10-18T12:29:48 CDT" name="callingobjects" finished-at="2024-10-18T12:29:53 CDT" duration-ms="4373" status="PASS">
          <params>
            <param index="0">
              <value>
                <![CDATA[org.testng.TestRunner@1c6e0a08]]>
              </value>
            </param>
          </params>
          <reporter-output>
          </reporter-output>
        </test-method> <!-- callingobjects -->
        <test-method signature="LoginTest(java.lang.String,java.lang.String,java.lang.String)[pri:0, instance:StepDefination.SigninPositiveNegativeLogin@6736fa8d]" started-at="2024-10-18T12:29:53 CDT" name="LoginTest" data-provider="Logindata" finished-at="2024-10-18T12:30:02 CDT" duration-ms="9106" status="PASS">
          <params>
            <param index="0">
              <value>
                <![CDATA[Nirvana]]>
              </value>
            </param>
            <param index="1">
              <value>
                <![CDATA[65786687898]]>
              </value>
            </param>
            <param index="2">
              <value>
                <![CDATA[InValid]]>
              </value>
            </param>
          </params>
          <reporter-output>
          </reporter-output>
        </test-method> <!-- LoginTest -->
        <test-method is-config="true" signature="captureString(java.lang.reflect.Method,org.testng.ITestResult)[pri:0, instance:StepDefination.SigninPositiveNegativeLogin@6736fa8d]" started-at="2024-10-18T12:30:02 CDT" name="captureString" finished-at="2024-10-18T12:30:02 CDT" duration-ms="1" status="PASS">
          <params>
            <param index="0">
              <value>
                <![CDATA[public void StepDefination.SigninPositiveNegativeLogin.LoginTest(java.lang.String,java.lang.String,java.lang.String) throws java.io.IOException]]>
              </value>
            </param>
            <param index="1">
              <value>
                <![CDATA[[TestResult name=LoginTest status=SUCCESS method=SigninPositiveNegativeLogin.LoginTest(java.lang.String,java.lang.String,java.lang.String)[pri:0, instance:StepDefination.SigninPositiveNegativeLogin@6736fa8d] output={null}]]]>
              </value>
            </param>
          </params>
          <reporter-output>
          </reporter-output>
        </test-method> <!-- captureString -->
        <test-method is-config="true" signature="callingobjects(org.testng.ITestContext)[pri:0, instance:StepDefination.SigninPositiveNegativeLogin@6736fa8d]" started-at="2024-10-18T12:30:02 CDT" name="callingobjects" finished-at="2024-10-18T12:30:06 CDT" duration-ms="4069" status="PASS">
          <params>
            <param index="0">
              <value>
                <![CDATA[org.testng.TestRunner@1c6e0a08]]>
              </value>
            </param>
          </params>
          <reporter-output>
          </reporter-output>
        </test-method> <!-- callingobjects -->
        <test-method signature="LoginTest(java.lang.String,java.lang.String,java.lang.String)[pri:0, instance:StepDefination.SigninPositiveNegativeLogin@6736fa8d]" started-at="2024-10-18T12:30:06 CDT" name="LoginTest" data-provider="Logindata" finished-at="2024-10-18T12:30:09 CDT" duration-ms="3140" status="PASS">
          <params>
            <param index="0">
              <value>
                <![CDATA[hsjkcbjkcb]]>
              </value>
            </param>
            <param index="1">
              <value>
                <![CDATA[hggdyw78]]>
              </value>
            </param>
            <param index="2">
              <value>
                <![CDATA[InValid]]>
              </value>
            </param>
          </params>
          <reporter-output>
          </reporter-output>
        </test-method> <!-- LoginTest -->
        <test-method is-config="true" signature="captureString(java.lang.reflect.Method,org.testng.ITestResult)[pri:0, instance:StepDefination.SigninPositiveNegativeLogin@6736fa8d]" started-at="2024-10-18T12:30:09 CDT" name="captureString" finished-at="2024-10-18T12:30:09 CDT" duration-ms="0" status="PASS">
          <params>
            <param index="0">
              <value>
                <![CDATA[public void StepDefination.SigninPositiveNegativeLogin.LoginTest(java.lang.String,java.lang.String,java.lang.String) throws java.io.IOException]]>
              </value>
            </param>
            <param index="1">
              <value>
                <![CDATA[[TestResult name=LoginTest status=SUCCESS method=SigninPositiveNegativeLogin.LoginTest(java.lang.String,java.lang.String,java.lang.String)[pri:0, instance:StepDefination.SigninPositiveNegativeLogin@6736fa8d] output={null}]]]>
              </value>
            </param>
          </params>
          <reporter-output>
          </reporter-output>
        </test-method> <!-- captureString -->
        <test-method is-config="true" signature="generateExtentReports()[pri:0, instance:StepDefination.SigninPositiveNegativeLogin@6736fa8d]" started-at="2024-10-18T12:32:14 CDT" name="generateExtentReports" finished-at="2024-10-18T12:32:15 CDT" duration-ms="941" status="PASS">
          <reporter-output>
          </reporter-output>
        </test-method> <!-- generateExtentReports -->
      </class> <!-- StepDefination.SigninPositiveNegativeLogin -->
      <class name="StepDefination.TreesClassFile">
        <test-method is-config="true" signature="initialiseExtentReports()[pri:0, instance:StepDefination.TreesClassFile@5456afaa]" started-at="2024-10-18T12:26:38 CDT" name="initialiseExtentReports" finished-at="2024-10-18T12:26:38 CDT" duration-ms="284" status="PASS">
          <reporter-output>
          </reporter-output>
        </test-method> <!-- initialiseExtentReports -->
        <test-method is-config="true" signature="generateExtentReports()[pri:0, instance:StepDefination.TreesClassFile@5456afaa]" started-at="2024-10-18T12:32:12 CDT" name="generateExtentReports" finished-at="2024-10-18T12:32:14 CDT" duration-ms="1724" status="PASS">
          <reporter-output>
          </reporter-output>
        </test-method> <!-- generateExtentReports -->
      </class> <!-- StepDefination.TreesClassFile -->
    </test> <!-- Test9 -->
    <test started-at="2024-10-18T12:27:22 CDT" name="Test5" finished-at="2024-10-18T12:30:53 CDT" duration-ms="210850">
      <class name="StepDefination.LinkedListFile">
        <test-method is-config="true" signature="callingobjects(org.testng.ITestContext)[pri:0, instance:StepDefination.LinkedListFile@42e25b0b]" started-at="2024-10-18T12:27:22 CDT" name="callingobjects" finished-at="2024-10-18T12:27:32 CDT" duration-ms="10468" status="PASS">
          <params>
            <param index="0">
              <value>
                <![CDATA[org.testng.TestRunner@27abb83e]]>
              </value>
            </param>
          </params>
          <reporter-output>
          </reporter-output>
        </test-method> <!-- callingobjects -->
        <test-method signature="invalid_linked_list(java.lang.String)[pri:0, instance:StepDefination.LinkedListFile@42e25b0b]" started-at="2024-10-18T12:27:32 CDT" name="invalid_linked_list" data-provider="LinkedTopics" finished-at="2024-10-18T12:27:53 CDT" duration-ms="20656" status="PASS">
          <params>
            <param index="0">
              <value>
                <![CDATA[Introduction]]>
              </value>
            </param>
          </params>
          <reporter-output>
          </reporter-output>
        </test-method> <!-- invalid_linked_list -->
        <test-method is-config="true" signature="captureString(java.lang.reflect.Method,org.testng.ITestResult)[pri:0, instance:StepDefination.LinkedListFile@42e25b0b]" started-at="2024-10-18T12:27:53 CDT" name="captureString" finished-at="2024-10-18T12:27:53 CDT" duration-ms="4" status="PASS">
          <params>
            <param index="0">
              <value>
                <![CDATA[public void StepDefination.LinkedListFile.invalid_linked_list(java.lang.String) throws java.lang.Exception]]>
              </value>
            </param>
            <param index="1">
              <value>
                <![CDATA[[TestResult name=invalid_linked_list status=SUCCESS method=LinkedListFile.invalid_linked_list(java.lang.String)[pri:0, instance:StepDefination.LinkedListFile@42e25b0b] output={null}]]]>
              </value>
            </param>
          </params>
          <reporter-output>
          </reporter-output>
        </test-method> <!-- captureString -->
        <test-method is-config="true" signature="callingobjects(org.testng.ITestContext)[pri:0, instance:StepDefination.LinkedListFile@42e25b0b]" started-at="2024-10-18T12:27:53 CDT" name="callingobjects" finished-at="2024-10-18T12:27:59 CDT" duration-ms="6147" status="PASS">
          <params>
            <param index="0">
              <value>
                <![CDATA[org.testng.TestRunner@27abb83e]]>
              </value>
            </param>
          </params>
          <reporter-output>
          </reporter-output>
        </test-method> <!-- callingobjects -->
        <test-method signature="invalid_linked_list(java.lang.String)[pri:0, instance:StepDefination.LinkedListFile@42e25b0b]" started-at="2024-10-18T12:27:59 CDT" name="invalid_linked_list" data-provider="LinkedTopics" finished-at="2024-10-18T12:28:11 CDT" duration-ms="11674" status="PASS">
          <params>
            <param index="0">
              <value>
                <![CDATA[Creating Linked LIst]]>
              </value>
            </param>
          </params>
          <reporter-output>
          </reporter-output>
        </test-method> <!-- invalid_linked_list -->
        <test-method is-config="true" signature="captureString(java.lang.reflect.Method,org.testng.ITestResult)[pri:0, instance:StepDefination.LinkedListFile@42e25b0b]" started-at="2024-10-18T12:28:11 CDT" name="captureString" finished-at="2024-10-18T12:28:11 CDT" duration-ms="1" status="PASS">
          <params>
            <param index="0">
              <value>
                <![CDATA[public void StepDefination.LinkedListFile.invalid_linked_list(java.lang.String) throws java.lang.Exception]]>
              </value>
            </param>
            <param index="1">
              <value>
                <![CDATA[[TestResult name=invalid_linked_list status=SUCCESS method=LinkedListFile.invalid_linked_list(java.lang.String)[pri:0, instance:StepDefination.LinkedListFile@42e25b0b] output={null}]]]>
              </value>
            </param>
          </params>
          <reporter-output>
          </reporter-output>
        </test-method> <!-- captureString -->
        <test-method is-config="true" signature="callingobjects(org.testng.ITestContext)[pri:0, instance:StepDefination.LinkedListFile@42e25b0b]" started-at="2024-10-18T12:28:11 CDT" name="callingobjects" finished-at="2024-10-18T12:28:18 CDT" duration-ms="6736" status="PASS">
          <params>
            <param index="0">
              <value>
                <![CDATA[org.testng.TestRunner@27abb83e]]>
              </value>
            </param>
          </params>
          <reporter-output>
          </reporter-output>
        </test-method> <!-- callingobjects -->
        <test-method signature="invalid_linked_list(java.lang.String)[pri:0, instance:StepDefination.LinkedListFile@42e25b0b]" started-at="2024-10-18T12:28:18 CDT" name="invalid_linked_list" data-provider="LinkedTopics" finished-at="2024-10-18T12:28:34 CDT" duration-ms="16073" status="PASS">
          <params>
            <param index="0">
              <value>
                <![CDATA[Types of Linked List]]>
              </value>
            </param>
          </params>
          <reporter-output>
          </reporter-output>
[...]
          <params>
            <param index="0">
              <value>
                <![CDATA[public void StepDefination.TreesClassFile.valid_trees_pane(java.lang.String) throws java.lang.Exception]]>
              </value>
            </param>
            <param index="1">
              <value>
                <![CDATA[[TestResult name=valid_trees_pane status=SUCCESS method=TreesClassFile.valid_trees_pane(java.lang.String)[pri:0, instance:StepDefination.TreesClassFile@5456afaa] output={null}]]]>
              </value>
            </param>
          </params>
          <reporter-output>
          </reporter-output>
        </test-method> <!-- captureString -->
        <test-method is-config="true" signature="callingobjects(org.testng.ITestContext)[pri:0, instance:StepDefination.TreesClassFile@5456afaa]" started-at="2024-10-18T12:31:14 CDT" name="callingobjects" finished-at="2024-10-18T12:31:18 CDT" duration-ms="4310" status="PASS">
          <params>
            <param index="0">
              <value>
                <![CDATA[org.testng.TestRunner@667e34b1]]>
              </value>
            </param>
          </params>
          <reporter-output>
          </reporter-output>
        </test-method> <!-- callingobjects -->
        <test-method signature="valid_trees_pane(java.lang.String)[pri:0, instance:StepDefination.TreesClassFile@5456afaa]" started-at="2024-10-18T12:31:18 CDT" name="valid_trees_pane" data-provider="TreesTopics" finished-at="2024-10-18T12:31:20 CDT" duration-ms="2016" status="PASS">
          <params>
            <param index="0">
              <value>
                <![CDATA[Types of Trees]]>
              </value>
            </param>
          </params>
          <reporter-output>
          </reporter-output>
        </test-method> <!-- valid_trees_pane -->
        <test-method is-config="true" signature="callingobjects(org.testng.ITestContext)[pri:0, instance:StepDefination.TreesClassFile@5456afaa]" started-at="2024-10-18T12:31:20 CDT" name="callingobjects" finished-at="2024-10-18T12:31:25 CDT" duration-ms="4458" status="PASS">
          <params>
            <param index="0">
              <value>
                <![CDATA[org.testng.TestRunner@667e34b1]]>
              </value>
            </param>
          </params>
          <reporter-output>
          </reporter-output>
        </test-method> <!-- callingobjects -->
        <test-method is-config="true" signature="captureString(java.lang.reflect.Method,org.testng.ITestResult)[pri:0, instance:StepDefination.TreesClassFile@5456afaa]" started-at="2024-10-18T12:31:20 CDT" name="captureString" finished-at="2024-10-18T12:31:20 CDT" duration-ms="0" status="PASS">
          <params>
            <param index="0">
              <value>
                <![CDATA[public void StepDefination.TreesClassFile.valid_trees_pane(java.lang.String) throws java.lang.Exception]]>
              </value>
            </param>
            <param index="1">
              <value>
                <![CDATA[[TestResult name=valid_trees_pane status=SUCCESS method=TreesClassFile.valid_trees_pane(java.lang.String)[pri:0, instance:StepDefination.TreesClassFile@5456afaa] output={null}]]]>
              </value>
            </param>
          </params>
          <reporter-output>
          </reporter-output>
        </test-method> <!-- captureString -->
        <test-method signature="valid_trees_pane(java.lang.String)[pri:0, instance:StepDefination.TreesClassFile@5456afaa]" started-at="2024-10-18T12:31:25 CDT" name="valid_trees_pane" data-provider="TreesTopics" finished-at="2024-10-18T12:31:27 CDT" duration-ms="2252" status="PASS">
          <params>
            <param index="0">
              <value>
                <![CDATA[Tree Traversals]]>
              </value>
            </param>
          </params>
          <reporter-output>
          </reporter-output>
        </test-method> <!-- valid_trees_pane -->
        <test-method is-config="true" signature="captureString(java.lang.reflect.Method,org.testng.ITestResult)[pri:0, instance:StepDefination.TreesClassFile@5456afaa]" started-at="2024-10-18T12:31:27 CDT" name="captureString" finished-at="2024-10-18T12:31:27 CDT" duration-ms="0" status="PASS">
          <params>
            <param index="0">
              <value>
                <![CDATA[public void StepDefination.TreesClassFile.valid_trees_pane(java.lang.String) throws java.lang.Exception]]>
              </value>
            </param>
            <param index="1">
              <value>
                <![CDATA[[TestResult name=valid_trees_pane status=SUCCESS method=TreesClassFile.valid_trees_pane(java.lang.String)[pri:0, instance:StepDefination.TreesClassFile@5456afaa] output={null}]]]>
              </value>
            </param>
          </params>
          <reporter-output>
          </reporter-output>
        </test-method> <!-- captureString -->
        <test-method is-config="true" signature="callingobjects(org.testng.ITestContext)[pri:0, instance:StepDefination.TreesClassFile@5456afaa]" started-at="2024-10-18T12:31:27 CDT" name="callingobjects" finished-at="2024-10-18T12:31:31 CDT" duration-ms="4303" status="PASS">
          <params>
            <param index="0">
              <value>
                <![CDATA[org.testng.TestRunner@667e34b1]]>
              </value>
            </param>
          </params>
          <reporter-output>
          </reporter-output>
        </test-method> <!-- callingobjects -->
        <test-method signature="valid_trees_pane(java.lang.String)[pri:0, instance:StepDefination.TreesClassFile@5456afaa]" started-at="2024-10-18T12:31:31 CDT" name="valid_trees_pane" data-provider="TreesTopics" finished-at="2024-10-18T12:31:34 CDT" duration-ms="2228" status="PASS">
          <params>
            <param index="0">
              <value>
                <![CDATA[Traversals-Illustration]]>
              </value>
            </param>
          </params>
          <reporter-output>
          </reporter-output>
        </test-method> <!-- valid_trees_pane -->
        <test-method is-config="true" signature="captureString(java.lang.reflect.Method,org.testng.ITestResult)[pri:0, instance:StepDefination.TreesClassFile@5456afaa]" started-at="2024-10-18T12:31:34 CDT" name="captureString" finished-at="2024-10-18T12:31:34 CDT" duration-ms="0" status="PASS">
          <params>
            <param index="0">
              <value>
                <![CDATA[public void StepDefination.TreesClassFile.valid_trees_pane(java.lang.String) throws java.lang.Exception]]>
              </value>
            </param>
            <param index="1">
              <value>
                <![CDATA[[TestResult name=valid_trees_pane status=SUCCESS method=TreesClassFile.valid_trees_pane(java.lang.String)[pri:0, instance:StepDefination.TreesClassFile@5456afaa] output={null}]]]>
              </value>
            </param>
          </params>
          <reporter-output>
          </reporter-output>
        </test-method> <!-- captureString -->
        <test-method is-config="true" signature="callingobjects(org.testng.ITestContext)[pri:0, instance:StepDefination.TreesClassFile@5456afaa]" started-at="2024-10-18T12:31:34 CDT" name="callingobjects" finished-at="2024-10-18T12:31:38 CDT" duration-ms="4399" status="PASS">
          <params>
            <param index="0">
              <value>
                <![CDATA[org.testng.TestRunner@667e34b1]]>
              </value>
            </param>
          </params>
          <reporter-output>
          </reporter-output>
        </test-method> <!-- callingobjects -->
        <test-method signature="valid_trees_pane(java.lang.String)[pri:0, instance:StepDefination.TreesClassFile@5456afaa]" started-at="2024-10-18T12:31:38 CDT" name="valid_trees_pane" data-provider="TreesTopics" finished-at="2024-10-18T12:31:40 CDT" duration-ms="1983" status="PASS">
          <params>
            <param index="0">
              <value>
                <![CDATA[Binary Trees]]>
              </value>
            </param>
          </params>
          <reporter-output>
          </reporter-output>
        </test-method> <!-- valid_trees_pane -->
        <test-method is-config="true" signature="captureString(java.lang.reflect.Method,org.testng.ITestResult)[pri:0, instance:StepDefination.TreesClassFile@5456afaa]" started-at="2024-10-18T12:31:40 CDT" name="captureString" finished-at="2024-10-18T12:31:40 CDT" duration-ms="0" status="PASS">
          <params>
            <param index="0">
              <value>
                <![CDATA[public void StepDefination.TreesClassFile.valid_trees_pane(java.lang.String) throws java.lang.Exception]]>
              </value>
            </param>
            <param index="1">
              <value>
                <![CDATA[[TestResult name=valid_trees_pane status=SUCCESS method=TreesClassFile.valid_trees_pane(java.lang.String)[pri:0, instance:StepDefination.TreesClassFile@5456afaa] output={null}]]]>
              </value>
            </param>
          </params>
          <reporter-output>
          </reporter-output>
        </test-method> <!-- captureString -->
        <test-method is-config="true" signature="callingobjects(org.testng.ITestContext)[pri:0, instance:StepDefination.TreesClassFile@5456afaa]" started-at="2024-10-18T12:31:40 CDT" name="callingobjects" finished-at="2024-10-18T12:31:44 CDT" duration-ms="4537" status="PASS">
          <params>
            <param index="0">
              <value>
                <![CDATA[org.testng.TestRunner@667e34b1]]>
              </value>
            </param>
          </params>
          <reporter-output>
          </reporter-output>
        </test-method> <!-- callingobjects -->
        <test-method signature="valid_trees_pane(java.lang.String)[pri:0, instance:StepDefination.TreesClassFile@5456afaa]" started-at="2024-10-18T12:31:44 CDT" name="valid_trees_pane" data-provider="TreesTopics" finished-at="2024-10-18T12:31:47 CDT" duration-ms="2312" status="PASS">
          <params>
            <param index="0">
              <value>
                <![CDATA[Types of Binary Trees]]>
              </value>
            </param>
          </params>
          <reporter-output>
          </reporter-output>
        </test-method> <!-- valid_trees_pane -->
        <test-method is-config="true" signature="captureString(java.lang.reflect.Method,org.testng.ITestResult)[pri:0, instance:StepDefination.TreesClassFile@5456afaa]" started-at="2024-10-18T12:31:47 CDT" name="captureString" finished-at="2024-10-18T12:31:47 CDT" duration-ms="1" status="PASS">
          <params>
            <param index="0">
              <value>
                <![CDATA[public void StepDefination.TreesClassFile.valid_trees_pane(java.lang.String) throws java.lang.Exception]]>
              </value>
            </param>
            <param index="1">
              <value>
                <![CDATA[[TestResult name=valid_trees_pane status=SUCCESS method=TreesClassFile.valid_trees_pane(java.lang.String)[pri:0, instance:StepDefination.TreesClassFile@5456afaa] output={null}]]]>
              </value>
            </param>
          </params>
          <reporter-output>
          </reporter-output>
        </test-method> <!-- captureString -->
        <test-method is-config="true" signature="callingobjects(org.testng.ITestContext)[pri:0, instance:StepDefination.TreesClassFile@5456afaa]" started-at="2024-10-18T12:31:47 CDT" name="callingobjects" finished-at="2024-10-18T12:31:51 CDT" duration-ms="3974" status="PASS">
          <params>
            <param index="0">
              <value>
                <![CDATA[org.testng.TestRunner@667e34b1]]>
              </value>
            </param>
          </params>
          <reporter-output>
          </reporter-output>
        </test-method> <!-- callingobjects -->
        <test-method signature="valid_trees_pane(java.lang.String)[pri:0, instance:StepDefination.TreesClassFile@5456afaa]" started-at="2024-10-18T12:31:51 CDT" name="valid_trees_pane" data-provider="TreesTopics" finished-at="2024-10-18T12:31:53 CDT" duration-ms="2128" status="PASS">
          <params>
            <param index="0">
              <value>
                <![CDATA[Implementation in Python]]>
              </value>
            </param>
          </params>
          <reporter-output>
          </reporter-output>
        </test-method> <!-- valid_trees_pane -->
        <test-method is-config="true" signature="captureString(java.lang.reflect.Method,org.testng.ITestResult)[pri:0, instance:StepDefination.TreesClassFile@5456afaa]" started-at="2024-10-18T12:31:53 CDT" name="captureString" finished-at="2024-10-18T12:31:53 CDT" duration-ms="2" status="PASS">
          <params>
            <param index="0">
              <value>
                <![CDATA[public void StepDefination.TreesClassFile.valid_trees_pane(java.lang.String) throws java.lang.Exception]]>
              </value>
            </param>
            <param index="1">
              <value>
                <![CDATA[[TestResult name=valid_trees_pane status=SUCCESS method=TreesClassFile.valid_trees_pane(java.lang.String)[pri:0, instance:StepDefination.TreesClassFile@5456afaa] output={null}]]]>
              </value>
            </param>
          </params>
          <reporter-output>
          </reporter-output>
        </test-method> <!-- captureString -->
        <test-method is-config="true" signature="callingobjects(org.testng.ITestContext)[pri:0, instance:StepDefination.TreesClassFile@5456afaa]" started-at="2024-10-18T12:31:53 CDT" name="callingobjects" finished-at="2024-10-18T12:31:57 CDT" duration-ms="4293" status="PASS">
          <params>
            <param index="0">
              <value>
                <![CDATA[org.testng.TestRunner@667e34b1]]>
              </value>
            </param>
          </params>
          <reporter-output>
          </reporter-output>
        </test-method> <!-- callingobjects -->
        <test-method signature="valid_trees_pane(java.lang.String)[pri:0, instance:StepDefination.TreesClassFile@5456afaa]" started-at="2024-10-18T12:31:57 CDT" name="valid_trees_pane" data-provider="TreesTopics" finished-at="2024-10-18T12:31:59 CDT" duration-ms="2109" status="PASS">
          <params>
            <param index="0">
              <value>
                <![CDATA[Applications of Binary trees]]>
              </value>
            </param>
          </params>
          <reporter-output>
          </reporter-output>
        </test-method> <!-- valid_trees_pane -->
        <test-method is-config="true" signature="captureString(java.lang.reflect.Method,org.testng.ITestResult)[pri:0, instance:StepDefination.TreesClassFile@5456afaa]" started-at="2024-10-18T12:31:59 CDT" name="captureString" finished-at="2024-10-18T12:31:59 CDT" duration-ms="4" status="PASS">
          <params>
            <param index="0">
              <value>
                <![CDATA[public void StepDefination.TreesClassFile.valid_trees_pane(java.lang.String) throws java.lang.Exception]]>
              </value>
            </param>
            <param index="1">
              <value>
                <![CDATA[[TestResult name=valid_trees_pane status=SUCCESS method=TreesClassFile.valid_trees_pane(java.lang.String)[pri:0, instance:StepDefination.TreesClassFile@5456afaa] output={null}]]]>
              </value>
            </param>
          </params>
          <reporter-output>
          </reporter-output>
        </test-method> <!-- captureString -->
        <test-method is-config="true" signature="callingobjects(org.testng.ITestContext)[pri:0, instance:StepDefination.TreesClassFile@5456afaa]" started-at="2024-10-18T12:31:59 CDT" name="callingobjects" finished-at="2024-10-18T12:32:04 CDT" duration-ms="4276" status="PASS">
          <params>
            <param index="0">
              <value>
                <![CDATA[org.testng.TestRunner@667e34b1]]>
              </value>
            </param>
          </params>
          <reporter-output>
          </reporter-output>
        </test-method> <!-- callingobjects -->
        <test-method signature="valid_trees_pane(java.lang.String)[pri:0, instance:StepDefination.TreesClassFile@5456afaa]" started-at="2024-10-18T12:32:04 CDT" name="valid_trees_pane" data-provider="TreesTopics" finished-at="2024-10-18T12:32:06 CDT" duration-ms="2172" status="PASS">
          <params>
            <param index="0">
              <value>
                <![CDATA[Binary Search Trees]]>
              </value>
            </param>
          </params>
          <reporter-output>
          </reporter-output>
        </test-method> <!-- valid_trees_pane -->
        <test-method is-config="true" signature="captureString(java.lang.reflect.Method,org.testng.ITestResult)[pri:0, instance:StepDefination.TreesClassFile@5456afaa]" started-at="2024-10-18T12:32:06 CDT" name="captureString" finished-at="2024-10-18T12:32:06 CDT" duration-ms="0" status="PASS">
          <params>
            <param index="0">
              <value>
                <![CDATA[public void StepDefination.TreesClassFile.valid_trees_pane(java.lang.String) throws java.lang.Exception]]>
              </value>
            </param>
            <param index="1">
              <value>
                <![CDATA[[TestResult name=valid_trees_pane status=SUCCESS method=TreesClassFile.valid_trees_pane(java.lang.String)[pri:0, instance:StepDefination.TreesClassFile@5456afaa] output={null}]]]>
              </value>
            </param>
          </params>
          <reporter-output>
          </reporter-output>
        </test-method> <!-- captureString -->
        <test-method is-config="true" signature="callingobjects(org.testng.ITestContext)[pri:0, instance:StepDefination.TreesClassFile@5456afaa]" started-at="2024-10-18T12:32:06 CDT" name="callingobjects" finished-at="2024-10-18T12:32:10 CDT" duration-ms="4074" status="PASS">
          <params>
            <param index="0">
              <value>
                <![CDATA[org.testng.TestRunner@667e34b1]]>
              </value>
            </param>
          </params>
          <reporter-output>
          </reporter-output>
        </test-method> <!-- callingobjects -->
        <test-method signature="valid_trees_pane(java.lang.String)[pri:0, instance:StepDefination.TreesClassFile@5456afaa]" started-at="2024-10-18T12:32:10 CDT" name="valid_trees_pane" data-provider="TreesTopics" finished-at="2024-10-18T12:32:12 CDT" duration-ms="2108" status="PASS">
          <params>
            <param index="0">
              <value>
                <![CDATA[Implementation Of BST]]>
              </value>
            </param>
          </params>
          <reporter-output>
          </reporter-output>
        </test-method> <!-- valid_trees_pane -->
        <test-method is-config="true" signature="captureString(java.lang.reflect.Method,org.testng.ITestResult)[pri:0, instance:StepDefination.TreesClassFile@5456afaa]" started-at="2024-10-18T12:32:12 CDT" name="captureString" finished-at="2024-10-18T12:32:12 CDT" duration-ms="5" status="PASS">
          <params>
            <param index="0">
              <value>
                <![CDATA[public void StepDefination.TreesClassFile.valid_trees_pane(java.lang.String) throws java.lang.Exception]]>
              </value>
            </param>
            <param index="1">
              <value>
                <![CDATA[[TestResult name=valid_trees_pane status=SUCCESS method=TreesClassFile.valid_trees_pane(java.lang.String)[pri:0, instance:StepDefination.TreesClassFile@5456afaa] output={null}]]]>
              </value>
            </param>
          </params>
          <reporter-output>
          </reporter-output>
        </test-method> <!-- captureString -->
      </class> <!-- StepDefination.TreesClassFile -->
    </test> <!-- Test8 -->
  </suite> <!-- Suite -->
</testng-results>
