<?xml version="1.0" encoding="UTF-8"?>
<testng-results ignored="0" total="70" passed="70" failed="0" skipped="0">
  <reporter-output>
  </reporter-output>
  <suite started-at="2024-10-22T08:48:34 CDT" name="Suite" finished-at="2024-10-22T08:56:13 CDT" duration-ms="459027">
    <groups>
    </groups>
    <test started-at="2024-10-22T08:48:34 CDT" name="Test4" finished-at="2024-10-22T08:49:09 CDT" duration-ms="34195">
      <class name="TestClasses.HomepageFile">
        <test-method is-config="true" signature="callingobjects(org.testng.ITestContext)[pri:0, instance:TestClasses.HomepageFile@6950ed69]" started-at="2024-10-22T08:48:36 CDT" name="callingobjects" finished-at="2024-10-22T08:48:51 CDT" duration-ms="14414" status="PASS">
          <params>
            <param index="0">
              <value>
                <![CDATA[org.testng.TestRunner@712ca57b]]>
              </value>
            </param>
          </params>
          <reporter-output>
          </reporter-output>
        </test-method> <!-- callingobjects -->
        <test-method signature="Homepage(java.lang.String,java.lang.String,java.lang.String,java.lang.String)[pri:2, instance:TestClasses.HomepageFile@6950ed69]" started-at="2024-10-22T08:48:51 CDT" name="Homepage" data-provider="Registationdatapro" finished-at="2024-10-22T08:48:56 CDT" duration-ms="4417" status="PASS">
          <params>
            <param index="0">
              <value>
                <![CDATA[Nirvana]]>
              </value>
            </param>
            <param index="1">
              <value>
                <![CDATA[archanachaya]]>
              </value>
            </param>
            <param index="2">
              <value>
                <![CDATA[print("helloSelenium")]]>
              </value>
            </param>
            <param index="3">
              <value>
                <![CDATA[Valid]]>
              </value>
            </param>
          </params>
          <reporter-output>
          </reporter-output>
        </test-method> <!-- Homepage -->
        <test-method is-config="true" signature="captureString(java.lang.reflect.Method,org.testng.ITestResult)[pri:0, instance:TestClasses.HomepageFile@6950ed69]" started-at="2024-10-22T08:48:56 CDT" name="captureString" finished-at="2024-10-22T08:48:56 CDT" duration-ms="16" status="PASS">
          <params>
            <param index="0">
              <value>
                <![CDATA[public void TestClasses.HomepageFile.Homepage(java.lang.String,java.lang.String,java.lang.String,java.lang.String) throws java.io.IOException]]>
              </value>
            </param>
            <param index="1">
              <value>
                <![CDATA[[TestResult name=Homepage status=SUCCESS method=HomepageFile.Homepage(java.lang.String,java.lang.String,java.lang.String,java.lang.String)[pri:2, instance:TestClasses.HomepageFile@6950ed69] output={null}]]]>
              </value>
            </param>
          </params>
          <reporter-output>
          </reporter-output>
        </test-method> <!-- captureString -->
        <test-method is-config="true" signature="callingobjects(org.testng.ITestContext)[pri:0, instance:TestClasses.HomepageFile@6950ed69]" started-at="2024-10-22T08:48:56 CDT" name="callingobjects" finished-at="2024-10-22T08:49:04 CDT" duration-ms="8318" status="PASS">
          <params>
            <param index="0">
              <value>
                <![CDATA[org.testng.TestRunner@712ca57b]]>
              </value>
            </param>
          </params>
          <reporter-output>
          </reporter-output>
        </test-method> <!-- callingobjects -->
        <test-method signature="quitmethod()[pri:3, instance:TestClasses.HomepageFile@6950ed69]" started-at="2024-10-22T08:49:04 CDT" name="quitmethod" finished-at="2024-10-22T08:49:09 CDT" duration-ms="4443" status="PASS">
          <reporter-output>
          </reporter-output>
        </test-method> <!-- quitmethod -->
        <test-method is-config="true" signature="captureString(java.lang.reflect.Method,org.testng.ITestResult)[pri:0, instance:TestClasses.HomepageFile@6950ed69]" started-at="2024-10-22T08:49:09 CDT" name="captureString" finished-at="2024-10-22T08:49:09 CDT" duration-ms="2" status="PASS">
          <params>
            <param index="0">
              <value>
                <![CDATA[public void TestClasses.HomepageFile.quitmethod() throws java.io.IOException]]>
              </value>
            </param>
            <param index="1">
              <value>
                <![CDATA[[TestResult name=quitmethod status=SUCCESS method=HomepageFile.quitmethod()[pri:3, instance:TestClasses.HomepageFile@6950ed69] output={null}]]]>
              </value>
            </param>
          </params>
          <reporter-output>
          </reporter-output>
        </test-method> <!-- captureString -->
      </class> <!-- TestClasses.HomepageFile -->
    </test> <!-- Test4 -->
    <test started-at="2024-10-22T08:48:34 CDT" name="Test2" finished-at="2024-10-22T08:50:02 CDT" duration-ms="87933">
      <class name="TestClasses.DataStructure">
        <test-method is-config="true" signature="callingobjects(org.testng.ITestContext)[pri:0, instance:TestClasses.DataStructure@24c22fe]" started-at="2024-10-22T08:48:36 CDT" name="callingobjects" finished-at="2024-10-22T08:49:07 CDT" duration-ms="30130" status="PASS">
          <params>
            <param index="0">
              <value>
                <![CDATA[org.testng.TestRunner@4248ed58]]>
              </value>
            </param>
          </params>
          <reporter-output>
          </reporter-output>
        </test-method> <!-- callingobjects -->
        <test-method signature="Dspage(java.lang.String,java.lang.String,java.lang.String,java.lang.String)[pri:0, instance:TestClasses.DataStructure@24c22fe]" started-at="2024-10-22T08:49:07 CDT" name="Dspage" data-provider="Graphsdatapro" finished-at="2024-10-22T08:49:43 CDT" duration-ms="36504" status="PASS">
          <params>
            <param index="0">
              <value>
                <![CDATA[Nirvana]]>
              </value>
            </param>
            <param index="1">
              <value>
                <![CDATA[archanachaya]]>
              </value>
            </param>
            <param index="2">
              <value>
                <![CDATA[print("helloSelenium")]]>
              </value>
            </param>
            <param index="3">
              <value>
                <![CDATA[Valid]]>
              </value>
            </param>
          </params>
          <reporter-output>
          </reporter-output>
        </test-method> <!-- Dspage -->
        <test-method is-config="true" signature="captureString(java.lang.reflect.Method,org.testng.ITestResult)[pri:0, instance:TestClasses.DataStructure@24c22fe]" started-at="2024-10-22T08:49:43 CDT" name="captureString" finished-at="2024-10-22T08:49:43 CDT" duration-ms="4" status="PASS">
          <params>
            <param index="0">
              <value>
                <![CDATA[public void TestClasses.DataStructure.Dspage(java.lang.String,java.lang.String,java.lang.String,java.lang.String) throws java.io.IOException]]>
              </value>
            </param>
            <param index="1">
              <value>
                <![CDATA[[TestResult name=Dspage status=SUCCESS method=DataStructure.Dspage(java.lang.String,java.lang.String,java.lang.String,java.lang.String)[pri:0, instance:TestClasses.DataStructure@24c22fe] output={null}]]]>
              </value>
            </param>
          </params>
          <reporter-output>
          </reporter-output>
        </test-method> <!-- captureString -->
        <test-method is-config="true" signature="callingobjects(org.testng.ITestContext)[pri:0, instance:TestClasses.DataStructure@24c22fe]" started-at="2024-10-22T08:49:43 CDT" name="callingobjects" finished-at="2024-10-22T08:49:49 CDT" duration-ms="5623" status="PASS">
          <params>
            <param index="0">
              <value>
                <![CDATA[org.testng.TestRunner@4248ed58]]>
              </value>
            </param>
          </params>
          <reporter-output>
          </reporter-output>
        </test-method> <!-- callingobjects -->
        <test-method signature="Dspage(java.lang.String,java.lang.String,java.lang.String,java.lang.String)[pri:0, instance:TestClasses.DataStructure@24c22fe]" started-at="2024-10-22T08:49:49 CDT" name="Dspage" data-provider="Graphsdatapro" finished-at="2024-10-22T08:50:02 CDT" duration-ms="13494" status="PASS">
          <params>
            <param index="0">
              <value>
                <![CDATA[]]>
              </value>
            </param>
            <param index="1">
              <value>
                <![CDATA[]]>
              </value>
            </param>
            <param index="2">
              <value>
                <![CDATA[prin('hello]]>
              </value>
            </param>
            <param index="3">
              <value>
                <![CDATA[Invalid]]>
              </value>
            </param>
          </params>
          <reporter-output>
          </reporter-output>
        </test-method> <!-- Dspage -->
        <test-method is-config="true" signature="captureString(java.lang.reflect.Method,org.testng.ITestResult)[pri:0, instance:TestClasses.DataStructure@24c22fe]" started-at="2024-10-22T08:50:02 CDT" name="captureString" finished-at="2024-10-22T08:50:02 CDT" duration-ms="12" status="PASS">
          <params>
            <param index="0">
              <value>
                <![CDATA[public void TestClasses.DataStructure.Dspage(java.lang.String,java.lang.String,java.lang.String,java.lang.String) throws java.io.IOException]]>
              </value>
            </param>
            <param index="1">
              <value>
                <![CDATA[[TestResult name=Dspage status=SUCCESS method=DataStructure.Dspage(java.lang.String,java.lang.String,java.lang.String,java.lang.String)[pri:0, instance:TestClasses.DataStructure@24c22fe] output={null}]]]>
              </value>
            </param>
          </params>
          <reporter-output>
          </reporter-output>
        </test-method> <!-- captureString -->
      </class> <!-- TestClasses.DataStructure -->
    </test> <!-- Test2 -->
    <test started-at="2024-10-22T08:48:34 CDT" name="Test3" finished-at="2024-10-22T08:50:50 CDT" duration-ms="135505">
      <class name="TestClasses.GraphsFile">
        <test-method is-config="true" signature="callingobjects(org.testng.ITestContext)[pri:0, instance:TestClasses.GraphsFile@15a04efb]" started-at="2024-10-22T08:48:36 CDT" name="callingobjects" finished-at="2024-10-22T08:49:00 CDT" duration-ms="23909" status="PASS">
          <params>
            <param index="0">
              <value>
                <![CDATA[org.testng.TestRunner@4564e94b]]>
              </value>
            </param>
          </params>
          <reporter-output>
          </reporter-output>
        </test-method> <!-- callingobjects -->
        <test-method signature="Graph_Representation(java.lang.String,java.lang.String,java.lang.String,java.lang.String)[pri:0, instance:TestClasses.GraphsFile@15a04efb]" started-at="2024-10-22T08:49:00 CDT" name="Graph_Representation" data-provider="Graphsdatapro" finished-at="2024-10-22T08:49:08 CDT" duration-ms="7994" status="PASS">
          <params>
            <param index="0">
              <value>
                <![CDATA[Nirvana]]>
              </value>
            </param>
            <param index="1">
              <value>
                <![CDATA[archanachaya]]>
              </value>
            </param>
            <param index="2">
              <value>
                <![CDATA[print("helloSelenium")]]>
              </value>
            </param>
            <param index="3">
              <value>
                <![CDATA[Valid]]>
              </value>
            </param>
          </params>
          <reporter-output>
          </reporter-output>
        </test-method> <!-- Graph_Representation -->
        <test-method is-config="true" signature="captureString(java.lang.reflect.Method,org.testng.ITestResult)[pri:0, instance:TestClasses.GraphsFile@15a04efb]" started-at="2024-10-22T08:49:08 CDT" name="captureString" finished-at="2024-10-22T08:49:08 CDT" duration-ms="0" status="PASS">
          <params>
            <param index="0">
              <value>
                <![CDATA[public void TestClasses.GraphsFile.Graph_Representation(java.lang.String,java.lang.String,java.lang.String,java.lang.String) throws java.lang.Exception]]>
              </value>
            </param>
            <param index="1">
              <value>
                <![CDATA[[TestResult name=Graph_Representation status=SUCCESS method=GraphsFile.Graph_Representation(java.lang.String,java.lang.String,java.lang.String,java.lang.String)[pri:0, instance:TestClasses.GraphsFile@15a04efb] output={null}]]]>
              </value>
            </param>
          </params>
          <reporter-output>
          </reporter-output>
        </test-method> <!-- captureString -->
        <test-method is-config="true" signature="callingobjects(org.testng.ITestContext)[pri:0, instance:TestClasses.GraphsFile@15a04efb]" started-at="2024-10-22T08:49:08 CDT" name="callingobjects" finished-at="2024-10-22T08:49:16 CDT" duration-ms="7752" status="PASS">
          <params>
            <param index="0">
              <value>
                <![CDATA[org.testng.TestRunner@4564e94b]]>
              </value>
            </param>
          </params>
          <reporter-output>
          </reporter-output>
        </test-method> <!-- callingobjects -->
        <test-method signature="Graph_Representation(java.lang.String,java.lang.String,java.lang.String,java.lang.String)[pri:0, instance:TestClasses.GraphsFile@15a04efb]" started-at="2024-10-22T08:49:16 CDT" name="Graph_Representation" data-provider="Graphsdatapro" finished-at="2024-10-22T08:49:50 CDT" duration-ms="33684" status="PASS">
          <params>
            <param index="0">
              <value>
                <![CDATA[]]>
              </value>
            </param>
            <param index="1">
              <value>
                <![CDATA[]]>
              </value>
            </param>
            <param index="2">
              <value>
                <![CDATA[prin('hello]]>
              </value>
            </param>
            <param index="3">
              <value>
                <![CDATA[Invalid]]>
              </value>
            </param>
          </params>
          <reporter-output>
          </reporter-output>
        </test-method> <!-- Graph_Representation -->
        <test-method is-config="true" signature="captureString(java.lang.reflect.Method,org.testng.ITestResult)[pri:0, instance:TestClasses.GraphsFile@15a04efb]" started-at="2024-10-22T08:49:50 CDT" name="captureString" finished-at="2024-10-22T08:49:50 CDT" duration-ms="0" status="PASS">
          <params>
            <param index="0">
              <value>
                <![CDATA[public void TestClasses.GraphsFile.Graph_Representation(java.lang.String,java.lang.String,java.lang.String,java.lang.String) throws java.lang.Exception]]>
              </value>
            </param>
            <param index="1">
              <value>
                <![CDATA[[TestResult name=Graph_Representation status=SUCCESS method=GraphsFile.Graph_Representation(java.lang.String,java.lang.String,java.lang.String,java.lang.String)[pri:0, instance:TestClasses.GraphsFile@15a04efb] output={null}]]]>
              </value>
            </param>
          </params>
          <reporter-output>
          </reporter-output>
        </test-method> <!-- captureString -->
        <test-method is-config="true" signature="callingobjects(org.testng.ITestContext)[pri:0, instance:TestClasses.GraphsFile@15a04efb]" started-at="2024-10-22T08:49:50 CDT" name="callingobjects" finished-at="2024-10-22T08:49:59 CDT" duration-ms="8462" status="PASS">
          <params>
            <param index="0">
              <value>
                <![CDATA[org.testng.TestRunner@4564e94b]]>
              </value>
            </param>
          </params>
          <reporter-output>
          </reporter-output>
        </test-method> <!-- callingobjects -->
        <test-method signature="graphs_Topic(java.lang.String,java.lang.String,java.lang.String,java.lang.String)[pri:0, instance:TestClasses.GraphsFile@15a04efb]" started-at="2024-10-22T08:49:59 CDT" name="graphs_Topic" data-provider="Graphsdatapro" finished-at="2024-10-22T08:50:13 CDT" duration-ms="14578" status="PASS">
          <params>
            <param index="0">
              <value>
                <![CDATA[Nirvana]]>
              </value>
            </param>
            <param index="1">
              <value>
                <![CDATA[archanachaya]]>
              </value>
            </param>
            <param index="2">
              <value>
                <![CDATA[print("helloSelenium")]]>
              </value>
            </param>
            <param index="3">
              <value>
                <![CDATA[Valid]]>
              </value>
            </param>
          </params>
          <reporter-output>
          </reporter-output>
        </test-method> <!-- graphs_Topic -->
        <test-method is-config="true" signature="captureString(java.lang.reflect.Method,org.testng.ITestResult)[pri:0, instance:TestClasses.GraphsFile@15a04efb]" started-at="2024-10-22T08:50:13 CDT" name="captureString" finished-at="2024-10-22T08:50:13 CDT" duration-ms="3" status="PASS">
          <params>
            <param index="0">
              <value>
                <![CDATA[public void TestClasses.GraphsFile.graphs_Topic(java.lang.String,java.lang.String,java.lang.String,java.lang.String) throws java.lang.Exception]]>
              </value>
            </param>
            <param index="1">
              <value>
                <![CDATA[[TestResult name=graphs_Topic status=SUCCESS method=GraphsFile.graphs_Topic(java.lang.String,java.lang.String,java.lang.String,java.lang.String)[pri:0, instance:TestClasses.GraphsFile@15a04efb] output={null}]]]>
              </value>
            </param>
          </params>
          <reporter-output>
          </reporter-output>
        </test-method> <!-- captureString -->
        <test-method is-config="true" signature="callingobjects(org.testng.ITestContext)[pri:0, instance:TestClasses.GraphsFile@15a04efb]" started-at="2024-10-22T08:50:13 CDT" name="callingobjects" finished-at="2024-10-22T08:50:26 CDT" duration-ms="13210" status="PASS">
          <params>
            <param index="0">
              <value>
                <![CDATA[org.testng.TestRunner@4564e94b]]>
              </value>
            </param>
          </params>
          <reporter-output>
          </reporter-output>
        </test-method> <!-- callingobjects -->
        <test-method signature="graphs_Topic(java.lang.String,java.lang.String,java.lang.String,java.lang.String)[pri:0, instance:TestClasses.GraphsFile@15a04efb]" started-at="2024-10-22T08:50:26 CDT" name="graphs_Topic" data-provider="Graphsdatapro" finished-at="2024-10-22T08:50:50 CDT" duration-ms="23521" status="PASS">
          <params>
            <param index="0">
              <value>
                <![CDATA[]]>
              </value>
            </param>
            <param index="1">
              <value>
                <![CDATA[]]>
              </value>
            </param>
            <param index="2">
              <value>
                <![CDATA[prin('hello]]>
              </value>
            </param>
            <param index="3">
              <value>
                <![CDATA[Invalid]]>
              </value>
            </param>
          </params>
          <reporter-output>
          </reporter-output>
        </test-method> <!-- graphs_Topic -->
        <test-method is-config="true" signature="captureString(java.lang.reflect.Method,org.testng.ITestResult)[pri:0, instance:TestClasses.GraphsFile@15a04efb]" started-at="2024-10-22T08:50:50 CDT" name="captureString" finished-at="2024-10-22T08:50:50 CDT" duration-ms="0" status="PASS">
          <params>
            <param index="0">
              <value>
                <![CDATA[public void TestClasses.GraphsFile.graphs_Topic(java.lang.String,java.lang.String,java.lang.String,java.lang.String) throws java.lang.Exception]]>
              </value>
            </param>
            <param index="1">
              <value>
                <![CDATA[[TestResult name=graphs_Topic status=SUCCESS method=GraphsFile.graphs_Topic(java.lang.String,java.lang.String,java.lang.String,java.lang.String)[pri:0, instance:TestClasses.GraphsFile@15a04efb] output={null}]]]>
              </value>
            </param>
          </params>
          <reporter-output>
          </reporter-output>
        </test-method> <!-- captureString -->
      </class> <!-- TestClasses.GraphsFile -->
    </test> <!-- Test3 -->
    <test started-at="2024-10-22T08:50:02 CDT" name="Test6" finished-at="2024-10-22T08:52:42 CDT" duration-ms="159818">
      <class name="TestClasses.QueuesFile">
        <test-method is-config="true" signature="callingobjects(org.testng.ITestContext)[pri:0, instance:TestClasses.QueuesFile@2e32ccc5]" started-at="2024-10-22T08:50:02 CDT" name="callingobjects" finished-at="2024-10-22T08:50:10 CDT" duration-ms="7502" status="PASS">
          <params>
            <param index="0">
              <value>
                <![CDATA[org.testng.TestRunner@51745f40]]>
              </value>
            </param>
          </params>
          <reporter-output>
          </reporter-output>
        </test-method> <!-- callingobjects -->
        <test-method signature="queues_paneIn(java.lang.String)[pri:0, instance:TestClasses.QueuesFile@2e32ccc5]" started-at="2024-10-22T08:50:10 CDT" name="queues_paneIn" data-provider="QueuesTopics" finished-at="2024-10-22T08:50:17 CDT" duration-ms="6863" status="PASS">
          <params>
            <param index="0">
              <value>
                <![CDATA[Implementation of Queue in Python]]>
              </value>
            </param>
          </params>
          <reporter-output>
          </reporter-output>
        </test-method> <!-- queues_paneIn -->
        <test-method is-config="true" signature="captureString(java.lang.reflect.Method,org.testng.ITestResult)[pri:0, instance:TestClasses.QueuesFile@2e32ccc5]" started-at="2024-10-22T08:50:17 CDT" name="captureString" finished-at="2024-10-22T08:50:17 CDT" duration-ms="0" status="PASS">
          <params>
            <param index="0">
              <value>
                <![CDATA[public void TestClasses.QueuesFile.queues_paneIn(java.lang.String) throws java.lang.Exception]]>
              </value>
            </param>
            <param index="1">
              <value>
                <![CDATA[[TestResult name=queues_paneIn status=SUCCESS method=QueuesFile.queues_paneIn(java.lang.String)[pri:0, instance:TestClasses.QueuesFile@2e32ccc5] output={null}]]]>
              </value>
            </param>
          </params>
          <reporter-output>
          </reporter-output>
        </test-method> <!-- captureString -->
        <test-method is-config="true" signature="callingobjects(org.testng.ITestContext)[pri:0, instance:TestClasses.QueuesFile@2e32ccc5]" started-at="2024-10-22T08:50:17 CDT" name="callingobjects" finished-at="2024-10-22T08:50:28 CDT" duration-ms="10769" status="PASS">
          <params>
            <param index="0">
              <value>
                <![CDATA[org.testng.TestRunner@51745f40]]>
              </value>
            </param>
          </params>
          <reporter-output>
          </reporter-output>
        </test-method> <!-- callingobjects -->
        <test-method signature="queues_paneIn(java.lang.String)[pri:0, instance:TestClasses.QueuesFile@2e32ccc5]" started-at="2024-10-22T08:50:28 CDT" name="queues_paneIn" data-provider="QueuesTopics" finished-at="2024-10-22T08:50:36 CDT" duration-ms="8490" status="PASS">
          <params>
            <param index="0">
              <value>
                <![CDATA[Implementation using collections.deque]]>
              </value>
            </param>
          </params>
          <reporter-output>
          </reporter-output>
        </test-method> <!-- queues_paneIn -->
        <test-method is-config="true" signature="callingobjects(org.testng.ITestContext)[pri:0, instance:TestClasses.QueuesFile@2e32ccc5]" started-at="2024-10-22T08:50:36 CDT" name="callingobjects" finished-at="2024-10-22T08:50:44 CDT" duration-ms="8089" status="PASS">
          <params>
            <param index="0">
              <value>
                <![CDATA[org.testng.TestRunner@51745f40]]>
              </value>
            </param>
          </params>
          <reporter-output>
          </reporter-output>
        </test-method> <!-- callingobjects -->
        <test-method is-config="true" signature="captureString(java.lang.reflect.Method,org.testng.ITestResult)[pri:0, instance:TestClasses.QueuesFile@2e32ccc5]" started-at="2024-10-22T08:50:36 CDT" name="captureString" finished-at="2024-10-22T08:50:36 CDT" duration-ms="0" status="PASS">
          <params>
            <param index="0">
              <value>
                <![CDATA[public void TestClasses.QueuesFile.queues_paneIn(java.lang.String) throws java.lang.Exception]]>
              </value>
            </param>
            <param index="1">
              <value>
                <![CDATA[[TestResult name=queues_paneIn status=SUCCESS method=QueuesFile.queues_paneIn(java.lang.String)[pri:0, instance:TestClasses.QueuesFile@2e32ccc5] output={null}]]]>
              </value>
            </param>
          </params>
          <reporter-output>
          </reporter-output>
        </test-method> <!-- captureString -->
        <test-method signature="queues_paneIn(java.lang.String)[pri:0, instance:TestClasses.QueuesFile@2e32ccc5]" started-at="2024-10-22T08:50:44 CDT" name="queues_paneIn" data-provider="QueuesTopics" finished-at="2024-10-22T08:50:57 CDT" duration-ms="12665" status="PASS">
          <params>
            <param index="0">
              <value>
                <![CDATA[Implementation using array]]>
              </value>
            </param>
          </params>
          <reporter-output>
          </reporter-output>
        </test-method> <!-- queues_paneIn -->
        <test-method is-config="true" signature="captureString(java.lang.reflect.Method,org.testng.ITestResult)[pri:0, instance:TestClasses.QueuesFile@2e32ccc5]" started-at="2024-10-22T08:50:57 CDT" name="captureString" finished-at="2024-10-22T08:50:57 CDT" duration-ms="2" status="PASS">
          <params>
            <param index="0">
              <value>
                <![CDATA[public void TestClasses.QueuesFile.queues_paneIn(java.lang.String) throws java.lang.Exception]]>
              </value>
            </param>
            <param index="1">
              <value>
                <![CDATA[[TestResult name=queues_paneIn status=SUCCESS method=QueuesFile.queues_paneIn(java.lang.String)[pri:0, instance:TestClasses.QueuesFile@2e32ccc5] output={null}]]]>
              </value>
            </param>
          </params>
          <reporter-output>
          </reporter-output>
        </test-method> <!-- captureString -->
        <test-method is-config="true" signature="callingobjects(org.testng.ITestContext)[pri:0, instance:TestClasses.QueuesFile@2e32ccc5]" started-at="2024-10-22T08:50:57 CDT" name="callingobjects" finished-at="2024-10-22T08:51:05 CDT" duration-ms="8255" status="PASS">
          <params>
            <param index="0">
              <value>
                <![CDATA[org.testng.TestRunner@51745f40]]>
              </value>
            </param>
          </params>
          <reporter-output>
          </reporter-output>
        </test-method> <!-- callingobjects -->
        <test-method signature="queues_paneIn(java.lang.String)[pri:0, instance:TestClasses.QueuesFile@2e32ccc5]" started-at="2024-10-22T08:51:05 CDT" name="queues_paneIn" data-provider="QueuesTopics" finished-at="2024-10-22T08:51:21 CDT" duration-ms="15393" status="PASS">
          <params>
            <param index="0">
              <value>
                <![CDATA[Queue Operations]]>
              </value>
            </param>
          </params>
          <reporter-output>
          </reporter-output>
        </test-method> <!-- queues_paneIn -->
        <test-method is-config="true" signature="captureString(java.lang.reflect.Method,org.testng.ITestResult)[pri:0, instance:TestClasses.QueuesFile@2e32ccc5]" started-at="2024-10-22T08:51:21 CDT" name="captureString" finished-at="2024-10-22T08:51:21 CDT" duration-ms="1" status="PASS">
          <params>
            <param index="0">
              <value>
                <![CDATA[public void TestClasses.QueuesFile.queues_paneIn(java.lang.String) throws java.lang.Exception]]>
              </value>
            </param>
            <param index="1">
              <value>
                <![CDATA[[TestResult name=queues_paneIn status=SUCCESS method=QueuesFile.queues_paneIn(java.lang.String)[pri:0, instance:TestClasses.QueuesFile@2e32ccc5] output={null}]]]>
              </value>
            </param>
          </params>
          <reporter-output>
          </reporter-output>
        </test-method> <!-- captureString -->
        <test-method is-config="true" signature="callingobjects(org.testng.ITestContext)[pri:0, instance:TestClasses.QueuesFile@2e32ccc5]" started-at="2024-10-22T08:51:21 CDT" name="callingobjects" finished-at="2024-10-22T08:51:27 CDT" duration-ms="6263" status="PASS">
          <params>
            <param index="0">
              <value>
                <![CDATA[org.testng.TestRunner@51745f40]]>
              </value>
            </param>
          </params>
          <reporter-output>
          </reporter-output>
        </test-method> <!-- callingobjects -->
        <test-method signature="queues_pane_validcode(java.lang.String)[pri:0, instance:TestClasses.QueuesFile@2e32ccc5]" started-at="2024-10-22T08:51:27 CDT" name="queues_pane_validcode" description="Verify Queuepane on DsAlgo" data-provider="QueuesTopics" finished-at="2024-10-22T08:51:41 CDT" duration-ms="14285" status="PASS">
          <params>
            <param index="0">
              <value>
                <![CDATA[Implementation of Queue in Python]]>
              </value>
            </param>
          </params>
          <reporter-output>
          </reporter-output>
        </test-method> <!-- queues_pane_validcode -->
        <test-method is-config="true" signature="captureString(java.lang.reflect.Method,org.testng.ITestResult)[pri:0, instance:TestClasses.QueuesFile@2e32ccc5]" started-at="2024-10-22T08:51:41 CDT" name="captureString" finished-at="2024-10-22T08:51:41 CDT" duration-ms="4" status="PASS">
          <params>
            <param index="0">
              <value>
                <![CDATA[public void TestClasses.QueuesFile.queues_pane_validcode(java.lang.String) throws java.lang.Exception]]>
              </value>
            </param>
            <param index="1">
              <value>
                <![CDATA[[TestResult name=queues_pane_validcode status=SUCCESS method=QueuesFile.queues_pane_validcode(java.lang.String)[pri:0, instance:TestClasses.QueuesFile@2e32ccc5] output={null}]]]>
              </value>
            </param>
          </params>
          <reporter-output>
          </reporter-output>
        </test-method> <!-- captureString -->
        <test-method is-config="true" signature="callingobjects(org.testng.ITestContext)[pri:0, instance:TestClasses.QueuesFile@2e32ccc5]" started-at="2024-10-22T08:51:41 CDT" name="callingobjects" finished-at="2024-10-22T08:51:52 CDT" duration-ms="10709" status="PASS">
          <params>
            <param index="0">
              <value>
                <![CDATA[org.testng.TestRunner@51745f40]]>
              </value>
            </param>
          </params>
          <reporter-output>
          </reporter-output>
        </test-method> <!-- callingobjects -->
        <test-method signature="queues_pane_validcode(java.lang.String)[pri:0, instance:TestClasses.QueuesFile@2e32ccc5]" started-at="2024-10-22T08:51:52 CDT" name="queues_pane_validcode" description="Verify Queuepane on DsAlgo" data-provider="QueuesTopics" finished-at="2024-10-22T08:51:57 CDT" duration-ms="4954" status="PASS">
          <params>
            <param index="0">
              <value>
                <![CDATA[Implementation using collections.deque]]>
              </value>
            </param>
          </params>
          <reporter-output>
          </reporter-output>
        </test-method> <!-- queues_pane_validcode -->
        <test-method is-config="true" signature="captureString(java.lang.reflect.Method,org.testng.ITestResult)[pri:0, instance:TestClasses.QueuesFile@2e32ccc5]" started-at="2024-10-22T08:51:57 CDT" name="captureString" finished-at="2024-10-22T08:51:57 CDT" duration-ms="0" status="PASS">
          <params>
            <param index="0">
              <value>
                <![CDATA[public void TestClasses.QueuesFile.queues_pane_validcode(java.lang.String) throws java.lang.Exception]]>
              </value>
            </param>
            <param index="1">
              <value>
                <![CDATA[[TestResult name=queues_pane_validcode status=SUCCESS method=QueuesFile.queues_pane_validcode(java.lang.String)[pri:0, instance:TestClasses.QueuesFile@2e32ccc5] output={null}]]]>
              </value>
            </param>
          </params>
          <reporter-output>
          </reporter-output>
        </test-method> <!-- captureString -->
        <test-method is-config="true" signature="callingobjects(org.testng.ITestContext)[pri:0, instance:TestClasses.QueuesFile@2e32ccc5]" started-at="2024-10-22T08:51:57 CDT" name="callingobjects" finished-at="2024-10-22T08:52:10 CDT" duration-ms="12674" status="PASS">
          <params>
            <param index="0">
              <value>
                <![CDATA[org.testng.TestRunner@51745f40]]>
              </value>
            </param>
          </params>
          <reporter-output>
          </reporter-output>
        </test-method> <!-- callingobjects -->
        <test-method signature="queues_pane_validcode(java.lang.String)[pri:0, instance:TestClasses.QueuesFile@2e32ccc5]" started-at="2024-10-22T08:52:10 CDT" name="queues_pane_validcode" description="Verify Queuepane on DsAlgo" data-provider="QueuesTopics" finished-at="2024-10-22T08:52:23 CDT" duration-ms="13140" status="PASS">
          <params>
            <param index="0">
              <value>
                <![CDATA[Implementation using array]]>
              </value>
            </param>
          </params>
          <reporter-output>
          </reporter-output>
        </test-method> <!-- queues_pane_validcode -->
        <test-method is-config="true" signature="captureString(java.lang.reflect.Method,org.testng.ITestResult)[pri:0, instance:TestClasses.QueuesFile@2e32ccc5]" started-at="2024-10-22T08:52:23 CDT" name="captureString" finished-at="2024-10-22T08:52:23 CDT" duration-ms="8" status="PASS">
          <params>
            <param index="0">
              <value>
                <![CDATA[public void TestClasses.QueuesFile.queues_pane_validcode(java.lang.String) throws java.lang.Exception]]>
              </value>
            </param>
            <param index="1">
              <value>
                <![CDATA[[TestResult name=queues_pane_validcode status=SUCCESS method=QueuesFile.queues_pane_validcode(java.lang.String)[pri:0, instance:TestClasses.QueuesFile@2e32ccc5] output={null}]]]>
              </value>
            </param>
          </params>
          <reporter-output>
          </reporter-output>
        </test-method> <!-- captureString -->
        <test-method is-config="true" signature="callingobjects(org.testng.ITestContext)[pri:0, instance:TestClasses.QueuesFile@2e32ccc5]" started-at="2024-10-22T08:52:23 CDT" name="callingobjects" finished-at="2024-10-22T08:52:32 CDT" duration-ms="9046" status="PASS">
          <params>
            <param index="0">
              <value>
                <![CDATA[org.testng.TestRunner@51745f40]]>
              </value>
            </param>
          </params>
          <reporter-output>
          </reporter-output>
        </test-method> <!-- callingobjects -->
        <test-method signature="queues_pane_validcode(java.lang.String)[pri:0, instance:TestClasses.QueuesFile@2e32ccc5]" started-at="2024-10-22T08:52:32 CDT" name="queues_pane_validcode" description="Verify Queuepane on DsAlgo" data-provider="QueuesTopics" finished-at="2024-10-22T08:52:42 CDT" duration-ms="10339" status="PASS">
          <params>
            <param index="0">
              <value>
                <![CDATA[Queue Operations]]>
              </value>
            </param>
          </params>
          <reporter-output>
          </reporter-output>
        </test-method> <!-- queues_pane_validcode -->
        <test-method is-config="true" signature="captureString(java.lang.reflect.Method,org.testng.ITestResult)[pri:0, instance:TestClasses.QueuesFile@2e32ccc5]" started-at="2024-10-22T08:52:42 CDT" name="captureString" finished-at="2024-10-22T08:52:42 CDT" duration-ms="6" status="PASS">
          <params>
            <param index="0">
              <value>
                <![CDATA[public void TestClasses.QueuesFile.queues_pane_validcode(java.lang.String) throws java.lang.Exception]]>
              </value>
            </param>
            <param index="1">
              <value>
                <![CDATA[[TestResult name=queues_pane_validcode status=SUCCESS method=QueuesFile.queues_pane_validcode(java.lang.String)[pri:0, instance:TestClasses.QueuesFile@2e32ccc5] output={null}]]]>
              </value>
            </param>
          </params>
          <reporter-output>
          </reporter-output>
        </test-method> <!-- captureString -->
      </class> <!-- TestClasses.QueuesFile -->
    </test> <!-- Test6 -->
    <test started-at="2024-10-22T08:48:34 CDT" name="Test1" finished-at="2024-10-22T08:52:45 CDT" duration-ms="251115">
      <class name="TestClasses.ArraysDocClassFile">
        <test-method is-config="true" signature="callingobjects(org.testng.ITestContext)[pri:0, instance:TestClasses.ArraysDocClassFile@34129c78]" started-at="2024-10-22T08:48:34 CDT" name="callingobjects" finished-at="2024-10-22T08:48:56 CDT" duration-ms="21138" status="PASS">
          <params>
            <param index="0">
              <value>
                <![CDATA[org.testng.TestRunner@5488b5c5]]>
              </value>
            </param>
          </params>
          <reporter-output>
          </reporter-output>
        </test-method> <!-- callingobjects -->
        <test-method signature="Array_invalid(java.lang.String)[pri:0, instance:TestClasses.ArraysDocClassFile@34129c78]" started-at="2024-10-22T08:48:56 CDT" name="Array_invalid" data-provider="Arraysdatapro" finished-at="2024-10-22T08:49:19 CDT" duration-ms="23598" status="PASS">
          <params>
            <param index="0">
              <value>
                <![CDATA[Arrays in Python]]>
              </value>
            </param>
          </params>
          <reporter-output>
          </reporter-output>
        </test-method> <!-- Array_invalid -->
        <test-method is-config="true" signature="captureString(java.lang.reflect.Method,org.testng.ITestResult)[pri:0, instance:TestClasses.ArraysDocClassFile@34129c78]" started-at="2024-10-22T08:49:19 CDT" name="captureString" finished-at="2024-10-22T08:49:19 CDT" duration-ms="8" status="PASS">
          <params>
            <param index="0">
              <value>
                <![CDATA[public void TestClasses.ArraysDocClassFile.Array_invalid(java.lang.String) throws java.lang.Exception]]>
              </value>
            </param>
            <param index="1">
              <value>
                <![CDATA[[TestResult name=Array_invalid status=SUCCESS method=ArraysDocClassFile.Array_invalid(java.lang.String)[pri:0, instance:TestClasses.ArraysDocClassFile@34129c78] output={null}]]]>
              </value>
            </param>
          </params>
          <reporter-output>
          </reporter-output>
        </test-method> <!-- captureString -->
        <test-method is-config="true" signature="callingobjects(org.testng.ITestContext)[pri:0, instance:TestClasses.ArraysDocClassFile@34129c78]" started-at="2024-10-22T08:49:19 CDT" name="callingobjects" finished-at="2024-10-22T08:49:37 CDT" duration-ms="17760" status="PASS">
          <params>
            <param index="0">
              <value>
                <![CDATA[org.testng.TestRunner@5488b5c5]]>
              </value>
            </param>
          </params>
          <reporter-output>
          </reporter-output>
        </test-method> <!-- callingobjects -->
        <test-method signature="Array_invalid(java.lang.String)[pri:0, instance:TestClasses.ArraysDocClassFile@34129c78]" started-at="2024-10-22T08:49:37 CDT" name="Array_invalid" data-provider="Arraysdatapro" finished-at="2024-10-22T08:49:49 CDT" duration-ms="12384" status="PASS">
          <params>
            <param index="0">
              <value>
                <![CDATA[Arrays Using List]]>
              </value>
            </param>
          </params>
          <reporter-output>
          </reporter-output>
        </test-method> <!-- Array_invalid -->
        <test-method is-config="true" signature="captureString(java.lang.reflect.Method,org.testng.ITestResult)[pri:0, instance:TestClasses.ArraysDocClassFile@34129c78]" started-at="2024-10-22T08:49:49 CDT" name="captureString" finished-at="2024-10-22T08:49:49 CDT" duration-ms="1" status="PASS">
          <params>
            <param index="0">
              <value>
                <![CDATA[public void TestClasses.ArraysDocClassFile.Array_invalid(java.lang.String) throws java.lang.Exception]]>
              </value>
            </param>
            <param index="1">
              <value>
                <![CDATA[[TestResult name=Array_invalid status=SUCCESS method=ArraysDocClassFile.Array_invalid(java.lang.String)[pri:0, instance:TestClasses.ArraysDocClassFile@34129c78] output={null}]]]>
              </value>
            </param>
          </params>
          <reporter-output>
          </reporter-output>
        </test-method> <!-- captureString -->
        <test-method is-config="true" signature="callingobjects(org.testng.ITestContext)[pri:0, instance:TestClasses.ArraysDocClassFile@34129c78]" started-at="2024-10-22T08:49:49 CDT" name="callingobjects" finished-at="2024-10-22T08:49:59 CDT" duration-ms="9782" status="PASS">
          <params>
            <param index="0">
              <value>
                <![CDATA[org.testng.TestRunner@5488b5c5]]>
              </value>
            </param>
          </params>
          <reporter-output>
          </reporter-output>
        </test-method> <!-- callingobjects -->
        <test-method signature="Array_invalid(java.lang.String)[pri:0, instance:TestClasses.ArraysDocClassFile@34129c78]" started-at="2024-10-22T08:49:59 CDT" name="Array_invalid" data-provider="Arraysdatapro" finished-at="2024-10-22T08:50:13 CDT" duration-ms="13979" status="PASS">
          <params>
            <param index="0">
              <value>
                <![CDATA[Basic Operations in Lists]]>
              </value>
            </param>
          </params>
          <reporter-output>
          </reporter-output>
        </test-method> <!-- Array_invalid -->
        <test-method is-config="true" signature="captureString(java.lang.reflect.Method,org.testng.ITestResult)[pri:0, instance:TestClasses.ArraysDocClassFile@34129c78]" started-at="2024-10-22T08:50:13 CDT" name="captureString" finished-at="2024-10-22T08:50:13 CDT" duration-ms="10" status="PASS">
          <params>
            <param index="0">
              <value>
                <![CDATA[public void TestClasses.ArraysDocClassFile.Array_invalid(java.lang.String) throws java.lang.Exception]]>
              </value>
            </param>
            <param index="1">
              <value>
                <![CDATA[[TestResult name=Array_invalid status=SUCCESS method=ArraysDocClassFile.Array_invalid(java.lang.String)[pri:0, instance:TestClasses.ArraysDocClassFile@34129c78] output={null}]]]>
              </value>
            </param>
          </params>
          <reporter-output>
          </reporter-output>
        </test-method> <!-- captureString -->
        <test-method is-config="true" signature="callingobjects(org.testng.ITestContext)[pri:0, instance:TestClasses.ArraysDocClassFile@34129c78]" started-at="2024-10-22T08:50:13 CDT" name="callingobjects" finished-at="2024-10-22T08:50:27 CDT" duration-ms="13594" status="PASS">
          <params>
            <param index="0">
              <value>
                <![CDATA[org.testng.TestRunner@5488b5c5]]>
              </value>
            </param>
          </params>
          <reporter-output>
          </reporter-output>
        </test-method> <!-- callingobjects -->
        <test-method signature="Array_invalid(java.lang.String)[pri:0, instance:TestClasses.ArraysDocClassFile@34129c78]" started-at="2024-10-22T08:50:27 CDT" name="Array_invalid" data-provider="Arraysdatapro" finished-at="2024-10-22T08:50:44 CDT" duration-ms="16921" status="PASS">
          <params>
            <param index="0">
              <value>
                <![CDATA[Applications of Array]]>
              </value>
            </param>
          </params>
          <reporter-output>
          </reporter-output>
        </test-method> <!-- Array_invalid -->
        <test-method is-config="true" signature="captureString(java.lang.reflect.Method,org.testng.ITestResult)[pri:0, instance:TestClasses.ArraysDocClassFile@34129c78]" started-at="2024-10-22T08:50:44 CDT" name="captureString" finished-at="2024-10-22T08:50:44 CDT" duration-ms="0" status="PASS">
          <params>
            <param index="0">
              <value>
                <![CDATA[public void TestClasses.ArraysDocClassFile.Array_invalid(java.lang.String) throws java.lang.Exception]]>
              </value>
            </param>
            <param index="1">
              <value>
                <![CDATA[[TestResult name=Array_invalid status=SUCCESS method=ArraysDocClassFile.Array_invalid(java.lang.String)[pri:0, instance:TestClasses.ArraysDocClassFile@34129c78] output={null}]]]>
              </value>
            </param>
          </params>
          <reporter-output>
          </reporter-output>
        </test-method> <!-- captureString -->
        <test-method is-config="true" signature="callingobjects(org.testng.ITestContext)[pri:0, instance:TestClasses.ArraysDocClassFile@34129c78]" started-at="2024-10-22T08:50:44 CDT" name="callingobjects" finished-at="2024-10-22T08:50:51 CDT" duration-ms="7563" status="PASS">
          <params>
            <param index="0">
              <value>
                <![CDATA[org.testng.TestRunner@5488b5c5]]>
              </value>
            </param>
          </params>
          <reporter-output>
          </reporter-output>
        </test-method> <!-- callingobjects -->
        <test-method signature="Array_valid(java.lang.String)[pri:0, instance:TestClasses.ArraysDocClassFile@34129c78]" started-at="2024-10-22T08:50:51 CDT" name="Array_valid" data-provider="Arraysdatapro" finished-at="2024-10-22T08:51:08 CDT" duration-ms="17199" status="PASS">
          <params>
            <param index="0">
              <value>
                <![CDATA[Arrays in Python]]>
              </value>
            </param>
          </params>
          <reporter-output>
          </reporter-output>
        </test-method> <!-- Array_valid -->
        <test-method is-config="true" signature="captureString(java.lang.reflect.Method,org.testng.ITestResult)[pri:0, instance:TestClasses.ArraysDocClassFile@34129c78]" started-at="2024-10-22T08:51:08 CDT" name="captureString" finished-at="2024-10-22T08:51:08 CDT" duration-ms="8" status="PASS">
          <params>
            <param index="0">
              <value>
                <![CDATA[public void TestClasses.ArraysDocClassFile.Array_valid(java.lang.String) throws java.lang.Exception]]>
              </value>
            </param>
            <param index="1">
              <value>
                <![CDATA[[TestResult name=Array_valid status=SUCCESS method=ArraysDocClassFile.Array_valid(java.lang.String)[pri:0, instance:TestClasses.ArraysDocClassFile@34129c78] output={null}]]]>
              </value>
            </param>
          </params>
          <reporter-output>
          </reporter-output>
        </test-method> <!-- captureString -->
        <test-method is-config="true" signature="callingobjects(org.testng.ITestContext)[pri:0, instance:TestClasses.ArraysDocClassFile@34129c78]" started-at="2024-10-22T08:51:08 CDT" name="callingobjects" finished-at="2024-10-22T08:51:14 CDT" duration-ms="5110" status="PASS">
          <params>
            <param index="0">
              <value>
                <![CDATA[org.testng.TestRunner@5488b5c5]]>
              </value>
            </param>
          </params>
          <reporter-output>
          </reporter-output>
        </test-method> <!-- callingobjects -->
        <test-method signature="Array_valid(java.lang.String)[pri:0, instance:TestClasses.ArraysDocClassFile@34129c78]" started-at="2024-10-22T08:51:14 CDT" name="Array_valid" data-provider="Arraysdatapro" finished-at="2024-10-22T08:51:35 CDT" duration-ms="21810" status="PASS">
          <params>
            <param index="0">
              <value>
                <![CDATA[Arrays Using List]]>
              </value>
            </param>
          </params>
          <reporter-output>
          </reporter-output>
        </test-method> <!-- Array_valid -->
        <test-method is-config="true" signature="captureString(java.lang.reflect.Method,org.testng.ITestResult)[pri:0, instance:TestClasses.ArraysDocClassFile@34129c78]" started-at="2024-10-22T08:51:35 CDT" name="captureString" finished-at="2024-10-22T08:51:35 CDT" duration-ms="1" status="PASS">
          <params>
            <param index="0">
              <value>
                <![CDATA[public void TestClasses.ArraysDocClassFile.Array_valid(java.lang.String) throws java.lang.Exception]]>
              </value>
            </param>
            <param index="1">
              <value>
                <![CDATA[[TestResult name=Array_valid status=SUCCESS method=ArraysDocClassFile.Array_valid(java.lang.String)[pri:0, instance:TestClasses.ArraysDocClassFile@34129c78] output={null}]]]>
              </value>
            </param>
          </params>
          <reporter-output>
          </reporter-output>
        </test-method> <!-- captureString -->
        <test-method is-config="true" signature="callingobjects(org.testng.ITestContext)[pri:0, instance:TestClasses.ArraysDocClassFile@34129c78]" started-at="2024-10-22T08:51:35 CDT" name="callingobjects" finished-at="2024-10-22T08:51:41 CDT" duration-ms="5983" status="PASS">
          <params>
            <param index="0">
              <value>
                <![CDATA[org.testng.TestRunner@5488b5c5]]>
              </value>
            </param>
          </params>
          <reporter-output>
          </reporter-output>
        </test-method> <!-- callingobjects -->
        <test-method signature="Array_valid(java.lang.String)[pri:0, instance:TestClasses.ArraysDocClassFile@34129c78]" started-at="2024-10-22T08:51:41 CDT" name="Array_valid" data-provider="Arraysdatapro" finished-at="2024-10-22T08:52:13 CDT" duration-ms="31628" status="PASS">
          <params>
            <param index="0">
              <value>
                <![CDATA[Basic Operations in Lists]]>
              </value>
            </param>
          </params>
          <reporter-output>
          </reporter-output>
        </test-method> <!-- Array_valid -->
        <test-method is-config="true" signature="captureString(java.lang.reflect.Method,org.testng.ITestResult)[pri:0, instance:TestClasses.ArraysDocClassFile@34129c78]" started-at="2024-10-22T08:52:13 CDT" name="captureString" finished-at="2024-10-22T08:52:13 CDT" duration-ms="0" status="PASS">
          <params>
            <param index="0">
              <value>
                <![CDATA[public void TestClasses.ArraysDocClassFile.Array_valid(java.lang.String) throws java.lang.Exception]]>
              </value>
            </param>
            <param index="1">
              <value>
                <![CDATA[[TestResult name=Array_valid status=SUCCESS method=ArraysDocClassFile.Array_valid(java.lang.String)[pri:0, instance:TestClasses.ArraysDocClassFile@34129c78] output={null}]]]>
              </value>
            </param>
          </params>
          <reporter-output>
          </reporter-output>
        </test-method> <!-- captureString -->
        <test-method is-config="true" signature="callingobjects(org.testng.ITestContext)[pri:0, instance:TestClasses.ArraysDocClassFile@34129c78]" started-at="2024-10-22T08:52:13 CDT" name="callingobjects" finished-at="2024-10-22T08:52:19 CDT" duration-ms="6034" status="PASS">
          <params>
            <param index="0">
              <value>
                <![CDATA[org.testng.TestRunner@5488b5c5]]>
              </value>
            </param>
          </params>
          <reporter-output>
          </reporter-output>
        </test-method> <!-- callingobjects -->
        <test-method signature="Array_valid(java.lang.String)[pri:0, instance:TestClasses.ArraysDocClassFile@34129c78]" started-at="2024-10-22T08:52:19 CDT" name="Array_valid" data-provider="Arraysdatapro" finished-at="2024-10-22T08:52:45 CDT" duration-ms="26255" status="PASS">
          <params>
            <param index="0">
              <value>
                <![CDATA[Applications of Array]]>
              </value>
            </param>
          </params>
          <reporter-output>
          </reporter-output>
        </test-method> <!-- Array_valid -->
        <test-method is-config="true" signature="captureString(java.lang.reflect.Method,org.testng.ITestResult)[pri:0, instance:TestClasses.ArraysDocClassFile@34129c78]" started-at="2024-10-22T08:52:45 CDT" name="captureString" finished-at="2024-10-22T08:52:45 CDT" duration-ms="6" status="PASS">
          <params>
            <param index="0">
              <value>
                <![CDATA[public void TestClasses.ArraysDocClassFile.Array_valid(java.lang.String) throws java.lang.Exception]]>
              </value>
            </param>
            <param index="1">
              <value>
                <![CDATA[[TestResult name=Array_valid status=SUCCESS method=ArraysDocClassFile.Array_valid(java.lang.String)[pri:0, instance:TestClasses.ArraysDocClassFile@34129c78] output={null}]]]>
              </value>
            </param>
          </params>
          <reporter-output>
          </reporter-output>
        </test-method> <!-- captureString -->
      </class> <!-- TestClasses.ArraysDocClassFile -->
    </test> <!-- Test1 -->
    <test started-at="2024-10-22T08:50:50 CDT" name="Test7" finished-at="2024-10-22T08:53:06 CDT" duration-ms="135970">
      <class name="TestClasses.StackClassFile">
        <test-method is-config="true" signature="callingobjects(org.testng.ITestContext)[pri:0, instance:TestClasses.StackClassFile@895e367]" started-at="2024-10-22T08:50:50 CDT" name="callingobjects" finished-at="2024-10-22T08:50:57 CDT" duration-ms="6904" status="PASS">
          <params>
            <param index="0">
              <value>
                <![CDATA[org.testng.TestRunner@45673f68]]>
              </value>
            </param>
          </params>
          <reporter-output>
          </reporter-output>
        </test-method> <!-- callingobjects -->
        <test-method signature="Valid_Stackpane(java.lang.String)[pri:1, instance:TestClasses.StackClassFile@895e367]" started-at="2024-10-22T08:50:57 CDT" name="Valid_Stackpane" data-provider="StacksTopics" finished-at="2024-10-22T08:51:23 CDT" duration-ms="26551" status="PASS">
          <params>
            <param index="0">
              <value>
                <![CDATA[Operations in Stack]]>
              </value>
            </param>
          </params>
          <reporter-output>
          </reporter-output>
        </test-method> <!-- Valid_Stackpane -->
        <test-method is-config="true" signature="captureString(java.lang.reflect.Method,org.testng.ITestResult)[pri:0, instance:TestClasses.StackClassFile@895e367]" started-at="2024-10-22T08:51:23 CDT" name="captureString" finished-at="2024-10-22T08:51:23 CDT" duration-ms="1" status="PASS">
          <params>
            <param index="0">
              <value>
                <![CDATA[public void TestClasses.StackClassFile.Valid_Stackpane(java.lang.String) throws java.lang.Exception]]>
              </value>
            </param>
            <param index="1">
              <value>
                <![CDATA[[TestResult name=Valid_Stackpane status=SUCCESS method=StackClassFile.Valid_Stackpane(java.lang.String)[pri:1, instance:TestClasses.StackClassFile@895e367] output={null}]]]>
              </value>
            </param>
          </params>
          <reporter-output>
          </reporter-output>
        </test-method> <!-- captureString -->
        <test-method is-config="true" signature="callingobjects(org.testng.ITestContext)[pri:0, instance:TestClasses.StackClassFile@895e367]" started-at="2024-10-22T08:51:23 CDT" name="callingobjects" finished-at="2024-10-22T08:51:30 CDT" duration-ms="6275" status="PASS">
          <params>
            <param index="0">
              <value>
                <![CDATA[org.testng.TestRunner@45673f68]]>
              </value>
            </param>
          </params>
          <reporter-output>
          </reporter-output>
        </test-method> <!-- callingobjects -->
        <test-method signature="Valid_Stackpane(java.lang.String)[pri:1, instance:TestClasses.StackClassFile@895e367]" started-at="2024-10-22T08:51:30 CDT" name="Valid_Stackpane" data-provider="StacksTopics" finished-at="2024-10-22T08:51:41 CDT" duration-ms="11781" status="PASS">
          <params>
            <param index="0">
              <value>
                <![CDATA[Implementation]]>
              </value>
            </param>
          </params>
          <reporter-output>
          </reporter-output>
        </test-method> <!-- Valid_Stackpane -->
        <test-method is-config="true" signature="captureString(java.lang.reflect.Method,org.testng.ITestResult)[pri:0, instance:TestClasses.StackClassFile@895e367]" started-at="2024-10-22T08:51:41 CDT" name="captureString" finished-at="2024-10-22T08:51:41 CDT" duration-ms="0" status="PASS">
          <params>
            <param index="0">
              <value>
                <![CDATA[public void TestClasses.StackClassFile.Valid_Stackpane(java.lang.String) throws java.lang.Exception]]>
              </value>
            </param>
            <param index="1">
              <value>
                <![CDATA[[TestResult name=Valid_Stackpane status=SUCCESS method=StackClassFile.Valid_Stackpane(java.lang.String)[pri:1, instance:TestClasses.StackClassFile@895e367] output={null}]]]>
              </value>
            </param>
          </params>
          <reporter-output>
          </reporter-output>
        </test-method> <!-- captureString -->
        <test-method is-config="true" signature="callingobjects(org.testng.ITestContext)[pri:0, instance:TestClasses.StackClassFile@895e367]" started-at="2024-10-22T08:51:41 CDT" name="callingobjects" finished-at="2024-10-22T08:51:50 CDT" duration-ms="8409" status="PASS">
          <params>
            <param index="0">
              <value>
                <![CDATA[org.testng.TestRunner@45673f68]]>
              </value>
            </param>
          </params>
          <reporter-output>
          </reporter-output>
        </test-method> <!-- callingobjects -->
        <test-method signature="Valid_Stackpane(java.lang.String)[pri:1, instance:TestClasses.StackClassFile@895e367]" started-at="2024-10-22T08:51:50 CDT" name="Valid_Stackpane" data-provider="StacksTopics" finished-at="2024-10-22T08:51:57 CDT" duration-ms="7054" status="PASS">
          <params>
            <param index="0">
              <value>
                <![CDATA[Applications]]>
              </value>
            </param>
          </params>
          <reporter-output>
          </reporter-output>
        </test-method> <!-- Valid_Stackpane -->
        <test-method is-config="true" signature="captureString(java.lang.reflect.Method,org.testng.ITestResult)[pri:0, instance:TestClasses.StackClassFile@895e367]" started-at="2024-10-22T08:51:57 CDT" name="captureString" finished-at="2024-10-22T08:51:57 CDT" duration-ms="0" status="PASS">
          <params>
            <param index="0">
              <value>
                <![CDATA[public void TestClasses.StackClassFile.Valid_Stackpane(java.lang.String) throws java.lang.Exception]]>
              </value>
            </param>
            <param index="1">
              <value>
                <![CDATA[[TestResult name=Valid_Stackpane status=SUCCESS method=StackClassFile.Valid_Stackpane(java.lang.String)[pri:1, instance:TestClasses.StackClassFile@895e367] output={null}]]]>
              </value>
            </param>
          </params>
          <reporter-output>
          </reporter-output>
        </test-method> <!-- captureString -->
        <test-method is-config="true" signature="callingobjects(org.testng.ITestContext)[pri:0, instance:TestClasses.StackClassFile@895e367]" started-at="2024-10-22T08:51:57 CDT" name="callingobjects" finished-at="2024-10-22T08:52:08 CDT" duration-ms="10677" status="PASS">
          <params>
            <param index="0">
              <value>
                <![CDATA[org.testng.TestRunner@45673f68]]>
              </value>
            </param>
          </params>
          <reporter-output>
          </reporter-output>
        </test-method> <!-- callingobjects -->
        <test-method signature="invalid_Stackpan(java.lang.String)[pri:2, instance:TestClasses.StackClassFile@895e367]" started-at="2024-10-22T08:52:08 CDT" name="invalid_Stackpan" data-provider="StacksTopics" finished-at="2024-10-22T08:52:15 CDT" duration-ms="7532" status="PASS">
          <params>
            <param index="0">
              <value>
                <![CDATA[Operations in Stack]]>
              </value>
            </param>
          </params>
          <reporter-output>
          </reporter-output>
        </test-method> <!-- invalid_Stackpan -->
        <test-method is-config="true" signature="captureString(java.lang.reflect.Method,org.testng.ITestResult)[pri:0, instance:TestClasses.StackClassFile@895e367]" started-at="2024-10-22T08:52:15 CDT" name="captureString" finished-at="2024-10-22T08:52:15 CDT" duration-ms="0" status="PASS">
          <params>
            <param index="0">
              <value>
                <![CDATA[public void TestClasses.StackClassFile.invalid_Stackpan(java.lang.String) throws java.lang.Exception]]>
              </value>
            </param>
            <param index="1">
              <value>
                <![CDATA[[TestResult name=invalid_Stackpan status=SUCCESS method=StackClassFile.invalid_Stackpan(java.lang.String)[pri:2, instance:TestClasses.StackClassFile@895e367] output={null}]]]>
              </value>
            </param>
          </params>
          <reporter-output>
          </reporter-output>
        </test-method> <!-- captureString -->
        <test-method is-config="true" signature="callingobjects(org.testng.ITestContext)[pri:0, instance:TestClasses.StackClassFile@895e367]" started-at="2024-10-22T08:52:15 CDT" name="callingobjects" finished-at="2024-10-22T08:52:22 CDT" duration-ms="6557" status="PASS">
          <params>
            <param index="0">
              <value>
                <![CDATA[org.testng.TestRunner@45673f68]]>
              </value>
            </param>
          </params>
          <reporter-output>
          </reporter-output>
        </test-method> <!-- callingobjects -->
        <test-method signature="invalid_Stackpan(java.lang.String)[pri:2, instance:TestClasses.StackClassFile@895e367]" started-at="2024-10-22T08:52:22 CDT" name="invalid_Stackpan" data-provider="StacksTopics" finished-at="2024-10-22T08:52:34 CDT" duration-ms="12574" status="PASS">
          <params>
            <param index="0">
              <value>
                <![CDATA[Implementation]]>
              </value>
            </param>
          </params>
          <reporter-output>
          </reporter-output>
        </test-method> <!-- invalid_Stackpan -->
        <test-method is-config="true" signature="captureString(java.lang.reflect.Method,org.testng.ITestResult)[pri:0, instance:TestClasses.StackClassFile@895e367]" started-at="2024-10-22T08:52:34 CDT" name="captureString" finished-at="2024-10-22T08:52:34 CDT" duration-ms="2" status="PASS">
          <params>
            <param index="0">
              <value>
                <![CDATA[public void TestClasses.StackClassFile.invalid_Stackpan(java.lang.String) throws java.lang.Exception]]>
              </value>
            </param>
            <param index="1">
              <value>
                <![CDATA[[TestResult name=invalid_Stackpan status=SUCCESS method=StackClassFile.invalid_Stackpan(java.lang.String)[pri:2, instance:TestClasses.StackClassFile@895e367] output={null}]]]>
              </value>
            </param>
          </params>
          <reporter-output>
          </reporter-output>
        </test-method> <!-- captureString -->
        <test-method is-config="true" signature="callingobjects(org.testng.ITestContext)[pri:0, instance:TestClasses.StackClassFile@895e367]" started-at="2024-10-22T08:52:34 CDT" name="callingobjects" finished-at="2024-10-22T08:52:41 CDT" duration-ms="6187" status="PASS">
          <params>
            <param index="0">
              <value>
                <![CDATA[org.testng.TestRunner@45673f68]]>
              </value>
            </param>
          </params>
          <reporter-output>
          </reporter-output>
        </test-method> <!-- callingobjects -->
        <test-method signature="invalid_Stackpan(java.lang.String)[pri:2, instance:TestClasses.StackClassFile@895e367]" started-at="2024-10-22T08:52:41 CDT" name="invalid_Stackpan" data-provider="StacksTopics" finished-at="2024-10-22T08:53:06 CDT" duration-ms="25187" status="PASS">
          <params>
            <param index="0">
              <value>
                <![CDATA[Applications]]>
              </value>
            </param>
          </params>
          <reporter-output>
          </reporter-output>
        </test-method> <!-- invalid_Stackpan -->
        <test-method is-config="true" signature="captureString(java.lang.reflect.Method,org.testng.ITestResult)[pri:0, instance:TestClasses.StackClassFile@895e367]" started-at="2024-10-22T08:53:06 CDT" name="captureString" finished-at="2024-10-22T08:53:06 CDT" duration-ms="0" status="PASS">
          <params>
            <param index="0">
              <value>
                <![CDATA[public void TestClasses.StackClassFile.invalid_Stackpan(java.lang.String) throws java.lang.Exception]]>
              </value>
            </param>
            <param index="1">
              <value>
                <![CDATA[[TestResult name=invalid_Stackpan status=SUCCESS method=StackClassFile.invalid_Stackpan(java.lang.String)[pri:2, instance:TestClasses.StackClassFile@895e367] output={null}]]]>
              </value>
            </param>
          </params>
          <reporter-output>
          </reporter-output>
        </test-method> <!-- captureString -->
      </class> <!-- TestClasses.StackClassFile -->
    </test> <!-- Test7 -->
    <test started-at="2024-10-22T08:49:09 CDT" name="Test5" finished-at="2024-10-22T08:53:37 CDT" duration-ms="268044">
      <class name="TestClasses.LinkedListFile">
        <test-method is-config="true" signature="callingobjects(org.testng.ITestContext)[pri:0, instance:TestClasses.LinkedListFile@42e25b0b]" started-at="2024-10-22T08:49:09 CDT" name="callingobjects" finished-at="2024-10-22T08:49:16 CDT" duration-ms="6998" status="PASS">
          <params>
            <param index="0">
              <value>
                <![CDATA[org.testng.TestRunner@54534abf]]>
              </value>
            </param>
          </params>
          <reporter-output>
          </reporter-output>
        </test-method> <!-- callingobjects -->
        <test-method signature="invalid_linked_list(java.lang.String)[pri:0, instance:TestClasses.LinkedListFile@42e25b0b]" started-at="2024-10-22T08:49:16 CDT" name="invalid_linked_list" data-provider="LinkedTopics" finished-at="2024-10-22T08:49:22 CDT" duration-ms="6318" status="PASS">
          <params>
            <param index="0">
              <value>
                <![CDATA[Introduction]]>
              </value>
            </param>
          </params>
          <reporter-output>
          </reporter-output>
        </test-method> <!-- invalid_linked_list -->
        <test-method is-config="true" signature="captureString(java.lang.reflect.Method,org.testng.ITestResult)[pri:0, instance:TestClasses.LinkedListFile@42e25b0b]" started-at="2024-10-22T08:49:22 CDT" name="captureString" finished-at="2024-10-22T08:49:22 CDT" duration-ms="5" status="PASS">
          <params>
            <param index="0">
              <value>
                <![CDATA[public void TestClasses.LinkedListFile.invalid_linked_list(java.lang.String) throws java.lang.Exception]]>
              </value>
            </param>
            <param index="1">
              <value>
                <![CDATA[[TestResult name=invalid_linked_list status=SUCCESS method=LinkedListFile.invalid_linked_list(java.lang.String)[pri:0, instance:TestClasses.LinkedListFile@42e25b0b] output={null}]]]>
              </value>
            </param>
          </params>
          <reporter-output>
          </reporter-output>
        </test-method> <!-- captureString -->
        <test-method is-config="true" signature="callingobjects(org.testng.ITestContext)[pri:0, instance:TestClasses.LinkedListFile@42e25b0b]" started-at="2024-10-22T08:49:22 CDT" name="callingobjects" finished-at="2024-10-22T08:49:29 CDT" duration-ms="6646" status="PASS">
          <params>
            <param index="0">
              <value>
                <![CDATA[org.testng.TestRunner@54534abf]]>
              </value>
            </param>
          </params>
          <reporter-output>
          </reporter-output>
        </test-method> <!-- callingobjects -->
        <test-method signature="invalid_linked_list(java.lang.String)[pri:0, instance:TestClasses.LinkedListFile@42e25b0b]" started-at="2024-10-22T08:49:29 CDT" name="invalid_linked_list" data-provider="LinkedTopics" finished-at="2024-10-22T08:49:36 CDT" duration-ms="6853" status="PASS">
          <params>
            <param index="0">
              <value>
                <![CDATA[Creating Linked LIst]]>
              </value>
            </param>
          </params>
          <reporter-output>
          </reporter-output>
        </test-method> <!-- invalid_linked_list -->
        <test-method is-config="true" signature="captureString(java.lang.reflect.Method,org.testng.ITestResult)[pri:0, instance:TestClasses.LinkedListFile@42e25b0b]" started-at="2024-10-22T08:49:36 CDT" name="captureString" finished-at="2024-10-22T08:49:36 CDT" duration-ms="4" status="PASS">
          <params>
            <param index="0">
              <value>
                <![CDATA[public void TestClasses.LinkedListFile.invalid_linked_list(java.lang.String) throws java.lang.Exception]]>
              </value>
            </param>
            <param index="1">
              <value>
                <![CDATA[[TestResult name=invalid_linked_list status=SUCCESS method=LinkedListFile.invalid_linked_list(java.lang.String)[pri:0, instance:TestClasses.LinkedListFile@42e25b0b] output={null}]]]>
              </value>
            </param>
          </params>
          <reporter-output>
          </reporter-output>
        </test-method> <!-- captureString -->
        <test-method is-config="true" signature="callingobjects(org.testng.ITestContext)[pri:0, instance:TestClasses.LinkedListFile@42e25b0b]" started-at="2024-10-22T08:49:36 CDT" name="callingobjects" finished-at="2024-10-22T08:49:42 CDT" duration-ms="6648" status="PASS">
          <params>
            <param index="0">
              <value>
                <![CDATA[org.testng.TestRunner@54534abf]]>
              </value>
            </param>
          </params>
          <reporter-output>
          </reporter-output>
        </test-method> <!-- callingobjects -->
        <test-method signature="invalid_linked_list(java.lang.String)[pri:0, instance:TestClasses.LinkedListFile@42e25b0b]" started-at="2024-10-22T08:49:42 CDT" name="invalid_linked_list" data-provider="LinkedTopics" finished-at="2024-10-22T08:50:02 CDT" duration-ms="20023" status="PASS">
          <params>
            <param index="0">
              <value>
                <![CDATA[Types of Linked List]]>
              </value>
            </param>
          </params>
          <reporter-output>
          </reporter-output>
        </test-method> <!-- invalid_linked_list -->
        <test-method is-config="true" signature="captureString(java.lang.reflect.Method,org.testng.ITestResult)[pri:0, instance:TestClasses.LinkedListFile@42e25b0b]" started-at="2024-10-22T08:50:02 CDT" name="captureString" finished-at="2024-10-22T08:50:02 CDT" duration-ms="4" status="PASS">
          <params>
            <param index="0">
              <value>
                <![CDATA[public void TestClasses.LinkedListFile.invalid_linked_list(java.lang.String) throws java.lang.Exception]]>
              </value>
            </param>
            <param index="1">
              <value>
                <![CDATA[[TestResult name=invalid_linked_list status=SUCCESS method=LinkedListFile.invalid_linked_list(java.lang.String)[pri:0, instance:TestClasses.LinkedListFile@42e25b0b] output={null}]]]>
              </value>
            </param>
          </params>
          <reporter-output>
          </reporter-output>
        </test-method> <!-- captureString -->
        <test-method is-config="true" signature="callingobjects(org.testng.ITestContext)[pri:0, instance:TestClasses.LinkedListFile@42e25b0b]" started-at="2024-10-22T08:50:02 CDT" name="callingobjects" finished-at="2024-10-22T08:50:10 CDT" duration-ms="7378" status="PASS">
          <params>
            <param index="0">
              <value>
                <![CDATA[org.testng.TestRunner@54534abf]]>
              </value>
            </param>
          </params>
          <reporter-output>
          </reporter-output>
        </test-method> <!-- callingobjects -->
        <test-method signature="invalid_linked_list(java.lang.String)[pri:0, instance:TestClasses.LinkedListFile@42e25b0b]" started-at="2024-10-22T08:50:10 CDT" name="invalid_linked_list" data-provider="LinkedTopics" finished-at="2024-10-22T08:50:14 CDT" duration-ms="4737" status="PASS">
          <params>
            <param index="0">
              <value>
                <![CDATA[Implement Linked List in Python]]>
              </value>
            </param>
          </params>
          <reporter-output>
          </reporter-output>
        </test-method> <!-- invalid_linked_list -->
        <test-method is-config="true" signature="captureString(java.lang.reflect.Method,org.testng.ITestResult)[pri:0, instance:TestClasses.LinkedListFile@42e25b0b]" started-at="2024-10-22T08:50:15 CDT" name="captureString" finished-at="2024-10-22T08:50:15 CDT" duration-ms="0" status="PASS">
          <params>
            <param index="0">
              <value>
                <![CDATA[public void TestClasses.LinkedListFile.invalid_linked_list(java.lang.String) throws java.lang.Exception]]>
              </value>
            </param>
            <param index="1">
              <value>
                <![CDATA[[TestResult name=invalid_linked_list status=SUCCESS method=LinkedListFile.invalid_linked_list(java.lang.String)[pri:0, instance:TestClasses.LinkedListFile@42e25b0b] output={null}]]]>
              </value>
            </param>
          </params>
          <reporter-output>
          </reporter-output>
        </test-method> <!-- captureString -->
        <test-method is-config="true" signature="callingobjects(org.testng.ITestContext)[pri:0, instance:TestClasses.LinkedListFile@42e25b0b]" started-at="2024-10-22T08:50:15 CDT" name="callingobjects" finished-at="2024-10-22T08:50:30 CDT" duration-ms="15474" status="PASS">
          <params>
            <param index="0">
              <value>
                <![CDATA[org.testng.TestRunner@54534abf]]>
              </value>
            </param>
          </params>
          <reporter-output>
          </reporter-output>
        </test-method> <!-- callingobjects -->
        <test-method signature="invalid_linked_list(java.lang.String)[pri:0, instance:TestClasses.LinkedListFile@42e25b0b]" started-at="2024-10-22T08:50:30 CDT" name="invalid_linked_list" data-provider="LinkedTopics" finished-at="2024-10-22T08:50:37 CDT" duration-ms="6702" status="PASS">
          <params>
            <param index="0">
              <value>
                <![CDATA[Traversal]]>
              </value>
            </param>
          </params>
          <reporter-output>
          </reporter-output>
        </test-method> <!-- invalid_linked_list -->
        <test-method is-config="true" signature="captureString(java.lang.reflect.Method,org.testng.ITestResult)[pri:0, instance:TestClasses.LinkedListFile@42e25b0b]" started-at="2024-10-22T08:50:37 CDT" name="captureString" finished-at="2024-10-22T08:50:37 CDT" duration-ms="0" status="PASS">
          <params>
            <param index="0">
              <value>
                <![CDATA[public void TestClasses.LinkedListFile.invalid_linked_list(java.lang.String) throws java.lang.Exception]]>
              </value>
            </param>
            <param index="1">
              <value>
                <![CDATA[[TestResult name=invalid_linked_list status=SUCCESS method=LinkedListFile.invalid_linked_list(java.lang.String)[pri:0, instance:TestClasses.LinkedListFile@42e25b0b] output={null}]]]>
              </value>
            </param>
          </params>
          <reporter-output>
          </reporter-output>
        </test-method> <!-- captureString -->
        <test-method is-config="true" signature="callingobjects(org.testng.ITestContext)[pri:0, instance:TestClasses.LinkedListFile@42e25b0b]" started-at="2024-10-22T08:50:37 CDT" name="callingobjects" finished-at="2024-10-22T08:50:44 CDT" duration-ms="7389" status="PASS">
          <params>
            <param index="0">
              <value>
                <![CDATA[org.testng.TestRunner@54534abf]]>
              </value>
            </param>
          </params>
          <reporter-output>
          </reporter-output>
        </test-method> <!-- callingobjects -->
        <test-method signature="invalid_linked_list(java.lang.String)[pri:0, instance:TestClasses.LinkedListFile@42e25b0b]" started-at="2024-10-22T08:50:44 CDT" name="invalid_linked_list" data-provider="LinkedTopics" finished-at="2024-10-22T08:50:58 CDT" duration-ms="13936" status="PASS">
          <params>
            <param index="0">
              <value>
                <![CDATA[Insertion]]>
              </value>
            </param>
          </params>
          <reporter-output>
          </reporter-output>
[...]
        <test-method is-config="true" signature="callingobjects(org.testng.ITestContext)[pri:0, instance:TestClasses.TreesClassFile@5456afaa]" started-at="2024-10-22T08:55:01 CDT" name="callingobjects" finished-at="2024-10-22T08:55:05 CDT" duration-ms="4876" status="PASS">
          <params>
            <param index="0">
              <value>
                <![CDATA[org.testng.TestRunner@27abb83e]]>
              </value>
            </param>
          </params>
          <reporter-output>
          </reporter-output>
        </test-method> <!-- callingobjects -->
        <test-method is-config="true" signature="captureString(java.lang.reflect.Method,org.testng.ITestResult)[pri:0, instance:TestClasses.TreesClassFile@5456afaa]" started-at="2024-10-22T08:55:01 CDT" name="captureString" finished-at="2024-10-22T08:55:01 CDT" duration-ms="0" status="PASS">
          <params>
            <param index="0">
              <value>
                <![CDATA[public void TestClasses.TreesClassFile.valid_trees_pane(java.lang.String) throws java.lang.Exception]]>
              </value>
            </param>
            <param index="1">
              <value>
                <![CDATA[[TestResult name=valid_trees_pane status=SUCCESS method=TreesClassFile.valid_trees_pane(java.lang.String)[pri:0, instance:TestClasses.TreesClassFile@5456afaa] output={null}]]]>
              </value>
            </param>
          </params>
          <reporter-output>
          </reporter-output>
        </test-method> <!-- captureString -->
        <test-method signature="valid_trees_pane(java.lang.String)[pri:0, instance:TestClasses.TreesClassFile@5456afaa]" started-at="2024-10-22T08:55:05 CDT" name="valid_trees_pane" data-provider="TreesTopics" finished-at="2024-10-22T08:55:08 CDT" duration-ms="2772" status="PASS">
          <params>
            <param index="0">
              <value>
                <![CDATA[Types of Trees]]>
              </value>
            </param>
          </params>
          <reporter-output>
          </reporter-output>
        </test-method> <!-- valid_trees_pane -->
        <test-method is-config="true" signature="captureString(java.lang.reflect.Method,org.testng.ITestResult)[pri:0, instance:TestClasses.TreesClassFile@5456afaa]" started-at="2024-10-22T08:55:08 CDT" name="captureString" finished-at="2024-10-22T08:55:08 CDT" duration-ms="8" status="PASS">
          <params>
            <param index="0">
              <value>
                <![CDATA[public void TestClasses.TreesClassFile.valid_trees_pane(java.lang.String) throws java.lang.Exception]]>
              </value>
            </param>
            <param index="1">
              <value>
                <![CDATA[[TestResult name=valid_trees_pane status=SUCCESS method=TreesClassFile.valid_trees_pane(java.lang.String)[pri:0, instance:TestClasses.TreesClassFile@5456afaa] output={null}]]]>
              </value>
            </param>
          </params>
          <reporter-output>
          </reporter-output>
        </test-method> <!-- captureString -->
        <test-method is-config="true" signature="callingobjects(org.testng.ITestContext)[pri:0, instance:TestClasses.TreesClassFile@5456afaa]" started-at="2024-10-22T08:55:08 CDT" name="callingobjects" finished-at="2024-10-22T08:55:13 CDT" duration-ms="5283" status="PASS">
          <params>
            <param index="0">
              <value>
                <![CDATA[org.testng.TestRunner@27abb83e]]>
              </value>
            </param>
          </params>
          <reporter-output>
          </reporter-output>
        </test-method> <!-- callingobjects -->
        <test-method signature="valid_trees_pane(java.lang.String)[pri:0, instance:TestClasses.TreesClassFile@5456afaa]" started-at="2024-10-22T08:55:13 CDT" name="valid_trees_pane" data-provider="TreesTopics" finished-at="2024-10-22T08:55:16 CDT" duration-ms="2644" status="PASS">
          <params>
            <param index="0">
              <value>
                <![CDATA[Tree Traversals]]>
              </value>
            </param>
          </params>
          <reporter-output>
          </reporter-output>
        </test-method> <!-- valid_trees_pane -->
        <test-method is-config="true" signature="captureString(java.lang.reflect.Method,org.testng.ITestResult)[pri:0, instance:TestClasses.TreesClassFile@5456afaa]" started-at="2024-10-22T08:55:16 CDT" name="captureString" finished-at="2024-10-22T08:55:16 CDT" duration-ms="4" status="PASS">
          <params>
            <param index="0">
              <value>
                <![CDATA[public void TestClasses.TreesClassFile.valid_trees_pane(java.lang.String) throws java.lang.Exception]]>
              </value>
            </param>
            <param index="1">
              <value>
                <![CDATA[[TestResult name=valid_trees_pane status=SUCCESS method=TreesClassFile.valid_trees_pane(java.lang.String)[pri:0, instance:TestClasses.TreesClassFile@5456afaa] output={null}]]]>
              </value>
            </param>
          </params>
          <reporter-output>
          </reporter-output>
        </test-method> <!-- captureString -->
        <test-method is-config="true" signature="callingobjects(org.testng.ITestContext)[pri:0, instance:TestClasses.TreesClassFile@5456afaa]" started-at="2024-10-22T08:55:16 CDT" name="callingobjects" finished-at="2024-10-22T08:55:22 CDT" duration-ms="5437" status="PASS">
          <params>
            <param index="0">
              <value>
                <![CDATA[org.testng.TestRunner@27abb83e]]>
              </value>
            </param>
          </params>
          <reporter-output>
          </reporter-output>
        </test-method> <!-- callingobjects -->
        <test-method signature="valid_trees_pane(java.lang.String)[pri:0, instance:TestClasses.TreesClassFile@5456afaa]" started-at="2024-10-22T08:55:22 CDT" name="valid_trees_pane" data-provider="TreesTopics" finished-at="2024-10-22T08:55:25 CDT" duration-ms="2984" status="PASS">
          <params>
            <param index="0">
              <value>
                <![CDATA[Traversals-Illustration]]>
              </value>
            </param>
          </params>
          <reporter-output>
          </reporter-output>
        </test-method> <!-- valid_trees_pane -->
        <test-method is-config="true" signature="captureString(java.lang.reflect.Method,org.testng.ITestResult)[pri:0, instance:TestClasses.TreesClassFile@5456afaa]" started-at="2024-10-22T08:55:25 CDT" name="captureString" finished-at="2024-10-22T08:55:25 CDT" duration-ms="6" status="PASS">
          <params>
            <param index="0">
              <value>
                <![CDATA[public void TestClasses.TreesClassFile.valid_trees_pane(java.lang.String) throws java.lang.Exception]]>
              </value>
            </param>
            <param index="1">
              <value>
                <![CDATA[[TestResult name=valid_trees_pane status=SUCCESS method=TreesClassFile.valid_trees_pane(java.lang.String)[pri:0, instance:TestClasses.TreesClassFile@5456afaa] output={null}]]]>
              </value>
            </param>
          </params>
          <reporter-output>
          </reporter-output>
        </test-method> <!-- captureString -->
        <test-method is-config="true" signature="callingobjects(org.testng.ITestContext)[pri:0, instance:TestClasses.TreesClassFile@5456afaa]" started-at="2024-10-22T08:55:25 CDT" name="callingobjects" finished-at="2024-10-22T08:55:30 CDT" duration-ms="4912" status="PASS">
          <params>
            <param index="0">
              <value>
                <![CDATA[org.testng.TestRunner@27abb83e]]>
              </value>
            </param>
          </params>
          <reporter-output>
          </reporter-output>
        </test-method> <!-- callingobjects -->
        <test-method signature="valid_trees_pane(java.lang.String)[pri:0, instance:TestClasses.TreesClassFile@5456afaa]" started-at="2024-10-22T08:55:30 CDT" name="valid_trees_pane" data-provider="TreesTopics" finished-at="2024-10-22T08:55:32 CDT" duration-ms="2461" status="PASS">
          <params>
            <param index="0">
              <value>
                <![CDATA[Binary Trees]]>
              </value>
            </param>
          </params>
          <reporter-output>
          </reporter-output>
        </test-method> <!-- valid_trees_pane -->
        <test-method is-config="true" signature="captureString(java.lang.reflect.Method,org.testng.ITestResult)[pri:0, instance:TestClasses.TreesClassFile@5456afaa]" started-at="2024-10-22T08:55:32 CDT" name="captureString" finished-at="2024-10-22T08:55:32 CDT" duration-ms="0" status="PASS">
          <params>
            <param index="0">
              <value>
                <![CDATA[public void TestClasses.TreesClassFile.valid_trees_pane(java.lang.String) throws java.lang.Exception]]>
              </value>
            </param>
            <param index="1">
              <value>
                <![CDATA[[TestResult name=valid_trees_pane status=SUCCESS method=TreesClassFile.valid_trees_pane(java.lang.String)[pri:0, instance:TestClasses.TreesClassFile@5456afaa] output={null}]]]>
              </value>
            </param>
          </params>
          <reporter-output>
          </reporter-output>
        </test-method> <!-- captureString -->
        <test-method is-config="true" signature="callingobjects(org.testng.ITestContext)[pri:0, instance:TestClasses.TreesClassFile@5456afaa]" started-at="2024-10-22T08:55:32 CDT" name="callingobjects" finished-at="2024-10-22T08:55:37 CDT" duration-ms="5018" status="PASS">
          <params>
            <param index="0">
              <value>
                <![CDATA[org.testng.TestRunner@27abb83e]]>
              </value>
            </param>
          </params>
          <reporter-output>
          </reporter-output>
        </test-method> <!-- callingobjects -->
        <test-method signature="valid_trees_pane(java.lang.String)[pri:0, instance:TestClasses.TreesClassFile@5456afaa]" started-at="2024-10-22T08:55:37 CDT" name="valid_trees_pane" data-provider="TreesTopics" finished-at="2024-10-22T08:55:40 CDT" duration-ms="2998" status="PASS">
          <params>
            <param index="0">
              <value>
                <![CDATA[Types of Binary Trees]]>
              </value>
            </param>
          </params>
          <reporter-output>
          </reporter-output>
        </test-method> <!-- valid_trees_pane -->
        <test-method is-config="true" signature="captureString(java.lang.reflect.Method,org.testng.ITestResult)[pri:0, instance:TestClasses.TreesClassFile@5456afaa]" started-at="2024-10-22T08:55:40 CDT" name="captureString" finished-at="2024-10-22T08:55:40 CDT" duration-ms="9" status="PASS">
          <params>
            <param index="0">
              <value>
                <![CDATA[public void TestClasses.TreesClassFile.valid_trees_pane(java.lang.String) throws java.lang.Exception]]>
              </value>
            </param>
            <param index="1">
              <value>
                <![CDATA[[TestResult name=valid_trees_pane status=SUCCESS method=TreesClassFile.valid_trees_pane(java.lang.String)[pri:0, instance:TestClasses.TreesClassFile@5456afaa] output={null}]]]>
              </value>
            </param>
          </params>
          <reporter-output>
          </reporter-output>
        </test-method> <!-- captureString -->
        <test-method is-config="true" signature="callingobjects(org.testng.ITestContext)[pri:0, instance:TestClasses.TreesClassFile@5456afaa]" started-at="2024-10-22T08:55:40 CDT" name="callingobjects" finished-at="2024-10-22T08:55:45 CDT" duration-ms="4959" status="PASS">
          <params>
            <param index="0">
              <value>
                <![CDATA[org.testng.TestRunner@27abb83e]]>
              </value>
            </param>
          </params>
          <reporter-output>
          </reporter-output>
        </test-method> <!-- callingobjects -->
        <test-method signature="valid_trees_pane(java.lang.String)[pri:0, instance:TestClasses.TreesClassFile@5456afaa]" started-at="2024-10-22T08:55:45 CDT" name="valid_trees_pane" data-provider="TreesTopics" finished-at="2024-10-22T08:55:48 CDT" duration-ms="3145" status="PASS">
          <params>
            <param index="0">
              <value>
                <![CDATA[Implementation in Python]]>
              </value>
            </param>
          </params>
          <reporter-output>
          </reporter-output>
        </test-method> <!-- valid_trees_pane -->
        <test-method is-config="true" signature="captureString(java.lang.reflect.Method,org.testng.ITestResult)[pri:0, instance:TestClasses.TreesClassFile@5456afaa]" started-at="2024-10-22T08:55:48 CDT" name="captureString" finished-at="2024-10-22T08:55:48 CDT" duration-ms="3" status="PASS">
          <params>
            <param index="0">
              <value>
                <![CDATA[public void TestClasses.TreesClassFile.valid_trees_pane(java.lang.String) throws java.lang.Exception]]>
              </value>
            </param>
            <param index="1">
              <value>
                <![CDATA[[TestResult name=valid_trees_pane status=SUCCESS method=TreesClassFile.valid_trees_pane(java.lang.String)[pri:0, instance:TestClasses.TreesClassFile@5456afaa] output={null}]]]>
              </value>
            </param>
          </params>
          <reporter-output>
          </reporter-output>
        </test-method> <!-- captureString -->
        <test-method is-config="true" signature="callingobjects(org.testng.ITestContext)[pri:0, instance:TestClasses.TreesClassFile@5456afaa]" started-at="2024-10-22T08:55:48 CDT" name="callingobjects" finished-at="2024-10-22T08:55:54 CDT" duration-ms="5505" status="PASS">
          <params>
            <param index="0">
              <value>
                <![CDATA[org.testng.TestRunner@27abb83e]]>
              </value>
            </param>
          </params>
          <reporter-output>
          </reporter-output>
        </test-method> <!-- callingobjects -->
        <test-method signature="valid_trees_pane(java.lang.String)[pri:0, instance:TestClasses.TreesClassFile@5456afaa]" started-at="2024-10-22T08:55:54 CDT" name="valid_trees_pane" data-provider="TreesTopics" finished-at="2024-10-22T08:55:57 CDT" duration-ms="2955" status="PASS">
          <params>
            <param index="0">
              <value>
                <![CDATA[Applications of Binary trees]]>
              </value>
            </param>
          </params>
          <reporter-output>
          </reporter-output>
        </test-method> <!-- valid_trees_pane -->
        <test-method is-config="true" signature="captureString(java.lang.reflect.Method,org.testng.ITestResult)[pri:0, instance:TestClasses.TreesClassFile@5456afaa]" started-at="2024-10-22T08:55:57 CDT" name="captureString" finished-at="2024-10-22T08:55:57 CDT" duration-ms="2" status="PASS">
          <params>
            <param index="0">
              <value>
                <![CDATA[public void TestClasses.TreesClassFile.valid_trees_pane(java.lang.String) throws java.lang.Exception]]>
              </value>
            </param>
            <param index="1">
              <value>
                <![CDATA[[TestResult name=valid_trees_pane status=SUCCESS method=TreesClassFile.valid_trees_pane(java.lang.String)[pri:0, instance:TestClasses.TreesClassFile@5456afaa] output={null}]]]>
              </value>
            </param>
          </params>
          <reporter-output>
          </reporter-output>
        </test-method> <!-- captureString -->
        <test-method is-config="true" signature="callingobjects(org.testng.ITestContext)[pri:0, instance:TestClasses.TreesClassFile@5456afaa]" started-at="2024-10-22T08:55:57 CDT" name="callingobjects" finished-at="2024-10-22T08:56:02 CDT" duration-ms="5272" status="PASS">
          <params>
            <param index="0">
              <value>
                <![CDATA[org.testng.TestRunner@27abb83e]]>
              </value>
            </param>
          </params>
          <reporter-output>
          </reporter-output>
        </test-method> <!-- callingobjects -->
        <test-method signature="valid_trees_pane(java.lang.String)[pri:0, instance:TestClasses.TreesClassFile@5456afaa]" started-at="2024-10-22T08:56:02 CDT" name="valid_trees_pane" data-provider="TreesTopics" finished-at="2024-10-22T08:56:05 CDT" duration-ms="3087" status="PASS">
          <params>
            <param index="0">
              <value>
                <![CDATA[Binary Search Trees]]>
              </value>
            </param>
          </params>
          <reporter-output>
          </reporter-output>
        </test-method> <!-- valid_trees_pane -->
        <test-method is-config="true" signature="captureString(java.lang.reflect.Method,org.testng.ITestResult)[pri:0, instance:TestClasses.TreesClassFile@5456afaa]" started-at="2024-10-22T08:56:05 CDT" name="captureString" finished-at="2024-10-22T08:56:05 CDT" duration-ms="0" status="PASS">
          <params>
            <param index="0">
              <value>
                <![CDATA[public void TestClasses.TreesClassFile.valid_trees_pane(java.lang.String) throws java.lang.Exception]]>
              </value>
            </param>
            <param index="1">
              <value>
                <![CDATA[[TestResult name=valid_trees_pane status=SUCCESS method=TreesClassFile.valid_trees_pane(java.lang.String)[pri:0, instance:TestClasses.TreesClassFile@5456afaa] output={null}]]]>
              </value>
            </param>
          </params>
          <reporter-output>
          </reporter-output>
        </test-method> <!-- captureString -->
        <test-method is-config="true" signature="callingobjects(org.testng.ITestContext)[pri:0, instance:TestClasses.TreesClassFile@5456afaa]" started-at="2024-10-22T08:56:05 CDT" name="callingobjects" finished-at="2024-10-22T08:56:10 CDT" duration-ms="5283" status="PASS">
          <params>
            <param index="0">
              <value>
                <![CDATA[org.testng.TestRunner@27abb83e]]>
              </value>
            </param>
          </params>
          <reporter-output>
          </reporter-output>
        </test-method> <!-- callingobjects -->
        <test-method signature="valid_trees_pane(java.lang.String)[pri:0, instance:TestClasses.TreesClassFile@5456afaa]" started-at="2024-10-22T08:56:10 CDT" name="valid_trees_pane" data-provider="TreesTopics" finished-at="2024-10-22T08:56:13 CDT" duration-ms="3027" status="PASS">
          <params>
            <param index="0">
              <value>
                <![CDATA[Implementation Of BST]]>
              </value>
            </param>
          </params>
          <reporter-output>
          </reporter-output>
        </test-method> <!-- valid_trees_pane -->
        <test-method is-config="true" signature="captureString(java.lang.reflect.Method,org.testng.ITestResult)[pri:0, instance:TestClasses.TreesClassFile@5456afaa]" started-at="2024-10-22T08:56:13 CDT" name="captureString" finished-at="2024-10-22T08:56:13 CDT" duration-ms="0" status="PASS">
          <params>
            <param index="0">
              <value>
                <![CDATA[public void TestClasses.TreesClassFile.valid_trees_pane(java.lang.String) throws java.lang.Exception]]>
              </value>
            </param>
            <param index="1">
              <value>
                <![CDATA[[TestResult name=valid_trees_pane status=SUCCESS method=TreesClassFile.valid_trees_pane(java.lang.String)[pri:0, instance:TestClasses.TreesClassFile@5456afaa] output={null}]]]>
              </value>
            </param>
          </params>
          <reporter-output>
          </reporter-output>
        </test-method> <!-- captureString -->
      </class> <!-- TestClasses.TreesClassFile -->
    </test> <!-- Test8 -->
  </suite> <!-- Suite -->
</testng-results>
